This is pdfTeX, Version 3.14159265-2.6-1.40.17 (TeX Live 2016/Debian) (preloaded format=pdflatex 2017.10.13)  15 OCT 2017 01:07
entering extended mode
 restricted \write18 enabled.
 %&-line parsing enabled.
**report.tex
(./report.tex
LaTeX2e <2017/01/01> patch level 3
Babel <3.9r> and hyphenation patterns for 5 language(s) loaded.
(/usr/share/texlive/texmf-dist/tex/latex/base/article.cls
Document Class: article 2014/09/29 v1.4h Standard LaTeX document class
(/usr/share/texlive/texmf-dist/tex/latex/base/size10.clo
File: size10.clo 2014/09/29 v1.4h Standard LaTeX file (size option)
)
\c@part=\count79
\c@section=\count80
\c@subsection=\count81
\c@subsubsection=\count82
\c@paragraph=\count83
\c@subparagraph=\count84
\c@figure=\count85
\c@table=\count86
\abovecaptionskip=\skip41
\belowcaptionskip=\skip42
\bibindent=\dimen102
)
(/usr/share/texlive/texmf-dist/tex/latex/graphics/graphicx.sty
Package: graphicx 2014/10/28 v1.0g Enhanced LaTeX Graphics (DPC,SPQR)

(/usr/share/texlive/texmf-dist/tex/latex/graphics/keyval.sty
Package: keyval 2014/10/28 v1.15 key=value parser (DPC)
\KV@toks@=\toks14
)
(/usr/share/texlive/texmf-dist/tex/latex/graphics/graphics.sty
Package: graphics 2016/10/09 v1.0u Standard LaTeX Graphics (DPC,SPQR)

(/usr/share/texlive/texmf-dist/tex/latex/graphics/trig.sty
Package: trig 2016/01/03 v1.10 sin cos tan (DPC)
)
(/usr/share/texlive/texmf-dist/tex/latex/graphics-cfg/graphics.cfg
File: graphics.cfg 2016/06/04 v1.11 sample graphics configuration
)
Package graphics Info: Driver file: pdftex.def on input line 99.

(/usr/share/texlive/texmf-dist/tex/latex/graphics-def/pdftex.def
File: pdftex.def 2017/01/12 v0.06k Graphics/color for pdfTeX

(/usr/share/texlive/texmf-dist/tex/generic/oberdiek/infwarerr.sty
Package: infwarerr 2016/05/16 v1.4 Providing info/warning/error messages (HO)
)
(/usr/share/texlive/texmf-dist/tex/generic/oberdiek/ltxcmds.sty
Package: ltxcmds 2016/05/16 v1.23 LaTeX kernel commands for general use (HO)
)
\Gread@gobject=\count87
))
\Gin@req@height=\dimen103
\Gin@req@width=\dimen104
)
(/usr/share/texlive/texmf-dist/tex/latex/geometry/geometry.sty
Package: geometry 2010/09/12 v5.6 Page Geometry

(/usr/share/texlive/texmf-dist/tex/generic/oberdiek/ifpdf.sty
Package: ifpdf 2016/05/14 v3.1 Provides the ifpdf switch
)
(/usr/share/texlive/texmf-dist/tex/generic/oberdiek/ifvtex.sty
Package: ifvtex 2016/05/16 v1.6 Detect VTeX and its facilities (HO)
Package ifvtex Info: VTeX not detected.
)
(/usr/share/texlive/texmf-dist/tex/generic/ifxetex/ifxetex.sty
Package: ifxetex 2010/09/12 v0.6 Provides ifxetex conditional
)
\Gm@cnth=\count88
\Gm@cntv=\count89
\c@Gm@tempcnt=\count90
\Gm@bindingoffset=\dimen105
\Gm@wd@mp=\dimen106
\Gm@odd@mp=\dimen107
\Gm@even@mp=\dimen108
\Gm@layoutwidth=\dimen109
\Gm@layoutheight=\dimen110
\Gm@layouthoffset=\dimen111
\Gm@layoutvoffset=\dimen112
\Gm@dimlist=\toks15
)
No file report.aux.
\openout1 = `report.aux'.

LaTeX Font Info:    Checking defaults for OML/cmm/m/it on input line 7.
LaTeX Font Info:    ... okay on input line 7.
LaTeX Font Info:    Checking defaults for T1/cmr/m/n on input line 7.
LaTeX Font Info:    ... okay on input line 7.
LaTeX Font Info:    Checking defaults for OT1/cmr/m/n on input line 7.
LaTeX Font Info:    ... okay on input line 7.
LaTeX Font Info:    Checking defaults for OMS/cmsy/m/n on input line 7.
LaTeX Font Info:    ... okay on input line 7.
LaTeX Font Info:    Checking defaults for OMX/cmex/m/n on input line 7.
LaTeX Font Info:    ... okay on input line 7.
LaTeX Font Info:    Checking defaults for U/cmr/m/n on input line 7.
LaTeX Font Info:    ... okay on input line 7.
(/usr/share/texlive/texmf-dist/tex/context/base/mkii/supp-pdf.mkii
[Loading MPS to PDF converter (version 2006.09.02).]
\scratchcounter=\count91
\scratchdimen=\dimen113
\scratchbox=\box26
\nofMPsegments=\count92
\nofMParguments=\count93
\everyMPshowfont=\toks16
\MPscratchCnt=\count94
\MPscratchDim=\dimen114
\MPnumerator=\count95
\makeMPintoPDFobject=\count96
\everyMPtoPDFconversion=\toks17
) (/usr/share/texlive/texmf-dist/tex/generic/oberdiek/pdftexcmds.sty
Package: pdftexcmds 2016/05/21 v0.22 Utility functions of pdfTeX for LuaTeX (HO
)

(/usr/share/texlive/texmf-dist/tex/generic/oberdiek/ifluatex.sty
Package: ifluatex 2016/05/16 v1.4 Provides the ifluatex switch (HO)
Package ifluatex Info: LuaTeX not detected.
)
Package pdftexcmds Info: LuaTeX not detected.
Package pdftexcmds Info: \pdf@primitive is available.
Package pdftexcmds Info: \pdf@ifprimitive is available.
Package pdftexcmds Info: \pdfdraftmode found.
)
(/usr/share/texlive/texmf-dist/tex/latex/oberdiek/epstopdf-base.sty
Package: epstopdf-base 2016/05/15 v2.6 Base part for package epstopdf

(/usr/share/texlive/texmf-dist/tex/latex/oberdiek/grfext.sty
Package: grfext 2016/05/16 v1.2 Manage graphics extensions (HO)

(/usr/share/texlive/texmf-dist/tex/generic/oberdiek/kvdefinekeys.sty
Package: kvdefinekeys 2016/05/16 v1.4 Define keys (HO)
))
(/usr/share/texlive/texmf-dist/tex/latex/oberdiek/kvoptions.sty
Package: kvoptions 2016/05/16 v3.12 Key value format for package options (HO)

(/usr/share/texlive/texmf-dist/tex/generic/oberdiek/kvsetkeys.sty
Package: kvsetkeys 2016/05/16 v1.17 Key value parser (HO)

(/usr/share/texlive/texmf-dist/tex/generic/oberdiek/etexcmds.sty
Package: etexcmds 2016/05/16 v1.6 Avoid name clashes with e-TeX commands (HO)
Package etexcmds Info: Could not find \expanded.
(etexcmds)             That can mean that you are not using pdfTeX 1.50 or
(etexcmds)             that some package has redefined \expanded.
(etexcmds)             In the latter case, load this package earlier.
)))
Package epstopdf-base Info: Redefining graphics rule for `.eps' on input line 4
38.
Package grfext Info: Graphics extension search list:
(grfext)             [.png,.pdf,.jpg,.mps,.jpeg,.jbig2,.jb2,.PNG,.PDF,.JPG,.JPE
G,.JBIG2,.JB2,.eps]
(grfext)             \AppendGraphicsExtensions on input line 456.

(/usr/share/texlive/texmf-dist/tex/latex/latexconfig/epstopdf-sys.cfg
File: epstopdf-sys.cfg 2010/07/13 v1.3 Configuration of (r)epstopdf for TeX Liv
e
))
*geometry* driver: auto-detecting
*geometry* detected driver: pdftex
*geometry* verbose mode - [ preamble ] result:
* driver: pdftex
* paper: <default>
* layout: <same size as paper>
* layoutoffset:(h,v)=(0.0pt,0.0pt)
* modes: 
* h-part:(L,W,R)=(2.84526pt, 608.60448pt, 2.84526pt)
* v-part:(T,H,B)=(2.84526pt, 789.27946pt, 2.84526pt)
* \paperwidth=614.295pt
* \paperheight=794.96999pt
* \textwidth=608.60448pt
* \textheight=789.27946pt
* \oddsidemargin=-69.42473pt
* \evensidemargin=-69.42473pt
* \topmargin=-106.42473pt
* \headheight=12.0pt
* \headsep=25.0pt
* \topskip=10.0pt
* \footskip=30.0pt
* \marginparwidth=65.0pt
* \marginparsep=11.0pt
* \columnsep=10.0pt
* \skip\footins=9.0pt plus 4.0pt minus 2.0pt
* \hoffset=0.0pt
* \voffset=0.0pt
* \mag=1000
* \@twocolumnfalse
* \@twosidefalse
* \@mparswitchfalse
* \@reversemarginfalse
* (1in=72.27pt=25.4mm, 1cm=28.453pt)


Overfull \hbox (1.95277pt too wide) in paragraph at lines 31--81
\OT1/cmr/m/n/10 0.78102236, -0.03262928, 0.06260574], [ 0.62191342, -0.02904465
, 0.07335479], [ 0.56657401, 0.12354415, 0.10093015], [ 0.77627521, 0.01241071,

 []


Overfull \hbox (5.2861pt too wide) in paragraph at lines 31--81
\OT1/cmr/m/n/10 0.71758031, 0.11591578, -0.08403868], [ 0.60486508, -0.02774547
, -0.05131848], [ 0.64058754, 0.01154437, 0.10134944], [ 0.62177454, 0.00587047
,
 []


Overfull \hbox (8.06389pt too wide) in paragraph at lines 31--81
\OT1/cmr/m/n/10 0.08111951, 0.03194128], [ 0.69906798, -0.04454306, -0.00504798
], [ 0.73438857, 0.04896799, 0.08894455], [ 0.71438671, -0.06152548, 0.00553765
],
 []


Overfull \hbox (1.39717pt too wide) in paragraph at lines 31--81
\OT1/cmr/m/n/10 [ 0.81190034, 0.01177685, 0.00636737], [ 0.7787008 , 0.03023102
, 0.01403496], [ 0.90656878, -0.1221045 , -0.00435753], [ 0.94127148, 0.0227374
4,
 []

<control_fid_0.png, id=1, 462.528pt x 346.896pt>
File: control_fid_0.png Graphic file (type png)
 <use control_fid_0.png>
Package pdftex.def Info: control_fid_0.png used on input line 82.
(pdftex.def)             Requested size: 416.27133pt x 312.2035pt.

<off_diag_0.png, id=3, 462.528pt x 346.896pt>
File: off_diag_0.png Graphic file (type png)
 <use off_diag_0.png>
Package pdftex.def Info: off_diag_0.png used on input line 83.
(pdftex.def)             Requested size: 416.27133pt x 312.2035pt.

<control_fid_1.png, id=4, 462.528pt x 346.896pt>
File: control_fid_1.png Graphic file (type png)
 <use control_fid_1.png>
Package pdftex.def Info: control_fid_1.png used on input line 84.
(pdftex.def)             Requested size: 416.27133pt x 312.2035pt.

<off_diag_1.png, id=5, 462.528pt x 346.896pt>
File: off_diag_1.png Graphic file (type png)
 <use off_diag_1.png>
Package pdftex.def Info: off_diag_1.png used on input line 85.
(pdftex.def)             Requested size: 416.27133pt x 312.2035pt.

<control_fid_2.png, id=6, 462.528pt x 346.896pt>
File: control_fid_2.png Graphic file (type png)
 <use control_fid_2.png>
Package pdftex.def Info: control_fid_2.png used on input line 86.
(pdftex.def)             Requested size: 416.27133pt x 312.2035pt.

<off_diag_2.png, id=7, 462.528pt x 346.896pt>
File: off_diag_2.png Graphic file (type png)
 <use off_diag_2.png>
Package pdftex.def Info: off_diag_2.png used on input line 87.
(pdftex.def)             Requested size: 416.27133pt x 312.2035pt.

<control_fid_3.png, id=8, 462.528pt x 346.896pt>
File: control_fid_3.png Graphic file (type png)
 <use control_fid_3.png>
Package pdftex.def Info: control_fid_3.png used on input line 88.
(pdftex.def)             Requested size: 416.27133pt x 312.2035pt.

<off_diag_3.png, id=9, 462.528pt x 346.896pt>
File: off_diag_3.png Graphic file (type png)
 <use off_diag_3.png>
Package pdftex.def Info: off_diag_3.png used on input line 89.
(pdftex.def)             Requested size: 416.27133pt x 312.2035pt.
 [1

{/var/lib/texmf/fonts/map/pdftex/updmap/pdftex.map} <./control_fid_0.png>] [2 <
./off_diag_0.png> <./control_fid_1.png>] [3 <./off_diag_1.png> <./control_fid_2
.png>]
[4 <./off_diag_2.png> <./control_fid_3.png>] [5 <./off_diag_3.png>]
(./report.aux) ) 
Here is how much of TeX's memory you used:
 1977 strings out of 494902
 28724 string characters out of 6179890
 90651 words of memory out of 5000000
 5282 multiletter control sequences out of 15000+600000
 3640 words of font info for 14 fonts, out of 8000000 for 9000
 36 hyphenation exceptions out of 8191
 39i,5n,32p,251b,176s stack positions out of 5000i,500n,10000p,200000b,80000s
</usr/share/texlive/texmf-dist/fonts/type1/public/amsfonts/cm/c
mr10.pfb>
Output written on report.pdf (5 pages, 236659 bytes).
PDF statistics:
 41 PDF objects out of 1000 (max. 8388607)
 16 compressed objects within 1 object stream
 0 named destinations out of 1000 (max. 500000)
 41 words of extra memory for PDF output out of 10000 (max. 10000000)

