This is pdfTeX, Version 3.14159265-2.6-1.40.17 (TeX Live 2016/Debian) (preloaded format=pdflatex 2017.10.13)  23 OCT 2017 23:51
entering extended mode
 restricted \write18 enabled.
 %&-line parsing enabled.
**report.tex
(./report.tex
LaTeX2e <2017/01/01> patch level 3
Babel <3.9r> and hyphenation patterns for 5 language(s) loaded.
(/usr/share/texlive/texmf-dist/tex/latex/base/article.cls
Document Class: article 2014/09/29 v1.4h Standard LaTeX document class
(/usr/share/texlive/texmf-dist/tex/latex/base/size10.clo
File: size10.clo 2014/09/29 v1.4h Standard LaTeX file (size option)
)
\c@part=\count79
\c@section=\count80
\c@subsection=\count81
\c@subsubsection=\count82
\c@paragraph=\count83
\c@subparagraph=\count84
\c@figure=\count85
\c@table=\count86
\abovecaptionskip=\skip41
\belowcaptionskip=\skip42
\bibindent=\dimen102
)
(/usr/share/texlive/texmf-dist/tex/latex/graphics/graphicx.sty
Package: graphicx 2014/10/28 v1.0g Enhanced LaTeX Graphics (DPC,SPQR)

(/usr/share/texlive/texmf-dist/tex/latex/graphics/keyval.sty
Package: keyval 2014/10/28 v1.15 key=value parser (DPC)
\KV@toks@=\toks14
)
(/usr/share/texlive/texmf-dist/tex/latex/graphics/graphics.sty
Package: graphics 2016/10/09 v1.0u Standard LaTeX Graphics (DPC,SPQR)

(/usr/share/texlive/texmf-dist/tex/latex/graphics/trig.sty
Package: trig 2016/01/03 v1.10 sin cos tan (DPC)
)
(/usr/share/texlive/texmf-dist/tex/latex/graphics-cfg/graphics.cfg
File: graphics.cfg 2016/06/04 v1.11 sample graphics configuration
)
Package graphics Info: Driver file: pdftex.def on input line 99.

(/usr/share/texlive/texmf-dist/tex/latex/graphics-def/pdftex.def
File: pdftex.def 2017/01/12 v0.06k Graphics/color for pdfTeX

(/usr/share/texlive/texmf-dist/tex/generic/oberdiek/infwarerr.sty
Package: infwarerr 2016/05/16 v1.4 Providing info/warning/error messages (HO)
)
(/usr/share/texlive/texmf-dist/tex/generic/oberdiek/ltxcmds.sty
Package: ltxcmds 2016/05/16 v1.23 LaTeX kernel commands for general use (HO)
)
\Gread@gobject=\count87
))
\Gin@req@height=\dimen103
\Gin@req@width=\dimen104
)
(/usr/share/texlive/texmf-dist/tex/latex/geometry/geometry.sty
Package: geometry 2010/09/12 v5.6 Page Geometry

(/usr/share/texlive/texmf-dist/tex/generic/oberdiek/ifpdf.sty
Package: ifpdf 2016/05/14 v3.1 Provides the ifpdf switch
)
(/usr/share/texlive/texmf-dist/tex/generic/oberdiek/ifvtex.sty
Package: ifvtex 2016/05/16 v1.6 Detect VTeX and its facilities (HO)
Package ifvtex Info: VTeX not detected.
)
(/usr/share/texlive/texmf-dist/tex/generic/ifxetex/ifxetex.sty
Package: ifxetex 2010/09/12 v0.6 Provides ifxetex conditional
)
\Gm@cnth=\count88
\Gm@cntv=\count89
\c@Gm@tempcnt=\count90
\Gm@bindingoffset=\dimen105
\Gm@wd@mp=\dimen106
\Gm@odd@mp=\dimen107
\Gm@even@mp=\dimen108
\Gm@layoutwidth=\dimen109
\Gm@layoutheight=\dimen110
\Gm@layouthoffset=\dimen111
\Gm@layoutvoffset=\dimen112
\Gm@dimlist=\toks15
)
No file report.aux.
\openout1 = `report.aux'.

LaTeX Font Info:    Checking defaults for OML/cmm/m/it on input line 7.
LaTeX Font Info:    ... okay on input line 7.
LaTeX Font Info:    Checking defaults for T1/cmr/m/n on input line 7.
LaTeX Font Info:    ... okay on input line 7.
LaTeX Font Info:    Checking defaults for OT1/cmr/m/n on input line 7.
LaTeX Font Info:    ... okay on input line 7.
LaTeX Font Info:    Checking defaults for OMS/cmsy/m/n on input line 7.
LaTeX Font Info:    ... okay on input line 7.
LaTeX Font Info:    Checking defaults for OMX/cmex/m/n on input line 7.
LaTeX Font Info:    ... okay on input line 7.
LaTeX Font Info:    Checking defaults for U/cmr/m/n on input line 7.
LaTeX Font Info:    ... okay on input line 7.
(/usr/share/texlive/texmf-dist/tex/context/base/mkii/supp-pdf.mkii
[Loading MPS to PDF converter (version 2006.09.02).]
\scratchcounter=\count91
\scratchdimen=\dimen113
\scratchbox=\box26
\nofMPsegments=\count92
\nofMParguments=\count93
\everyMPshowfont=\toks16
\MPscratchCnt=\count94
\MPscratchDim=\dimen114
\MPnumerator=\count95
\makeMPintoPDFobject=\count96
\everyMPtoPDFconversion=\toks17
) (/usr/share/texlive/texmf-dist/tex/generic/oberdiek/pdftexcmds.sty
Package: pdftexcmds 2016/05/21 v0.22 Utility functions of pdfTeX for LuaTeX (HO
)

(/usr/share/texlive/texmf-dist/tex/generic/oberdiek/ifluatex.sty
Package: ifluatex 2016/05/16 v1.4 Provides the ifluatex switch (HO)
Package ifluatex Info: LuaTeX not detected.
)
Package pdftexcmds Info: LuaTeX not detected.
Package pdftexcmds Info: \pdf@primitive is available.
Package pdftexcmds Info: \pdf@ifprimitive is available.
Package pdftexcmds Info: \pdfdraftmode found.
)
(/usr/share/texlive/texmf-dist/tex/latex/oberdiek/epstopdf-base.sty
Package: epstopdf-base 2016/05/15 v2.6 Base part for package epstopdf

(/usr/share/texlive/texmf-dist/tex/latex/oberdiek/grfext.sty
Package: grfext 2016/05/16 v1.2 Manage graphics extensions (HO)

(/usr/share/texlive/texmf-dist/tex/generic/oberdiek/kvdefinekeys.sty
Package: kvdefinekeys 2016/05/16 v1.4 Define keys (HO)
))
(/usr/share/texlive/texmf-dist/tex/latex/oberdiek/kvoptions.sty
Package: kvoptions 2016/05/16 v3.12 Key value format for package options (HO)

(/usr/share/texlive/texmf-dist/tex/generic/oberdiek/kvsetkeys.sty
Package: kvsetkeys 2016/05/16 v1.17 Key value parser (HO)

(/usr/share/texlive/texmf-dist/tex/generic/oberdiek/etexcmds.sty
Package: etexcmds 2016/05/16 v1.6 Avoid name clashes with e-TeX commands (HO)
Package etexcmds Info: Could not find \expanded.
(etexcmds)             That can mean that you are not using pdfTeX 1.50 or
(etexcmds)             that some package has redefined \expanded.
(etexcmds)             In the latter case, load this package earlier.
)))
Package epstopdf-base Info: Redefining graphics rule for `.eps' on input line 4
38.
Package grfext Info: Graphics extension search list:
(grfext)             [.png,.pdf,.jpg,.mps,.jpeg,.jbig2,.jb2,.PNG,.PDF,.JPG,.JPE
G,.JBIG2,.JB2,.eps]
(grfext)             \AppendGraphicsExtensions on input line 456.

(/usr/share/texlive/texmf-dist/tex/latex/latexconfig/epstopdf-sys.cfg
File: epstopdf-sys.cfg 2010/07/13 v1.3 Configuration of (r)epstopdf for TeX Liv
e
))
*geometry* driver: auto-detecting
*geometry* detected driver: pdftex
*geometry* verbose mode - [ preamble ] result:
* driver: pdftex
* paper: <default>
* layout: <same size as paper>
* layoutoffset:(h,v)=(0.0pt,0.0pt)
* modes: 
* h-part:(L,W,R)=(2.84526pt, 608.60448pt, 2.84526pt)
* v-part:(T,H,B)=(2.84526pt, 789.27946pt, 2.84526pt)
* \paperwidth=614.295pt
* \paperheight=794.96999pt
* \textwidth=608.60448pt
* \textheight=789.27946pt
* \oddsidemargin=-69.42473pt
* \evensidemargin=-69.42473pt
* \topmargin=-106.42473pt
* \headheight=12.0pt
* \headsep=25.0pt
* \topskip=10.0pt
* \footskip=30.0pt
* \marginparwidth=65.0pt
* \marginparsep=11.0pt
* \columnsep=10.0pt
* \skip\footins=9.0pt plus 4.0pt minus 2.0pt
* \hoffset=0.0pt
* \voffset=0.0pt
* \mag=1000
* \@twocolumnfalse
* \@twosidefalse
* \@mparswitchfalse
* \@reversemarginfalse
* (1in=72.27pt=25.4mm, 1cm=28.453pt)


Overfull \hbox (4.17497pt too wide) in paragraph at lines 47--4948
\OT1/cmr/m/n/10 [ 0.78103309, -0.0326629 , 0.06260634], [ 0.62192502, -0.029078
33, 0.07335581], [ 0.56659259, 0.12351681, 0.10093174], [ 0.77628669, 0.0123866
8,
 []


Overfull \hbox (2.5083pt too wide) in paragraph at lines 47--4948
\OT1/cmr/m/n/10 0.71758033, 0.11590069, -0.08403925], [ 0.60487552, -0.02776085
, -0.0513183 ], [ 0.64059455, 0.01153021, 0.10134932], [ 0.62178956, 0.00585788
,
 []


Overfull \hbox (8.61943pt too wide) in paragraph at lines 47--4948
\OT1/cmr/m/n/10 0.04001139, 0.05403325], [-0.19968047, 0.0732492 , 0.11132294],
 [-0.34092968, -0.07540587, -0.07538915], [-0.17284781, 0.09879072, -0.00387464
],
 []


Overfull \hbox (18.06389pt too wide) in paragraph at lines 47--4948
\OT1/cmr/m/n/10 [-0.34592559, -0.07646089, 0.09406596], [-0.23162209, -0.063589
52, 0.03812001], [-0.18651428, -0.00534417, -0.07779412], [-0.25203042, 0.08040
474,
 []


Overfull \hbox (2.50832pt too wide) in paragraph at lines 47--4948
\OT1/cmr/m/n/10 0.20072142, 0.06961632, 0.07100417], [-0.17594605, -0.0887652 ,
 0.11149292], [-0.31109996, -0.09293555, 0.11205674], [-0.30347051, 0.07461374,

 []


Overfull \hbox (3.06384pt too wide) in paragraph at lines 47--4948
\OT1/cmr/m/n/10 0.36456555, -0.05919438, 0.06104746], [-0.20282694, -0.0538207 
, 0.05515273], [-0.32029901, -0.00062876, 0.01199519], [-0.1727439 , 0.02707736
,
 []


Overfull \hbox (2.50832pt too wide) in paragraph at lines 47--4948
\OT1/cmr/m/n/10 0.19298813, 0.06330634, 0.0173817 ], [-0.29084591, 0.07586933, 
-0.10055455], [-0.28181283, -0.04375046, 0.06416042], [-0.37813729, 0.01513407,

 []


Overfull \hbox (2.50829pt too wide) in paragraph at lines 47--4948
\OT1/cmr/m/n/10 0.00473301, -0.02097594], [ 0.3818883 , 0.05961215, -0.06127684
], [ 0.38537125, 0.0587624 , -0.00686538], [ 0.45927704, 0.00438251, 0.03019704
],
 []


Overfull \hbox (1.95276pt too wide) in paragraph at lines 47--4948
\OT1/cmr/m/n/10 0.00368594, -0.01124706], [ 0.58497547, 0.01124953, 0.07714426]
, [ 0.3600247 , 0.08340657, 0.07841911], [ 0.31413255, 0.08212284, -0.02886233]
,
 []


Overfull \hbox (4.28581pt too wide) in paragraph at lines 47--4948
\OT1/cmr/m/n/10 03, 2.19883745e-02], [ -6.55303366e-01, -4.54486033e-03, -1.348
49541e-01], [ -6.73291793e-01, -1.55769993e-02, -2.58557209e-02], [ -6.97132404
e-
 []


Overfull \hbox (4.28581pt too wide) in paragraph at lines 47--4948
\OT1/cmr/m/n/10 02, -6.90970590e-02], [ -7.14884667e-01, -3.31490160e-02, 1.103
32399e-02], [ -7.30457141e-01, -8.77671313e-02, -8.90673460e-02], [ -8.90001712
e-
 []


Overfull \hbox (20.39706pt too wide) in paragraph at lines 47--4948
\OT1/cmr/m/n/10 02, -1.07213002e-01], [ -1.19868174e+00, 8.55180718e-03, 4.6319
3438e-02], [ -1.26388005e+00, 9.65370650e-02, 1.04528334e-01], [ -1.36699326e+0
0,
 []


Overfull \hbox (14.2859pt too wide) in paragraph at lines 47--4948
\OT1/cmr/m/n/10 01], [ -1.15636867e+00, 1.47494908e-01, -1.07800717e-01], [ -1.
24105856e+00, -4.71021726e-02, 1.49155665e-02], [ -1.42630779e+00, -3.20401000e
-
 []


Overfull \hbox (30.39705pt too wide) in paragraph at lines 47--4948
\OT1/cmr/m/n/10 02, -5.01568346e-02], [ -1.15503993e+00, -3.19685881e-03, -1.04
649205e-01], [ -1.38375273e+00, 1.52910763e-02, -1.27911045e-01], [ -1.38090187
e+00,
 []


Overfull \hbox (14.2859pt too wide) in paragraph at lines 47--4948
\OT1/cmr/m/n/10 01], [ -1.20968401e+00, 2.10008021e-02, -5.34209376e-02], [ -1.
14675026e+00, -1.39043348e-02, -1.52225206e-01], [ -1.42013036e+00, 2.32328463e
-
 []


Overfull \hbox (27.06372pt too wide) in paragraph at lines 47--4948
\OT1/cmr/m/n/10 02, -1.88182056e-01], [ -1.34011542e+00, 5.80544380e-02, -1.592
57287e-01], [ -1.38565862e+00, 1.55188656e-01, -2.09052843e-01], [ -1.37151815e
+00,
 []


Overfull \hbox (23.7304pt too wide) in paragraph at lines 47--4948
\OT1/cmr/m/n/10 02, -3.63164582e-02], [ -1.14778775e+00, 3.95968026e-02, -2.440
52262e-02], [ -1.15644821e+00, 5.16864857e-02, 5.68013220e-02], [ -1.22178995e+
00,
 []


Overfull \hbox (17.61923pt too wide) in paragraph at lines 47--4948
\OT1/cmr/m/n/10 02], [ -1.27233835e+00, 4.26936132e-02, -5.98224345e-02], [ -1.
14407709e+00, -9.16831985e-03, -8.21413472e-02], [ -1.27107003e+00, -2.22419448
e-
 []


Overfull \hbox (27.06372pt too wide) in paragraph at lines 47--4948
\OT1/cmr/m/n/10 02, 1.37354170e-02], [ -1.17756753e+00, 1.19099594e-01, -1.0512
9956e-01], [ -1.36707444e+00, -4.70823030e-02, -2.44157888e-02], [ -1.15808778e
+00,
 []


Overfull \hbox (27.06372pt too wide) in paragraph at lines 47--4948
\OT1/cmr/m/n/10 02, -5.79231604e-03], [ -1.34474351e+00, -3.73634038e-03, -1.08
656785e-02], [ -1.19582551e+00, 3.29921408e-02, 1.73535115e-02], [ -1.16008136e
+00,
 []


Overfull \hbox (4.73056pt too wide) in paragraph at lines 47--4948
\OT1/cmr/m/n/10 0.01604564, 0.03236185], [ 0.17201387, -0.07312742, -0.07715263
], [ 0.26783648, 0.07700793, 0.01866429], [ 0.19683079, 0.04308807, 0.08426846]
,
 []


Overfull \hbox (8.61942pt too wide) in paragraph at lines 47--4948
\OT1/cmr/m/n/10 0.03218718, 0.08041197], [ 0.24988532, 0.07772385, -0.01960325]
, [ 0.34927811, -0.09419996, -0.0606292 ], [ 0.21678477, -0.07956766, 0.0262643
5],
 []


Overfull \hbox (3.0639pt too wide) in paragraph at lines 47--4948
\OT1/cmr/m/n/10 0.05421363], [ 0.17963122, 0.07463986, 0.04590814], [ 0.1575557
4, 0.05350241, 0.07029719], [ 0.15971761, 0.00660527, 0.00684543], [ 0.22708907
,
 []


Overfull \hbox (3.61943pt too wide) in paragraph at lines 47--4948
\OT1/cmr/m/n/10 0.00352963], [ 0.21976514, 0.07680178, -0.05157227], [ 0.374664
3 , 0.06309816, 0.02695162], [ 0.33355145, 0.01003879, 0.08938483], [ 0.3478367
7,
 []


Overfull \hbox (5.1748pt too wide) in paragraph at lines 47--4948
\OT1/cmr/m/n/10 5.72616715e-02], [ -1.15084326e+00, 1.81935461e-01, -1.02822033
e-02], [ -1.09669701e+00, 8.56192962e-02, 9.90511650e-02], [ -1.20240116e+00,
 []


Overfull \hbox (17.06374pt too wide) in paragraph at lines 47--4948
\OT1/cmr/m/n/10 02, 1.73839185e-02], [ -1.11237017e+00, 9.73736893e-03, 7.35877
296e-03], [ -1.39949046e+00, 1.13743838e-01, 1.02491150e-02], [ -1.29798725e+00
,
 []


Overfull \hbox (23.7304pt too wide) in paragraph at lines 47--4948
\OT1/cmr/m/n/10 02, 1.94947349e-02], [ -1.22370739e+00, 2.78133353e-02, -7.0474
0159e-03], [ -1.23842060e+00, 4.02795945e-02, -5.96832838e-03], [ -1.45004691e+
00,
 []


Overfull \hbox (7.61925pt too wide) in paragraph at lines 47--4948
\OT1/cmr/m/n/10 01], [ -1.19918719e+00, 1.00488314e-01, -9.26576098e-02], [ -1.
40678516e+00, 1.43405507e-01, 1.14053656e-02], [ -1.19182605e+00, 7.92134060e-
 []


Overfull \hbox (20.39706pt too wide) in paragraph at lines 47--4948
\OT1/cmr/m/n/10 02, 3.45511430e-02], [ -1.19305229e+00, -1.49357750e-02, 2.9050
7025e-02], [ -1.22038623e+00, 1.76446907e-02, 4.06744508e-02], [ -1.18539731e+0
0,
 []


Overfull \hbox (20.39706pt too wide) in paragraph at lines 47--4948
\OT1/cmr/m/n/10 02, 1.03434471e-01], [ -1.43548153e+00, 5.25699231e-04, 2.97343
588e-03], [ -1.25921931e+00, -8.84362380e-02, 8.14201800e-02], [ -1.47287373e+0
0,
 []


Overfull \hbox (14.2859pt too wide) in paragraph at lines 47--4948
\OT1/cmr/m/n/10 02], [ -1.20570051e+00, -5.60041447e-02, -1.93303000e-02], [ -1
.32242050e+00, 4.42160234e-03, -7.62233408e-02], [ -1.40552922e+00, 5.74859374e
-
 []


Overfull \hbox (27.06372pt too wide) in paragraph at lines 47--4948
\OT1/cmr/m/n/10 02, 1.21147758e-01], [ -1.24454553e+00, -9.71064810e-04, -1.082
94640e-02], [ -1.29882529e+00, -9.98911808e-02, 6.57269688e-02], [ -1.16968622e
+00,
 []


Overfull \hbox (5.1748pt too wide) in paragraph at lines 47--4948
\OT1/cmr/m/n/10 1.12820030e-01], [ -1.19120009e+00, -5.43966108e-02, 4.05057289
e-03], [ -1.00782013e+00, 2.10952339e-02, 1.46298475e-04], [ -1.08323355e+00,
 []


Overfull \hbox (17.61923pt too wide) in paragraph at lines 47--4948
\OT1/cmr/m/n/10 03], [ -1.01731058e+00, -4.55136023e-02, -1.83271305e-02], [ -1
.07611651e+00, 7.35555754e-02, -9.12416904e-02], [ -1.01704465e+00, -2.31839163
e-
 []


Overfull \hbox (33.73038pt too wide) in paragraph at lines 47--4948
\OT1/cmr/m/n/10 02, -1.89610422e-02], [ -1.11334928e+00, -5.50624622e-02, -4.50
439242e-02], [ -1.44939351e+00, -7.80582758e-02, -1.02062912e-01], [ -1.0747190
9e+00,
 []


Overfull \hbox (1.95276pt too wide) in paragraph at lines 47--4948
\OT1/cmr/m/n/10 0.02107749, 0.03744728], [ 0.68572443, -0.0729535 , 0.10913083]
, [ 0.91532017, 0.10255526, 0.05485703], [ 0.84838347, 0.09004997, -0.08560224]
,
 []


Overfull \hbox (5.28609pt too wide) in paragraph at lines 47--4948
\OT1/cmr/m/n/10 0.01566689, -0.01687198], [ 0.70661095, 0.0194549 , 0.06215162]
, [ 0.88936601, -0.09252429, -0.06038972], [ 0.74580429, 0.09164829, 0.05908424
],
 []


Overfull \hbox (14.17502pt too wide) in paragraph at lines 47--4948
\OT1/cmr/m/n/10 0.00430933], [-0.33363425, 0.01681209, -0.04953327], [-0.219868
67, 0.03887179, 0.08940972], [-0.23740587, 0.08999441, -0.06722706], [-0.232419
36,
 []


Overfull \hbox (5.2861pt too wide) in paragraph at lines 47--4948
\OT1/cmr/m/n/10 0.07821503, -0.06812107], [-0.30056711, -0.05282374, 0.07788416
], [-0.23745561, 0.09405125, 0.09188139], [-0.3409062 , 0.01604993, 0.11785653]
,
 []


Overfull \hbox (5.2861pt too wide) in paragraph at lines 47--4948
\OT1/cmr/m/n/10 0.06200901, -0.00294765], [-0.19016029, 0.0222385 , 0.10569093]
, [-0.30467534, 0.09833847, -0.05752101], [-0.36642729, 0.05883877, 0.00232724]
,
 []


Overfull \hbox (14.73056pt too wide) in paragraph at lines 47--4948
\OT1/cmr/m/n/10 [-0.20663623, -0.05189855, 0.01653126], [-0.21643267, -0.021264
23, 0.07708949], [-0.18300471, 0.02725055, 0.06684339], [-0.27619953, -0.002570
33,
 []


Overfull \hbox (10.84169pt too wide) in paragraph at lines 47--4948
\OT1/cmr/m/n/10 0.02139253], [-0.26894303, -0.07422521, 0.03297262], [-0.285136
42, 0.02795123, 0.03723287], [-0.28033685, 0.10336103, 0.00335947], [-0.3211432
6,
 []


Overfull \hbox (8.61943pt too wide) in paragraph at lines 47--4948
\OT1/cmr/m/n/10 0.02018347, -0.00431354], [-0.29378287, -0.06276705, 0.02411367
], [-0.26963479, -0.0270037 , 0.03697823], [-0.20725392, 0.04119945, 0.00799858
],
 []


Overfull \hbox (5.84163pt too wide) in paragraph at lines 47--4948
\OT1/cmr/m/n/10 [-0.34873296, 0.05900346, 0.02141128], [-0.31386285, -0.0156717
2, 0.10332085], [-0.1759197 , -0.0195908 , 0.00349913], [-0.29105499, 0.0947525
7,
 []


Overfull \hbox (3.61942pt too wide) in paragraph at lines 47--4948
\OT1/cmr/m/n/10 0.06984592], [-0.18106207, -0.0728702 , 0.04278886], [-0.158522
18, -0.09331814, 0.00354257], [-0.15044902, 0.08988971, 0.08631392], [-0.303088
7
 []


Overfull \hbox (13.84166pt too wide) in paragraph at lines 47--4948
\OT1/cmr/m/n/10 , 0.06056389, 0.03883316], [-0.2753208 , 0.00792907, -0.0369112
6], [-0.32965882, -0.07542481, 0.06221948], [-0.15231684, -0.03865548, 0.105915
45],
 []


Overfull \hbox (4.11922pt too wide) in paragraph at lines 47--4948
\OT1/cmr/m/n/10 1.42455413e-01, -2.54781567e-02], [ 6.25047127e-01, 1.96038263e
-02, 5.06507107e-02]]), ar-ray([[ -6.98929484e-01, 5.74581659e-02, -1.25124159e
-
 []


Overfull \hbox (4.28581pt too wide) in paragraph at lines 47--4948
\OT1/cmr/m/n/10 02, 7.97758581e-02], [ -8.72597896e-01, -4.29616665e-02, -6.329
99978e-02], [ -6.84326571e-01, -3.42418923e-02, -9.49901840e-03], [ -7.11057504
e-
 []


Overfull \hbox (4.28581pt too wide) in paragraph at lines 47--4948
\OT1/cmr/m/n/10 03], [ -7.08496562e-01, -1.74194844e-02, -1.05653649e-01], [ -7
.92298740e-01, -1.27950678e-02, -8.88485350e-02], [ -8.11464598e-01, 2.29385478
e-
 []


Overfull \hbox (4.28581pt too wide) in paragraph at lines 47--4948
\OT1/cmr/m/n/10 02, 2.62801466e-03], [ -6.70363566e-01, -4.51124977e-02, -8.341
13474e-02], [ -8.91080155e-01, -2.61340119e-02, -2.19669254e-02], [ -6.74407960
e-
 []


Overfull \hbox (4.28581pt too wide) in paragraph at lines 47--4948
\OT1/cmr/m/n/10 03], [ -6.90735321e-01, -2.62713032e-02, -2.99137314e-02], [ -9
.02409442e-01, -1.01102447e-02, -8.66533148e-02], [ -6.65608867e-01, 6.05050086
e-
 []


Overfull \hbox (0.95248pt too wide) in paragraph at lines 47--4948
\OT1/cmr/m/n/10 02], [ -7.42440569e-01, -1.09215452e-01, 2.50332632e-02], [ -8.
48007994e-01, -5.80073169e-02, 3.37945736e-02], [ -7.03241779e-01, -5.76226489e
-
 []


Overfull \hbox (0.95248pt too wide) in paragraph at lines 47--4948
\OT1/cmr/m/n/10 03, -4.72030505e-02], [ -7.71948200e-01, -6.35732440e-02, 1.238
81952e-02], [ -7.05580423e-01, 7.63472257e-03, -9.55045536e-02], [ -9.24854365e
-
 []


Overfull \hbox (0.95248pt too wide) in paragraph at lines 47--4948
\OT1/cmr/m/n/10 02], [ -7.23978780e-01, -2.27797093e-02, 7.51151723e-02], [ -7.
00171163e-01, -1.05508529e-01, -7.17116770e-03], [ -6.79685715e-01, 4.39289071e
-
 []


Overfull \hbox (4.28581pt too wide) in paragraph at lines 47--4948
\OT1/cmr/m/n/10 02, -1.02950395e-01], [ -6.86788941e-01, 5.75365404e-02, -7.049
87469e-02], [ -6.73485603e-01, -4.86202920e-02, -9.98006990e-02], [ -7.49083460
e-
 []


Overfull \hbox (7.61914pt too wide) in paragraph at lines 47--4948
\OT1/cmr/m/n/10 02, -6.06649785e-02], [ -6.89318640e-01, -9.98109879e-02, -6.01
107523e-02], [ -7.09832145e-01, -3.25249341e-02, -4.98310156e-04], [ -8.9335588
1e-
 []


Overfull \hbox (6.78601pt too wide) in paragraph at lines 47--4948
\OT1/cmr/m/n/10 01], [ -6.83204046e-01, 2.20757148e-02, 6.55173153e-02]]), ar-r
ay([[ 0.29392757, 0.06570632, -0.07947032], [ 0.26027222, 0.04500529, -0.011730
99],
 []


Overfull \hbox (1.95277pt too wide) in paragraph at lines 47--4948
\OT1/cmr/m/n/10 0.31388615, -0.06518119, 0.04942756], [ 0.33695698, 0.04331886,
 -0.00545916], [ 0.15196236, 0.00465304, 0.01837018], [ 0.18710434, 0.05904434,

 []


Overfull \hbox (1.95276pt too wide) in paragraph at lines 47--4948
\OT1/cmr/m/n/10 0.06539838, 0.00756796], [ 0.18849145, 0.08238925, 0.03560086],
 [ 0.21212617, -0.05318796, 0.08851996], [ 0.1819081 , -0.09265747, 0.09701636]
,
 []


Overfull \hbox (5.28609pt too wide) in paragraph at lines 47--4948
\OT1/cmr/m/n/10 0.04991282, -0.07422486], [ 0.2351183 , 0.04903303, 0.00844706]
, [ 0.29864423, 0.00539348, -0.02419654], [ 0.22140559, -0.00452393, 0.04895989
],
 []


Overfull \hbox (3.6194pt too wide) in paragraph at lines 47--4948
\OT1/cmr/m/n/10 0.02493257, -0.05398627], [ 0.38233876, 0.00554954, -0.03126628
], [ 0.26741237, 0.05511401, -0.00173425], [ 0.417191 , 0.07120217, -0.05010967
],
 []


Overfull \hbox (6.95277pt too wide) in paragraph at lines 47--4948
\OT1/cmr/m/n/10 [ 0.27898939, 0.03885185, 0.04454067], [ 0.38223148, 0.10007302
, -0.04116827], [ 0.34280028, -0.01159973, 0.04913105], [ 0.44647653, 0.0232351
4,
 []


Overfull \hbox (5.84163pt too wide) in paragraph at lines 47--4948
\OT1/cmr/m/n/10 [-0.37176451, 0.08256513, -0.03303137], [-0.26242281, 0.0393681
5, 0.04277882], [-0.2535415 , 0.0446163 , -0.02394536], [-0.20946888, 0.0783040
2,
 []


Overfull \hbox (11.95277pt too wide) in paragraph at lines 47--4948
\OT1/cmr/m/n/10 0.27897862, 0.07693155, 0.09232884], [-0.18194216, -0.03016669,
 -0.00789374], [-0.31696722, -0.03913335, 0.11183203], [-0.35805439, -0.0095538
7,
 []


Overfull \hbox (5.84164pt too wide) in paragraph at lines 47--4948
\OT1/cmr/m/n/10 0.20370411, -0.03107797, -0.01116531], [-0.2485179 , -0.0049331
8, 0.02554741], [-0.19146296, 0.07213434, 0.09329152], [-0.36001301, 0.03180291
,
 []


Overfull \hbox (10.84169pt too wide) in paragraph at lines 47--4948
\OT1/cmr/m/n/10 0.04483937], [-0.17446588, -0.01478385, 0.10848071], [-0.338573
17, 0.06258993, 0.07172945], [-0.23455675, 0.04390641, 0.06625442], [-0.2199131
7,
 []


Overfull \hbox (9.17497pt too wide) in paragraph at lines 47--4948
\OT1/cmr/m/n/10 0.26377182, -0.05712579, 0.00935637], [-0.25632792, -0.08044994
, 0.03523006], [-0.2490961 , -0.07421999, 0.09714701], [-0.14126005, -0.0736308
9,
 []


Overfull \hbox (1.95276pt too wide) in paragraph at lines 47--4948
\OT1/cmr/m/n/10 -0.02002403, 0.0747204 ], [ 0.20886769, 0.05421155, -0.00897506
], [ 0.19412621, 0.09155493, 0.01037526], [ 0.17405533, 0.00842188, 0.04544943]
,
 []


Overfull \hbox (3.06383pt too wide) in paragraph at lines 47--4948
\OT1/cmr/m/n/10 0.19393032, -0.04684718, -0.10464188], [ 0.28623734, 0.0668824 
, 0.07154928], [ 0.30638604, -0.05328367, -0.0788656 ], [ 0.15409699, 0.0939366
4,
 []


Overfull \hbox (6.39723pt too wide) in paragraph at lines 47--4948
\OT1/cmr/m/n/10 0.07614543], [ 1.16168085, -0.04956354, 0.03455371], [ 1.075153
01, 0.08423885, 0.12478961], [ 1.08031972, 0.09814394, 0.04425186], [ 1.1125341
8,
 []


Overfull \hbox (2.50827pt too wide) in paragraph at lines 47--4948
\OT1/cmr/m/n/10 0.62409808, -0.04041753, -0.12885658], [-0.62091916, -0.0874332
8, 0.03212189], [-0.62855983, 0.02375197, -0.09365 ], [-0.62093805, -0.02429373
,
 []


Overfull \hbox (9.17497pt too wide) in paragraph at lines 47--4948
\OT1/cmr/m/n/10 0.69211112, 0.01555425, -0.07416499], [-0.82669902, -0.08510919
, 0.1085657 ], [-0.76144758, -0.09084596, 0.02659296], [-0.80061287, -0.1622514
5,
 []


Overfull \hbox (5.84164pt too wide) in paragraph at lines 47--4948
\OT1/cmr/m/n/10 0.92412013, 0.01172869, 0.0993563 ], [-0.72285845, -0.00907838,
 0.03530453], [-0.73158272, -0.00897924, -0.02360282], [-0.72448793, 0.05240668
,
 []


Overfull \hbox (9.17497pt too wide) in paragraph at lines 47--4948
\OT1/cmr/m/n/10 0.79543196, -0.06054819, -0.03305407], [-0.76208998, 0.00765931
, -0.06710218], [-0.7837348 , 0.07601697, -0.08357872], [-0.91900885, 0.0612866
5,
 []


Overfull \hbox (5.28612pt too wide) in paragraph at lines 47--4948
\OT1/cmr/m/n/10 0.68724952, 0.01345808, -0.00092604], [-0.68386949, 0.10407233,
 0.01666444], [-0.69672006, 0.04395404, -0.04253681], [-0.75277836, 0.05144712,

 []


Overfull \hbox (10.84169pt too wide) in paragraph at lines 47--4948
\OT1/cmr/m/n/10 0.05242078], [-0.73224805, 0.10175959, -0.05960577], [-0.808403
37, 0.14358103, 0.12154114], [-0.72887784, 0.02575306, 0.08655944], [-0.6719431
9,
 []


Overfull \hbox (18.06392pt too wide) in paragraph at lines 47--4948
\OT1/cmr/m/n/10 -0.01905404, 0.01226367], [-0.68369862, -0.03784143, 0.08404321
], [-0.88185813, 0.03941785, -0.02634384], [-0.83263714, 0.13924855, 0.05739486
]]),
 []


Overfull \hbox (15.2861pt too wide) in paragraph at lines 47--4948
\OT1/cmr/m/n/10 0.86254284, 0.04721649, 0.01973711], [-0.72440821, -0.05817437,
 -0.08288382], [-0.69370522, -0.03208586, -0.01792775], [-0.70087713, -0.057711
07,
 []


Overfull \hbox (3.06384pt too wide) in paragraph at lines 47--4948
\OT1/cmr/m/n/10 0.85365465, -0.0367594 , -0.10784075], [-0.68860275, 0.07428443
, -0.04533991], [-0.85104275, 0.0302637 , 0.03275509], [-0.69440482, 0.05434863
,
 []


Overfull \hbox (12.5083pt too wide) in paragraph at lines 47--4948
\OT1/cmr/m/n/10 0.70698755, -0.03943693, 0.01727278], [-0.71084285, -0.02279079
, -0.12165887], [-0.8957585 , -0.05623411, -0.04815409], [-0.69370261, 0.014636
06,
 []


Overfull \hbox (8.61945pt too wide) in paragraph at lines 47--4948
\OT1/cmr/m/n/10 0.72362543, 0.06734688, -0.10598062], [-0.65515438, 0.15507896,
 -0.07935049], [-0.79577464, -0.00136635, 0.00459491], [-0.68236709, 0.03589498
,
 []


Overfull \hbox (14.17502pt too wide) in paragraph at lines 47--4948
\OT1/cmr/m/n/10 -0.01306295], [-0.65715103, 0.02935803, 0.08905451], [-0.716919
94, 0.12728649, -0.02335703], [-0.61756885, 0.14460203, 0.07822312], [-0.857874
46,
 []


Overfull \hbox (5.2861pt too wide) in paragraph at lines 47--4948
\OT1/cmr/m/n/10 -0.0084321 , 0.08146962], [-0.65990891, 0.00166804, -0.02083405
], [-0.88244201, 0.01657823, 0.03749219], [-0.72409475, 0.07055059, 0.01650945]
,
 []


Overfull \hbox (1.39723pt too wide) in paragraph at lines 47--4948
\OT1/cmr/m/n/10 0.01585498, 0.14759346], [ 0.70028675, 0.13138338, 0.01453589],
 [ 0.68859533, 0.05705402, 0.08737654], [ 0.90162822, 0.12382882, -0.06087362],

 []


Overfull \hbox (1.95277pt too wide) in paragraph at lines 47--4948
\OT1/cmr/m/n/10 0.68020847, 0.05864143, -0.12174655], [ 0.68669579, 0.00265538,
 0.02845891], [ 0.69365347, -0.07224588, 0.03424198], [ 0.81890479, 0.00549657,

 []


Overfull \hbox (14.17502pt too wide) in paragraph at lines 47--4948
\OT1/cmr/m/n/10 0.02946224], [-0.80259677, 0.14052204, -0.03155763], [-0.811502
34, 0.00338213, -0.06013982], [-0.95617561, 0.00107308, 0.06555518], [-0.767149
94,
 []


Overfull \hbox (10.50832pt too wide) in paragraph at lines 47--4948
\OT1/cmr/m/n/10 ], [-0.71484572, 0.00147155, 0.09195672], [-0.73736899, -0.0140
6597, 0.01881313], [-0.75742587, 0.1335645 , 0.0215113 ], [-0.75513143, 0.15145
317,
 []


Overfull \hbox (5.28609pt too wide) in paragraph at lines 47--4948
\OT1/cmr/m/n/10 -0.0373162 ], [-0.75336795, 0.07876646, 0.03802471], [-0.744959
7 , 0.00945126, 0.03293766], [-0.90927208, 0.02159615, 0.12162942], [-0.8174247
9,
 []


Overfull \hbox (11.39723pt too wide) in paragraph at lines 47--4948
\OT1/cmr/m/n/10 -0.01745661, -0.00998978], [-0.74559285, 0.07255798, 0.02540845
], [-0.92679149, 0.07607796, 0.10335034], [-0.97170234, 0.10738062, -0.03774624
],
 []


Overfull \hbox (11.95276pt too wide) in paragraph at lines 47--4948
\OT1/cmr/m/n/10 [-0.83024105, -0.00673949, 0.12957996], [-0.73436173, -0.039138
51, -0.01240337], [-0.70531321, 0.00540158, 0.1043682 ], [-0.81271136, 0.000982
69,
 []


Overfull \hbox (14.17502pt too wide) in paragraph at lines 47--4948
\OT1/cmr/m/n/10 0.08802565], [-0.75719449, -0.01560735, 0.10638936], [-0.881053
93, 0.06462649, 0.08086404], [-0.79023945, 0.07042063, -0.02401574], [-0.770047
82,
 []


Overfull \hbox (7.50827pt too wide) in paragraph at lines 47--4948
\OT1/cmr/m/n/10 -0.057519 , 0.05132799], [-0.69783018, -0.1086521 , 0.11601829]
, [-0.84253876, -0.13519979, 0.09105725], [-0.67380857, -0.00402154, -0.0215015
7],
 []


Overfull \hbox (14.73056pt too wide) in paragraph at lines 47--4948
\OT1/cmr/m/n/10 [-0.62574422, -0.06425874, 0.06928653], [-0.71203185, -0.064943
15, 0.01060368], [-0.69338224, 0.01409617, 0.03657853], [-0.74806275, -0.002101
78,
 []


Overfull \hbox (11.95277pt too wide) in paragraph at lines 47--4948
\OT1/cmr/m/n/10 0.70808124, -0.15560383, 0.02186751], [-0.77204911, -0.15864323
, 0.09218509], [-0.73794083, -0.04151621, 0.01024714], [-0.84184854, -0.0991926
5,
 []


Overfull \hbox (0.8416pt too wide) in paragraph at lines 47--4948
\OT1/cmr/m/n/10 0.0699311 ], [-0.35869177, -0.01106628, 0.014506 ], [-0.3652587
 , 0.04525878, 0.08786614], [-0.26031148, -0.08711981, 0.08285902], [-0.3097002
3,
 []


Overfull \hbox (18.06389pt too wide) in paragraph at lines 47--4948
\OT1/cmr/m/n/10 0.00268756, -0.09532122], [-0.30920792, 0.00890215, -0.04332315
], [-0.18060101, -0.11921996, 0.07040978], [-0.32422725, -0.08643561, -0.087511
16],
 []


Overfull \hbox (4.17497pt too wide) in paragraph at lines 47--4948
\OT1/cmr/m/n/10 0.09922402, -0.03491024], [-0.18680025, 0.06884614, -0.01999119
], [-0.35455092, -0.09531971, 0.02443562], [-0.20817563, 0.02639681, -0.0673397

 []


Overfull \hbox (11.61943pt too wide) in paragraph at lines 47--4948
\OT1/cmr/m/n/10 ], [-0.20604764, 0.02282899, 0.082055 ], [-0.18034476, 0.075300
93, -0.07591291], [-0.26927492, -0.10544699, 0.06709547], [-0.31855741, 0.00742
487,
 []


Overfull \hbox (11.95277pt too wide) in paragraph at lines 47--4948
\OT1/cmr/m/n/10 0.25227035, -0.07131021, -0.02990484], [-0.26168437, 0.00839123
, -0.01604457], [-0.27790761, 0.00203564, -0.05043666], [-0.22846906, 0.0033545
3,
 []


Overfull \hbox (18.06389pt too wide) in paragraph at lines 47--4948
\OT1/cmr/m/n/10 0.09236164, 0.04307863], [-0.24452992, -0.04216903, -0.07918709
], [-0.18179372, -0.01352591, 0.06602823], [-0.33451973, -0.06132775, -0.082183
65],
 []


Overfull \hbox (5.2861pt too wide) in paragraph at lines 47--4948
\OT1/cmr/m/n/10 0.02936348, -0.04146277], [-0.79374943, 0.07900317, 0.04330076]
, [-0.70405235, 0.10986809, -0.0368694 ], [-0.70275836, 0.04566128, 0.14492748]
,
 []


Overfull \hbox (5.2861pt too wide) in paragraph at lines 47--4948
\OT1/cmr/m/n/10 [-0.87588546, 0.08478071, 0.02336983], [-0.82605998, 0.05117938
, 0.12782655], [-0.67911936, -0.0345788 , 0.04647865], [-0.66049168, 0.05131381
,
 []


Overfull \hbox (10.84169pt too wide) in paragraph at lines 47--4948
\OT1/cmr/m/n/10 0.15547616], [-0.77960742, -0.07447728, 0.11316302], [-0.684527
13, 0.08989133, 0.06232061], [-0.71032597, 0.09926355, 0.02718572], [-0.7138683
1,
 []


Overfull \hbox (5.2861pt too wide) in paragraph at lines 47--4948
\OT1/cmr/m/n/10 -0.06545121, 0.14364965], [-0.69359205, -0.06012323, 0.0964252 
], [-0.67442737, 0.02421665, 0.02125689], [-0.68403097, 0.07230589, 0.06199223]
,
 []


Overfull \hbox (8.61943pt too wide) in paragraph at lines 47--4948
\OT1/cmr/m/n/10 [-0.88960245, -0.07238198, 0.04253617], [-0.68996721, -0.075749
62, 0.11681563], [-0.67859699, 0.00675535, 0.01250402], [-0.7712472 , 0.0608736
8,
 []


Overfull \hbox (9.17497pt too wide) in paragraph at lines 47--4948
\OT1/cmr/m/n/10 0.76092986, -0.05708524, 0.04190609], [-0.69671773, -0.03245557
, 0.06280418], [-0.69041689, -0.05435612, 0.03088914], [-0.6927784 , -0.0880991
8,
 []


Overfull \hbox (8.06389pt too wide) in paragraph at lines 47--4948
\OT1/cmr/m/n/10 0.04028775], [-0.67345809, 0.03619438, -0.00703726], [-0.858009
3 , 0.06205597, 0.02345648], [-0.70129782, 0.04376038, 0.00751642], [-0.7581450
8,
 []


Overfull \hbox (11.39723pt too wide) in paragraph at lines 47--4948
\OT1/cmr/m/n/10 -0.08384406, 0.14251575], [-0.67615402, -0.13245282, 0.04305551
], [-0.88205749, 0.00888385, 0.07541246], [-0.81410091, -0.14274196, 0.00200597
],
 []


Overfull \hbox (11.95276pt too wide) in paragraph at lines 47--4948
\OT1/cmr/m/n/10 0.04518865, 0.04361634], [-0.67240832, -0.02952539, -0.05207217
], [-0.71993825, -0.05772388, -0.05067493], [-0.8714892 , 0.06744263, 0.0533491
9],
 []


Overfull \hbox (4.28581pt too wide) in paragraph at lines 47--4948
\OT1/cmr/m/n/10 01], [ -6.75665722e-01, -2.79594781e-02, -4.29595116e-04], [ -7
.41393876e-01, 4.44108899e-02, -5.54089619e-02], [ -8.11913059e-01, -3.38454390
e-
 []


Overfull \hbox (4.28581pt too wide) in paragraph at lines 47--4948
\OT1/cmr/m/n/10 02, 1.42592650e-02], [ -7.62957262e-01, -6.18321570e-02, -1.124
03228e-01], [ -6.67225074e-01, -8.11495211e-02, -4.47840009e-02], [ -7.65280434
e-
 []


Overfull \hbox (7.61914pt too wide) in paragraph at lines 47--4948
\OT1/cmr/m/n/10 02], [ -7.14438586e-01, -6.18524482e-02, -2.69689005e-02], [ -6
.86985889e-01, -8.55364540e-02, -6.09844723e-02], [ -7.02453835e-01, -4.6180955
4e-
 []


Overfull \hbox (7.61914pt too wide) in paragraph at lines 47--4948
\OT1/cmr/m/n/10 02, -1.75999226e-02], [ -7.01685287e-01, -5.12120904e-02, -8.97
684012e-02], [ -6.78026077e-01, -7.32629097e-02, -2.27384385e-01], [ -6.9775419
3e-
 []


Overfull \hbox (4.28581pt too wide) in paragraph at lines 47--4948
\OT1/cmr/m/n/10 02, -3.44734424e-02], [ -6.93342166e-01, -6.64142510e-02, -3.12
406917e-02], [ -9.16314796e-01, 3.28403573e-03, -1.01341353e-01], [ -7.66285614
e-
 []


Overfull \hbox (8.61945pt too wide) in paragraph at lines 47--4948
\OT1/cmr/m/n/10 0.51292123, -0.04445119, -0.00219161], [-0.58527283, 0.03586637
, -0.02540071], [-0.55381534, 0.02595111, 0.08619788], [-0.59608713, 0.10810886
,
 []


Overfull \hbox (8.61937pt too wide) in paragraph at lines 47--4948
\OT1/cmr/m/n/10 0.07365848], [-0.567669 , -0.03899016, -0.07637334], [-0.589230
73, -0.00720846, -0.03184552], [-0.58174027, -0.02132838, 0.060115 ], [-0.77488
903,
 []


Overfull \hbox (2.5083pt too wide) in paragraph at lines 47--4948
\OT1/cmr/m/n/10 0.05246313, -0.02119283], [-0.78052692, 0.03665763, 0.08194327]
, [-0.97169795, 0.00665206, 0.0198019 ], [-0.74071513, -0.0589515 , 0.06683431]
,
 []


Overfull \hbox (11.95276pt too wide) in paragraph at lines 47--4948
\OT1/cmr/m/n/10 [-0.90070039, 0.06145652, 0.04175401], [-0.71199517, -0.1114594
 , 0.00159371], [-0.81013812, -0.04447797, -0.00270305], [-0.82074829, 0.032014
03,
 []


Overfull \hbox (9.17497pt too wide) in paragraph at lines 47--4948
\OT1/cmr/m/n/10 0.83942508, -0.0946468 , -0.07146312], [-0.91205192, 0.01343502
, 0.09155193], [-0.86532229, 0.03712078, -0.01603304], [-0.95915103, -0.0925936
2,
 []


Overfull \hbox (8.61945pt too wide) in paragraph at lines 47--4948
\OT1/cmr/m/n/10 0.71512251, 0.00312992, 0.01010864], [-0.72821275, 0.01978972, 
-0.02042599], [-0.75183266, 0.00231928, -0.02391143], [-0.72198392, -0.11597914
,
 []


Overfull \hbox (12.67487pt too wide) in paragraph at lines 47--4948
\OT1/cmr/m/n/10 0.08568027], [-0.85375365, -0.06687359, -0.01236433]]), ar-ray(
[[ 1.95094229e-01, -3.94532024e-02, 9.74707090e-02], [ 2.96131497e-01, 1.074218
35e-
 []


Overfull \hbox (0.95248pt too wide) in paragraph at lines 47--4948
\OT1/cmr/m/n/10 02], [ -1.37285046e-01, -5.94568506e-02, 4.96197109e-02], [ -2.
50217098e-01, -1.70030048e-03, -4.40015430e-02], [ -2.41904406e-01, 6.67176851e
-
 []


Overfull \hbox (0.84161pt too wide) in paragraph at lines 47--4948
\OT1/cmr/m/n/10 0.89511323, 0.06488786, -0.13431574], [ 0.95735077, 0.02997264,
 -0.05202837], [ 0.70426525, -0.07823062, -0.108867 ], [ 0.85397956, 0.05130617
,
 []


Overfull \hbox (8.61943pt too wide) in paragraph at lines 47--4948
\OT1/cmr/m/n/10 0.68636663, 0.09938271, 0.02870609], [ 0.78385235, -0.02275962,
 -0.03818147], [ 0.79834911, -0.00831523, -0.02575591], [ 0.70237091, 0.0558648
9,
 []


Overfull \hbox (5.84163pt too wide) in paragraph at lines 47--4948
\OT1/cmr/m/n/10 0.68949509, 0.03679576, -0.05888967], [ 0.70321567, -0.10034357
, -0.01366519], [ 0.72887298, 0.05878038, -0.0150899 ], [ 0.81457657, 0.0481509
5,
 []


Overfull \hbox (3.61935pt too wide) in paragraph at lines 47--4948
\OT1/cmr/m/n/10 0.08734932, 0.0743051 ], [-1.2498444 , 0.01374672, -0.02372411]
, [-1.2735517 , -0.02811152, -0.05468965], [-1.0899639 , -0.01455151, 0.0676806
2],
 []


Overfull \hbox (13.28612pt too wide) in paragraph at lines 47--4948
\OT1/cmr/m/n/10 ], [-0.72757387, 0.08274248, 0.07095932], [-1.18567979, 0.12529
851, -0.05908545], [-0.99664487, 0.00652749, 0.0686928 ], [-1.29871171, 0.12296
545,
 []


Overfull \hbox (3.06383pt too wide) in paragraph at lines 47--4948
\OT1/cmr/m/n/10 0.7066315 , -0.06113104, -0.00780892], [ 0.89543643, -0.0237991
1, -0.02672219], [ 0.78189817, 0.02372143, 0.0232276 ], [ 0.77015723, 0.0295186
7,
 []


Overfull \hbox (15.2861pt too wide) in paragraph at lines 47--4948
\OT1/cmr/m/n/10 0.14842556, -0.00872962, -0.06635386], [-0.10196959, 0.04612177
, 0.02540811], [-0.00228692, -0.02462905, -0.08641074], [-0.04139207, -0.022815
08,
 []


Overfull \hbox (11.39722pt too wide) in paragraph at lines 47--4948
\OT1/cmr/m/n/10 0.05196489], [-0.34129326, 0.04507503, -0.02293856], [-0.467547
5 , 0.03652995, 0.10275869], [-1.13912205, 0.03622899, -0.02994583], [-0.880935
06,
 []


Overfull \hbox (3.61943pt too wide) in paragraph at lines 47--4948
\OT1/cmr/m/n/10 0.10655429], [ 0.67244557, 0.01775204, 0.01121103], [ 0.8731511
6, 0.05731989, 0.06053317], [ 0.67334866, -0.10255386, 0.0228725 ], [ 0.8590400
4,
 []


Overfull \hbox (3.61943pt too wide) in paragraph at lines 47--4948
\OT1/cmr/m/n/10 0.02363927], [ 0.7021346 , 0.00160333, 0.03133734], [ 0.8113628
8, 0.01566183, 0.02498036], [ 0.89024021, -0.03340799, 0.05874948], [ 0.6750519
9,
 []


Overfull \hbox (1.95276pt too wide) in paragraph at lines 47--4948
\OT1/cmr/m/n/10 0.06947278, 0.04317997], [ 0.6770125 , 0.02017936, 0.05535941],
 [ 0.70174148, 0.02398326, -0.00247509], [ 0.88788809, 0.07581201, -0.01021269]
,
 []


Overfull \hbox (5.84163pt too wide) in paragraph at lines 47--4948
\OT1/cmr/m/n/10 0.18857519, 0.06824275, -0.01949993], [ 0.2126024 , -0.10572298
, -0.00236171], [ 0.17324582, -0.11038856, 0.04508601], [ 0.20671132, 0.0489994
6,
 []


Overfull \hbox (5.28609pt too wide) in paragraph at lines 47--4948
\OT1/cmr/m/n/10 -0.03140295, 0.10211973], [ 0.21738376, 0.09351261, 0.0778578 ]
, [ 0.29187522, -0.01930299, 0.06553409], [ 0.33307372, -0.05338027, 0.09965207
],
 []


Overfull \hbox (1.39717pt too wide) in paragraph at lines 47--4948
\OT1/cmr/m/n/10 [ 0.30751006, -0.0633782 , 0.04879072], [ 0.24696898, 0.0973685
3, 0.08250239], [ 0.34100141, -0.0302169 , 0.07146574], [ 0.33949911, 0.0733847
4,
 []


Overfull \hbox (2.5083pt too wide) in paragraph at lines 47--4948
\OT1/cmr/m/n/10 0.20943862, 0.02758095, -0.01052737], [ 0.28124813, 0.0877606 ,
 -0.06028885], [ 0.25749733, -0.04274748, 0.03422576], [ 0.26526566, 0.08779875
,
 []


Overfull \hbox (7.61914pt too wide) in paragraph at lines 47--4948
\OT1/cmr/m/n/10 01], [ -8.91886028e-01, -1.71735290e-02, -4.45173370e-02], [ -7
.21458257e-01, -1.42769480e-02, -3.49217894e-02], [ -8.94370035e-01, -1.7912011
2e-
 []


Overfull \hbox (4.28581pt too wide) in paragraph at lines 47--4948
\OT1/cmr/m/n/10 03, -7.99008418e-02], [ -6.94651624e-01, -5.81315266e-02, -1.58
443139e-01], [ -8.00728586e-01, 1.02972808e-01, -3.01588750e-02], [ -6.86364092
e-
 []


Overfull \hbox (0.95248pt too wide) in paragraph at lines 47--4948
\OT1/cmr/m/n/10 03, -1.04452723e-01], [ -7.22436779e-01, -6.17740399e-02, 1.311
13803e-02], [ -6.98176940e-01, 3.04604340e-02, -8.79964227e-02], [ -9.15393477e
-
 []


Overfull \hbox (2.5083pt too wide) in paragraph at lines 47--4948
\OT1/cmr/m/n/10 0.68789446, -0.03718689, 0.02188684], [ 0.69037985, -0.07057249
, 0.01047959], [ 0.9215476 , -0.09399346, 0.08946601], [ 0.71072137, 0.06182186
,
 []


Overfull \hbox (1.39723pt too wide) in paragraph at lines 47--4948
\OT1/cmr/m/n/10 0.09763808, 0.09939704], [ 0.70661492, -0.03475304, 0.07582193]
, [ 0.70842012, 0.07732366, 0.01251481], [ 0.74195579, 0.03246344, 0.09546877],

 []


Overfull \hbox (5.23036pt too wide) in paragraph at lines 47--4948
\OT1/cmr/m/n/10 1.05593588e-02, 5.05009395e-02], [ 9.66462876e-01, 1.84743638e-
02, 3.18714118e-02]]), ar-ray([[ -1.18869792e+00, -8.37215404e-02, 7.37221251e-

 []


Overfull \hbox (17.61923pt too wide) in paragraph at lines 47--4948
\OT1/cmr/m/n/10 03], [ -1.36594850e+00, -9.23111705e-02, -1.78524052e-02], [ -1
.26748667e+00, -8.09398904e-02, -1.16990088e-01], [ -1.42043811e+00, 2.87168844
e-
 []


Overfull \hbox (30.39705pt too wide) in paragraph at lines 47--4948
\OT1/cmr/m/n/10 02, -4.07800578e-02], [ -1.19987732e+00, -1.36958585e-02, -1.05
246294e-01], [ -1.47350341e+00, -6.80445973e-02, 4.96557325e-02], [ -1.23792236
e+00,
 []


Overfull \hbox (17.61923pt too wide) in paragraph at lines 47--4948
\OT1/cmr/m/n/10 01], [ -1.38183591e+00, -1.95558663e-02, -1.14456422e-01], [ -1
.36295645e+00, -2.15535775e-02, -4.63836516e-02], [ -1.23510839e+00, 3.70315693
e-
 []


Overfull \hbox (23.7304pt too wide) in paragraph at lines 47--4948
\OT1/cmr/m/n/10 02, -5.04775492e-02], [ -1.28118805e+00, 4.96526798e-02, 3.3644
6287e-02], [ -1.30671610e+00, -5.15078843e-02, 2.89011773e-02], [ -1.28576210e+
00,
 []


Overfull \hbox (17.61923pt too wide) in paragraph at lines 47--4948
\OT1/cmr/m/n/10 01], [ -1.27281531e+00, -2.66005144e-02, -1.92434170e-01], [ -1
.30904547e+00, -2.57945962e-02, -1.04743431e-01], [ -1.44133094e+00, 2.92966552
e-
 []


Overfull \hbox (30.39705pt too wide) in paragraph at lines 47--4948
\OT1/cmr/m/n/10 02, -2.09850698e-01], [ -1.33593873e+00, -5.98720469e-03, -1.03
341310e-01], [ -1.44520767e+00, 3.65471571e-02, -2.35724481e-01], [ -1.18484061
e+00,
 []


Overfull \hbox (27.06372pt too wide) in paragraph at lines 47--4948
\OT1/cmr/m/n/10 01, -1.47458495e-01], [ -1.30012779e+00, 8.39254245e-02, -1.848
76246e-01], [ -1.43659324e+00, 1.95427903e-01, -2.16463791e-01], [ -1.18859853e
+00,
 []


Overfull \hbox (27.06372pt too wide) in paragraph at lines 47--4948
\OT1/cmr/m/n/10 01, -2.23291396e-01], [ -1.12467486e+00, 2.19539917e-01, -1.370
83976e-01], [ -1.15562058e+00, 6.52111277e-02, -7.38853880e-02], [ -1.13637634e
+00,
 []


Overfull \hbox (27.06372pt too wide) in paragraph at lines 47--4948
\OT1/cmr/m/n/10 01, 5.25980305e-02], [ -1.05141076e+00, -1.83416905e-03, -7.567
93226e-04], [ -1.06313965e+00, 7.25567534e-02, -5.13560413e-02], [ -1.07508631e
+00,
 []


Overfull \hbox (4.73056pt too wide) in paragraph at lines 47--4948
\OT1/cmr/m/n/10 0.01747379, 0.08630865], [ 1.32414689, -0.05021238, 0.20587698]
, [ 1.51787364, -0.02226479, 0.12259675], [ 1.38225622, 0.09003128, 0.09213463]
,
 []


Overfull \hbox (8.06389pt too wide) in paragraph at lines 47--4948
\OT1/cmr/m/n/10 0.04241434, 0.10156849], [ 1.23785441, -0.03445607, 0.04781201]
, [ 1.40583068, -0.11235939, 0.16996435], [ 1.45268244, -0.00325313, 0.19144926
],
 []


Overfull \hbox (6.95277pt too wide) in paragraph at lines 47--4948
\OT1/cmr/m/n/10 [ 1.28355699, 0.08295325, -0.04203186], [ 1.30650167, 0.0764705
7, 0.12357838], [ 1.45185069, -0.00789532, 0.14378034], [ 1.48537011, 0.1891829
6,
 []


Overfull \hbox (6.39723pt too wide) in paragraph at lines 47--4948
\OT1/cmr/m/n/10 0.10366744], [ 1.45228333, 0.10376977, 0.07725035], [ 1.5906469
1, 0.14905983, 0.04482157], [ 1.50940404, 0.09990573, -0.04195112], [ 1.4885027
2,
 []


Overfull \hbox (3.6194pt too wide) in paragraph at lines 47--4948
\OT1/cmr/m/n/10 0.10164555, -0.03635572], [ 1.551048 , 0.21375654, -0.04532072]
, [ 1.63410135, 0.09181921, -0.01146767], [ 1.82170222, 0.11248931, -0.00563401
],
 []


Overfull \hbox (3.61945pt too wide) in paragraph at lines 47--4948
\OT1/cmr/m/n/10 [ 1.79638807, 0.06667906, -0.04840584], [ 2.08389899, 0.1008974
2, 0.12818527], [ 2.13430929, 0.18708817, 0.16693121], [ 2.27742617, 0.21549133
,
 []


Overfull \hbox (3.0639pt too wide) in paragraph at lines 47--4948
\OT1/cmr/m/n/10 0.19092717], [ 2.21406038, 0.32468015, 0.11547468], [ 1.8442619
8, 0.33348249, 0.07510615], [ 1.68765236, 0.29067944, 0.02745092], [ 1.12587698
,
 []


Overfull \hbox (17.06374pt too wide) in paragraph at lines 47--4948
\OT1/cmr/m/n/10 02, 1.34122085e-02], [ 1.26045366e+00, -7.19145708e-02, 4.42815
933e-02], [ 1.36843240e+00, -1.64079803e-01, -1.08846157e-01], [ 1.20066354e+00
,
 []


Overfull \hbox (13.73041pt too wide) in paragraph at lines 47--4948
\OT1/cmr/m/n/10 01, 1.09814294e-02], [ 1.22648295e+00, -1.89757760e-01, 1.63995
922e-01], [ 1.42367947e+00, -2.27834095e-02, 1.13428065e-01], [ 1.13816597e+00,

 []


Overfull \hbox (6.39723pt too wide) in paragraph at lines 47--4948
\OT1/cmr/m/n/10 0.05724278], [ 0.26065785, 0.09621695, 0.06505436], [ 0.3350601
2, 0.03371898, -0.09975497], [ 0.18235371, 0.08192334, 0.08077228], [ 0.2857816
8,
 []


Overfull \hbox (0.84161pt too wide) in paragraph at lines 47--4948
\OT1/cmr/m/n/10 0.20376492, -0.08644332, 0.00424649], [ 0.16798361, 0.08288065,
 -0.016366 ], [ 0.17774731, -0.07029649, 0.02894587], [ 0.20356573, -0.04262285
,
 []


Overfull \hbox (5.2861pt too wide) in paragraph at lines 47--4948
\OT1/cmr/m/n/10 0.22304938, -0.08687961, -0.07147372], [ 0.28803707, 0.04242385
, 0.04228654], [ 0.21400733, 0.05838621, -0.06112832], [ 0.30078297, 0.01036567
,
 []


Overfull \hbox (14.89708pt too wide) in paragraph at lines 47--4948
\OT1/cmr/m/n/10 -0.04280199], [ 0.28368361, -0.01268852, -0.07276072]]), ar-ray
([[ 6.80738615e-01, -5.05656399e-02, 3.75821638e-02], [ 6.66277202e-01, 1.05864
786e-
 []


Overfull \hbox (5.67499pt too wide) in paragraph at lines 47--4948
\OT1/cmr/m/n/10 5.08549134e-02]]), array([[-0.80239835, 0.08115553, 0.03393872]
, [-0.67739282, 0.02826039, 0.01931463], [-0.68643939, -0.09960695, 0.05862393]
,
 []


Overfull \hbox (8.61945pt too wide) in paragraph at lines 47--4948
\OT1/cmr/m/n/10 0.80318329, 0.04949722, 0.05243163], [-0.83297028, 0.03606602, 
-0.06722747], [-0.85137104, 0.03939075, -0.00464815], [-0.71669663, -0.04658718
,
 []


Overfull \hbox (5.28612pt too wide) in paragraph at lines 47--4948
\OT1/cmr/m/n/10 0.85835184, 0.05884869, -0.03729596], [-0.67834939, 0.10801044,
 -0.02787148], [-0.88663742, 0.00703705, 0.05546479], [-0.81331142, 0.02281285,

 []


Overfull \hbox (2.50832pt too wide) in paragraph at lines 47--4948
\OT1/cmr/m/n/10 0.82914817, 0.07512515, 0.03658584], [-0.70672158, 0.0383074 , 
-0.01483952], [-0.81320833, 0.06502566, -0.02945573], [-0.70762229, 0.11340216,

 []


Overfull \hbox (10.28603pt too wide) in paragraph at lines 47--4948
\OT1/cmr/m/n/10 0.71059894, -0.05669037, -0.08817246], [-0.7314343 , -0.0264258
6, -0.08980367], [-0.7894513 , -0.03831379, -0.08623158], [-0.7722062 , 0.11525
494,
 []


Overfull \hbox (5.28612pt too wide) in paragraph at lines 47--4948
\OT1/cmr/m/n/10 0.71435631, 0.10784083, -0.05692675], [-0.68482406, 0.02150802,
 0.05114846], [-0.74075513, 0.07544512, -0.03762833], [-0.71088143, 0.13986356,

 []


Overfull \hbox (7.50836pt too wide) in paragraph at lines 47--4948
\OT1/cmr/m/n/10 0.08436615], [-0.70000578, 0.00690226, 0.07306066], [-0.6789094
5, 0.02527468, 0.02465893], [-0.70052852, 0.10068568, 0.01031282], [-0.72682242
,
 []


Overfull \hbox (5.2861pt too wide) in paragraph at lines 47--4948
\OT1/cmr/m/n/10 0.22537842, -0.11054257, 0.02282957], [ 0.33812189, -0.00240433
, 0.08631989], [ 0.32032101, -0.00332121, 0.07850932], [ 0.42798297, 0.07825096
,
 []


Overfull \hbox (8.06389pt too wide) in paragraph at lines 47--4948
\OT1/cmr/m/n/10 0.00632261, -0.02447962], [ 0.21406555, -0.02126637, 0.05461064
], [ 0.21010415, 0.00785479, 0.00408869], [ 0.18423093, 0.01163535, -0.00798589
],
 []


Overfull \hbox (8.61945pt too wide) in paragraph at lines 47--4948
\OT1/cmr/m/n/10 0.04519161, -0.04055813], [ 0.2855097 , 0.02891186, 0.02003322]
, [ 0.11781444, 0.07677534, 0.05988233], [ 0.28202658, -0.03466346, 0.06143713]
]),
 []


Overfull \hbox (4.11922pt too wide) in paragraph at lines 47--4948
\OT1/cmr/m/n/10 7.83690092e-02, 4.95439097e-02], [ 6.78425062e-01, 8.87700191e-
02, 3.15362246e-02]]), ar-ray([[ -6.63166099e-01, -7.03870416e-02, -1.97964231e
-
 []


Overfull \hbox (0.95248pt too wide) in paragraph at lines 47--4948
\OT1/cmr/m/n/10 03], [ -8.26983516e-01, 1.74260635e-02, -1.02711576e-01], [ -8.
05834252e-01, 4.06890708e-02, -1.06454652e-01], [ -8.79476872e-01, -1.60120938e
-
 []


Overfull \hbox (0.95248pt too wide) in paragraph at lines 47--4948
\OT1/cmr/m/n/10 02, -2.37062564e-02], [ -8.45880766e-01, 3.05646710e-02, -6.224
79915e-02], [ -7.28926319e-01, 4.67784381e-02, -4.93374083e-02], [ -6.95791197e
-
 []


Overfull \hbox (14.56384pt too wide) in paragraph at lines 47--4948
\OT1/cmr/m/n/10 0.15168831, 0.01820613, -0.10735146], [ 0.1567869 , 0.08930535,
 -0.01522457], [ 0.27123575, -0.07685514, -0.09057999]]), ar-ray([[ -1.24320222
e+00,
 []


Overfull \hbox (17.61923pt too wide) in paragraph at lines 47--4948
\OT1/cmr/m/n/10 03], [ -1.36072003e+00, -7.23587205e-02, -1.28770460e-01], [ -1
.16620690e+00, 1.33816185e-01, -8.02824281e-02], [ -1.22384589e+00, -3.59816923
e-
 []


Overfull \hbox (27.06372pt too wide) in paragraph at lines 47--4948
\OT1/cmr/m/n/10 02, 1.10694729e-02], [ -1.25446662e+00, -3.30691199e-02, 1.2405
5325e-03], [ -1.34276460e+00, -7.26053177e-02, -5.91181532e-02], [ -1.26078762e
+00,
 []


Overfull \hbox (14.2859pt too wide) in paragraph at lines 47--4948
\OT1/cmr/m/n/10 02], [ -1.16471744e+00, 3.32544444e-02, 3.64723923e-02], [ -1.3
1787065e+00, -8.26540716e-02, -3.38573988e-02], [ -1.44651467e+00, -3.94171349e
-
 []


Overfull \hbox (30.39705pt too wide) in paragraph at lines 47--4948
\OT1/cmr/m/n/10 02, 4.14332536e-02], [ -1.20752870e+00, -9.86305472e-02, -1.330
99458e-02], [ -1.27895019e+00, -1.05281694e-01, -7.71126057e-02], [ -1.26854003
e+00,
 []


Overfull \hbox (27.06372pt too wide) in paragraph at lines 47--4948
\OT1/cmr/m/n/10 02, -3.63116100e-02], [ -1.20170033e+00, -2.96734300e-02, -1.23
784938e-02], [ -1.17501999e+00, 4.27900044e-02, 7.84957447e-03], [ -1.23583967e
+00,
 []


Overfull \hbox (27.06372pt too wide) in paragraph at lines 47--4948
\OT1/cmr/m/n/10 01, -1.21672251e-02], [ -1.27083199e+00, 1.01702865e-01, -3.288
14183e-02], [ -1.21180252e+00, 6.26529776e-02, -1.30213277e-01], [ -1.44380293e
+00,
 []


Overfull \hbox (23.7304pt too wide) in paragraph at lines 47--4948
\OT1/cmr/m/n/10 01, -3.93111672e-03], [ -1.09595252e+00, 1.09669995e-01, -3.162
61441e-02], [ -1.14643065e+00, 9.75458054e-02, 4.05779353e-03], [ -1.28582918e+
00,
 []


Overfull \hbox (23.7304pt too wide) in paragraph at lines 47--4948
\OT1/cmr/m/n/10 02, -1.27839278e-02], [ -1.31513880e+00, 1.00491704e-01, 6.5631
9376e-03], [ -1.35473593e+00, 9.28425723e-02, -5.89040117e-02], [ -1.25944272e+
00,
 []


Overfull \hbox (5.23036pt too wide) in paragraph at lines 47--4948
\OT1/cmr/m/n/10 1.18808144e-01, 1.71413374e-01], [ -1.41589616e+00, 9.87207415e
-02, 1.07388972e-01]]), ar-ray([[ 1.70175335e-01, -4.36914845e-02, 3.23049581e-

 []


Overfull \hbox (9.17497pt too wide) in paragraph at lines 47--4948
\OT1/cmr/m/n/10 0.22963085, -0.02573113, 0.02122822], [-0.19375279, -0.09247614
, -0.03203609], [-0.22110182, -0.0127977 , 0.10833103], [-0.19489137, 0.0302743
6,
 []


Overfull \hbox (2.50832pt too wide) in paragraph at lines 47--4948
\OT1/cmr/m/n/10 0.22218827, 0.01611819, 0.06854992], [-0.20235954, 0.06574091, 
0.07691016], [-0.2088396 , -0.09768021, -0.02923952], [-0.20179397, 0.08228471,

 []


Overfull \hbox (11.95277pt too wide) in paragraph at lines 47--4948
\OT1/cmr/m/n/10 0.21896298, -0.01908452, 0.06811253], [-0.35518029, -0.01820888
, -0.03370788], [-0.19616219, -0.09926746, 0.04428757], [-0.38493587, 0.0558414
5,
 []


Overfull \hbox (14.17502pt too wide) in paragraph at lines 47--4948
\OT1/cmr/m/n/10 0.08488698], [-0.38559273, 0.04085922, 0.09951017], [-0.2371318
3, 0.02322596, 0.02980964], [-0.21123167, -0.10324692, -0.08066275], [-0.382197
81,
 []


Overfull \hbox (9.17496pt too wide) in paragraph at lines 47--4948
\OT1/cmr/m/n/10 0.02110344, 0.07732645], [-0.20311542, -0.04950751, -0.0374169 
], [-0.37659736, 0.05616478, 0.0313012 ], [-0.21277971, -0.10847255, -0.0302889
3],
 []


Overfull \hbox (14.73056pt too wide) in paragraph at lines 47--4948
\OT1/cmr/m/n/10 0.06739123, -0.04553916], [-0.15200951, -0.09280057, -0.0275670
8], [-0.21428005, 0.08573183, 0.08136651], [-0.18223027, -0.08884439, 0.0524139
6],
 []


Overfull \hbox (14.73056pt too wide) in paragraph at lines 47--4948
\OT1/cmr/m/n/10 0.09301544, -0.09117926], [-0.24455492, -0.09250392, -0.0427644
8], [-0.17497915, 0.05157934, 0.04137117], [-0.26908219, -0.06385088, 0.0279975
7],
 []


Overfull \hbox (8.61943pt too wide) in paragraph at lines 47--4948
\OT1/cmr/m/n/10 [-0.17057285, 0.0228949 , 0.01021538], [-0.21876826, 0.05876676
, -0.05491565], [-0.23235938, 0.09125189, -0.07476418], [-0.15464156, 0.0194759
1,
 []


Overfull \hbox (3.61943pt too wide) in paragraph at lines 47--4948
\OT1/cmr/m/n/10 0.08586888], [ 0.28703403, 0.01415639, -0.0112185 ], [ 0.214848
22, 0.07189606, 0.00651325], [ 0.29038186, 0.06352667, 0.01078429], [ 0.2878314
2,
 []


Overfull \hbox (5.2861pt too wide) in paragraph at lines 47--4948
\OT1/cmr/m/n/10 0.33489436, 0.00794832, 0.03616124], [ 0.18336759, -0.00277015,
 -0.05652176], [ 0.36125533, 0.04719192, -0.03226437], [ 0.30569563, 0.07601077
,
 []


Overfull \hbox (23.7304pt too wide) in paragraph at lines 47--4948
\OT1/cmr/m/n/10 02, 2.08168935e-03], [ -1.34786131e+00, 5.48000630e-02, 3.38357
127e-02], [ -1.21488060e+00, -5.51009917e-02, -2.47011676e-02], [ -1.12926118e+
00,
 []


Overfull \hbox (17.61923pt too wide) in paragraph at lines 47--4948
\OT1/cmr/m/n/10 03], [ -1.25288732e+00, -1.11666317e-02, 6.39264499e-02], [ -1.
13278623e+00, -6.51354610e-02, -7.01802874e-02], [ -1.26658935e+00, -7.08129476
e-
 []


Overfull \hbox (30.39705pt too wide) in paragraph at lines 47--4948
\OT1/cmr/m/n/10 02, -1.15141135e-01], [ -1.29845098e+00, -5.19063284e-02, 2.607
27824e-02], [ -1.38182406e+00, -3.14453521e-02, -1.12801109e-01], [ -1.14949848
e+00,
 []


Overfull \hbox (27.06372pt too wide) in paragraph at lines 47--4948
\OT1/cmr/m/n/10 01, 9.75210127e-02], [ -1.20783454e+00, -3.08923859e-02, -4.198
02698e-02], [ -1.13496369e+00, -1.91141246e-01, 6.10613950e-02], [ -1.16780025e
+00,
 []


Overfull \hbox (17.61923pt too wide) in paragraph at lines 47--4948
\OT1/cmr/m/n/10 02], [ -1.13953764e+00, -1.24474561e-01, -5.40232109e-02], [ -1
.29759438e+00, -1.71716926e-01, 5.35796824e-02], [ -1.30637193e+00, -1.10228553
e-
 []


Overfull \hbox (27.06372pt too wide) in paragraph at lines 47--4948
\OT1/cmr/m/n/10 01, 3.95004788e-02], [ -1.19945648e+00, -1.05768579e-01, 7.9926
9815e-02], [ -1.18224515e+00, -1.98469833e-01, -6.46292994e-02], [ -1.17091846e
+00,
 []


Overfull \hbox (17.61923pt too wide) in paragraph at lines 47--4948
\OT1/cmr/m/n/10 02], [ -1.21135745e+00, -2.21994563e-01, 7.87419090e-03], [ -1.
20908072e+00, -6.49575653e-02, -7.79160770e-02], [ -1.15064424e+00, -2.01857349
e-
 []


Overfull \hbox (30.39705pt too wide) in paragraph at lines 47--4948
\OT1/cmr/m/n/10 01, -8.43512302e-03], [ -1.23069723e+00, -1.33252337e-01, -6.85
923428e-02], [ -1.12701589e+00, -4.56870693e-02, 2.44509025e-03], [ -1.18732508
e+00,
 []


Overfull \hbox (14.2859pt too wide) in paragraph at lines 47--4948
\OT1/cmr/m/n/10 02], [ -1.24053544e+00, -1.09366575e-01, 8.47569356e-02], [ -1.
54980945e+00, -2.25025203e-02, -5.44381716e-03], [ -1.27923004e+00, 3.03357117e
-
 []


Overfull \hbox (7.61914pt too wide) in paragraph at lines 47--4948
\OT1/cmr/m/n/10 03], [ -8.24605290e-01, -6.90493449e-02, -7.29483748e-03], [ -8
.65731299e-01, -3.40349400e-03, -1.43269674e-01], [ -6.77966995e-01, -4.9621309
6e-
 []


Overfull \hbox (0.95248pt too wide) in paragraph at lines 47--4948
\OT1/cmr/m/n/10 02, -4.10944617e-02], [ -7.64477830e-01, -3.50183670e-02, -5.14
183446e-02], [ -7.52466678e-01, 3.20747718e-02, 2.54225384e-02], [ -6.86946478e
-
 []


Overfull \hbox (0.95248pt too wide) in paragraph at lines 47--4948
\OT1/cmr/m/n/10 02, -8.26377564e-02], [ -6.64685835e-01, 7.70298711e-02, -6.858
15883e-02], [ -6.72619867e-01, 5.35103665e-02, -1.03233553e-01], [ -6.70245739e
-
 []


Overfull \hbox (0.95248pt too wide) in paragraph at lines 47--4948
\OT1/cmr/m/n/10 02], [ -8.07145746e-01, 4.77593884e-02, -6.69529319e-02], [ -6.
50000156e-01, -4.02239564e-02, -1.90020753e-02], [ -7.46392302e-01, 1.45761356e
-
 []


Overfull \hbox (0.95248pt too wide) in paragraph at lines 47--4948
\OT1/cmr/m/n/10 01, 4.45316697e-03], [ -6.44733507e-01, 8.94874494e-02, -5.5722
0024e-02], [ -7.47437571e-01, -2.65320628e-02, -2.74609022e-02], [ -8.20626276e
-
 []


Overfull \hbox (11.95277pt too wide) in paragraph at lines 47--4948
\OT1/cmr/m/n/10 0.70142467, 0.00480822, -0.02165463], [-0.72469403, -0.05240606
, 0.02694885], [-0.81147279, -0.13575894, 0.04454985], [-0.69448313, -0.1055760
4,
 []


Overfull \hbox (11.95276pt too wide) in paragraph at lines 47--4948
\OT1/cmr/m/n/10 0.06959417, 0.03869304], [-0.67052863, 0.0415101 , -0.14252635]
, [-0.69069101, -0.06724651, -0.00517617], [-0.87532523, 0.03879531, -0.0689089
5],
 []


Overfull \hbox (15.28609pt too wide) in paragraph at lines 47--4948
\OT1/cmr/m/n/10 [-0.8512027 , 0.03460257, -0.11743819], [-0.67617191, -0.024178
33, -0.04430311], [-0.80246233, 0.04098285, -0.01562008], [-0.74948535, 0.00458
277,
 []


Overfull \hbox (1.39723pt too wide) in paragraph at lines 47--4948
\OT1/cmr/m/n/10 0.07670228, -0.02899171], [ 0.35015144, 0.07380051, 0.05713602]
, [ 0.32303166, 0.01420831, 0.04452909], [ 0.22304119, 0.08853596, 0.04015025],

 []


Overfull \hbox (0.84158pt too wide) in paragraph at lines 47--4948
\OT1/cmr/m/n/10 -0.11994993], [ 0.72298305, -0.04196287, -0.06251 ], [ 0.733525
48, 0.02931657, 0.03219062], [ 0.73640764, 0.0414775 , -0.17235141], [ 0.729694
57,
 []


Overfull \hbox (17.61923pt too wide) in paragraph at lines 47--4948
\OT1/cmr/m/n/10 02], [ -1.07832643e+00, 3.89616457e-03, -6.14291870e-02], [ -1.
13241552e+00, -9.08290287e-02, -3.27963911e-02], [ -1.10356715e+00, -1.52965625
e-
 []


Overfull \hbox (30.39705pt too wide) in paragraph at lines 47--4948
\OT1/cmr/m/n/10 02, -7.06874477e-03], [ -1.12721629e+00, -1.70233511e-01, 3.295
43986e-02], [ -1.03867937e+00, -1.64783348e-02, -1.13872685e-01], [ -1.05043980
e+00,
 []


Overfull \hbox (20.39706pt too wide) in paragraph at lines 47--4948
\OT1/cmr/m/n/10 02, 4.79798935e-02], [ -1.33502739e+00, -7.45943468e-02, 7.3380
4013e-03], [ -1.17761959e+00, 2.43817863e-02, 1.12655444e-01], [ -1.26179273e+0
0,
 []


Overfull \hbox (23.7304pt too wide) in paragraph at lines 47--4948
\OT1/cmr/m/n/10 02, 3.85332183e-02], [ -1.17658246e+00, 9.86764858e-02, 4.16516
152e-03], [ -1.48887136e+00, -5.62145841e-02, -6.81964383e-03], [ -1.21048719e+
00,
 []


Overfull \hbox (23.7304pt too wide) in paragraph at lines 47--4948
\OT1/cmr/m/n/10 02, 8.28172972e-02], [ -1.29738760e+00, -2.38818582e-02, 1.0775
9918e-02], [ -1.25022713e+00, 8.69128742e-02, -6.11305275e-02], [ -1.49400830e+
00,
 []


Overfull \hbox (20.39706pt too wide) in paragraph at lines 47--4948
\OT1/cmr/m/n/10 02, -4.87378429e-02], [ -1.31150015e+00, 1.21732781e-01, 8.0096
0913e-03], [ -1.59402905e+00, 5.68002449e-02, 7.13842967e-02], [ -1.49313246e+0
0,
 []


Overfull \hbox (1.89703pt too wide) in paragraph at lines 47--4948
\OT1/cmr/m/n/10 1.52727812e-01, 1.24791572e-01], [ -1.28738172e+00, 2.10499949e
-02, 6.99831064e-02]]), ar-ray([[ 6.72339340e-01, 3.65508221e-02, 4.88479810e-
 []


Overfull \hbox (4.11922pt too wide) in paragraph at lines 47--4948
\OT1/cmr/m/n/10 1.56638975e-01, 2.71130518e-02]]), ar-ray([[ 1.76870538e-01, -8
.40772202e-02, -1.36661222e-02], [ 2.63789680e-01, 9.57425164e-02, -3.18547966e
-
 []


Overfull \hbox (0.95248pt too wide) in paragraph at lines 47--4948
\OT1/cmr/m/n/10 02], [ -7.14468066e-01, 4.43459892e-03, -1.10344849e-02], [ -8.
82382210e-01, -6.33616697e-02, -5.79411911e-02], [ -8.80803098e-01, 2.57696412e
-
 []


Overfull \hbox (0.95248pt too wide) in paragraph at lines 47--4948
\OT1/cmr/m/n/10 02, 1.01765902e-01], [ -6.35169196e-01, -2.45015077e-02, -4.719
20661e-02], [ -6.40349789e-01, 2.28592303e-02, -3.46137819e-02], [ -6.11162052e
-
 []


Overfull \hbox (0.95248pt too wide) in paragraph at lines 47--4948
\OT1/cmr/m/n/10 02], [ -7.82898939e-01, -7.93333965e-04, -7.30491073e-02], [ -9
.03425947e-01, 1.21751161e-01, -6.92022635e-02], [ -6.72461890e-01, 1.33590607e
-
 []


Overfull \hbox (7.61914pt too wide) in paragraph at lines 47--4948
\OT1/cmr/m/n/10 02], [ -8.26017907e-01, -4.64212890e-02, -1.23206556e-01], [ -8
.16670630e-01, -3.29199327e-02, -1.17270157e-01], [ -8.25557333e-01, -1.2599404
9e-
 []


Overfull \hbox (0.95248pt too wide) in paragraph at lines 47--4948
\OT1/cmr/m/n/10 01, 1.81164263e-02], [ -7.88343001e-01, -3.75136559e-03, -1.095
68392e-01], [ -7.79972263e-01, 6.55138608e-03, -1.68139706e-01], [ -9.50398858e
-
 []


Overfull \hbox (0.95248pt too wide) in paragraph at lines 47--4948
\OT1/cmr/m/n/10 01], [ -8.72640791e-01, -5.49341399e-02, -9.61614939e-02], [ -7
.50009326e-01, 5.86326692e-03, -1.10072011e-01], [ -7.10931416e-01, 7.74241661e
-
 []


Overfull \hbox (0.95248pt too wide) in paragraph at lines 47--4948
\OT1/cmr/m/n/10 02, -1.75644963e-01], [ -7.00629955e-01, 7.02243803e-02, -2.243
26905e-02], [ -6.82339488e-01, 7.94182954e-02, -1.00980213e-01], [ -6.78390938e
-
 []


Overfull \hbox (0.95248pt too wide) in paragraph at lines 47--4948
\OT1/cmr/m/n/10 02], [ -7.83022646e-01, -5.37893820e-03, -1.31274992e-01], [ -8
.28007708e-01, 6.43074692e-02, -1.48212031e-01], [ -6.75014311e-01, 1.07171366e
-
 []


Overfull \hbox (11.00813pt too wide) in paragraph at lines 47--4948
\OT1/cmr/m/n/10 02], [ -6.26819221e-01, 1.11202959e-01, -3.40911716e-02], [ -5.
68967210e-01, -3.30794401e-02, 3.80843470e-02]]), ar-ray([[ 0.36973736, -0.0981
8454,
 []


Overfull \hbox (4.73056pt too wide) in paragraph at lines 47--4948
\OT1/cmr/m/n/10 0.03456064, -0.01465515], [ 0.19703798, 0.11351741, -0.06128407
], [ 0.28588218, 0.04963043, 0.02740816], [ 0.17951105, 0.10343891, 0.09118717]
,
 []


Overfull \hbox (8.61942pt too wide) in paragraph at lines 47--4948
\OT1/cmr/m/n/10 0.1125288 , 0.09207915], [ 0.26225348, 0.03545192, -0.04953809]
, [ 0.34553283, -0.00825017, -0.06218854], [ 0.30280057, -0.07781208, 0.0723445
3],
 []


Overfull \hbox (4.73056pt too wide) in paragraph at lines 47--4948
\OT1/cmr/m/n/10 0.01433346, 0.00424813], [ 0.18329354, -0.01597314, 0.05151079]
, [ 0.29241835, 0.09216428, -0.03400666], [ 0.21070587, 0.00410252, 0.06775133]
,
 []


Overfull \hbox (4.28581pt too wide) in paragraph at lines 47--4948
\OT1/cmr/m/n/10 02], [ -8.90074015e-01, -4.02239251e-02, -5.90934708e-02], [ -7
.96143283e-01, -1.30023792e-01, -8.14561764e-02], [ -7.13078813e-01, 3.12162495
e-
 []


Overfull \hbox (0.95248pt too wide) in paragraph at lines 47--4948
\OT1/cmr/m/n/10 02, -3.72237026e-02], [ -7.27515643e-01, 3.27879691e-02, 6.4362
1040e-03], [ -8.22807874e-01, -1.48208012e-01, -5.49256731e-02], [ -8.18207283e
-
 []


Overfull \hbox (7.61914pt too wide) in paragraph at lines 47--4948
\OT1/cmr/m/n/10 02, -2.54559087e-02], [ -6.79217713e-01, -4.25642376e-02, -6.62
931359e-02], [ -7.94844476e-01, -7.38519000e-02, -3.00413614e-02], [ -7.5302041
0e-
 []


Overfull \hbox (0.95248pt too wide) in paragraph at lines 47--4948
\OT1/cmr/m/n/10 02], [ -6.67570681e-01, 1.28092775e-02, -9.24643619e-02], [ -6.
93048178e-01, -4.35330418e-02, -3.36939296e-02], [ -7.57246068e-01, 9.22364319e
-
 []


Overfull \hbox (4.28581pt too wide) in paragraph at lines 47--4948
\OT1/cmr/m/n/10 02, -1.10089298e-01], [ -6.58415236e-01, 5.48989038e-02, -1.240
38270e-02], [ -7.57939769e-01, -8.06447604e-02, -3.82115666e-02], [ -6.74567928
e-
 []


Overfull \hbox (0.95248pt too wide) in paragraph at lines 47--4948
\OT1/cmr/m/n/10 02], [ -7.89621723e-01, 9.37022833e-02, -3.43869694e-02], [ -6.
29284385e-01, 1.21629283e-01, -3.23139517e-02], [ -6.25773758e-01, -2.57805047e
-
 []


Overfull \hbox (8.61943pt too wide) in paragraph at lines 47--4948
\OT1/cmr/m/n/10 0.0615908 , -0.05463226], [-0.68961946, -0.01952094, -0.1037411
5], [-0.67529852, 0.05172639, 0.06269956], [-0.70336828, 0.04540145, 0.01295051
],
 []


Overfull \hbox (15.28609pt too wide) in paragraph at lines 47--4948
\OT1/cmr/m/n/10 [-0.71157968, 0.07598165, 0.01564543], [-0.67992121, -0.0325835
2, -0.03557945], [-0.70246721, -0.07221482, -0.1103287 ], [-0.81019963, 0.07402
618,
 []


Overfull \hbox (5.84164pt too wide) in paragraph at lines 47--4948
\OT1/cmr/m/n/10 0.70176851, 0.09776086, 0.10176988], [-0.68927472, 0.06254891, 
-0.05810623], [-0.6977804 , -0.03127336, -0.03478291], [-0.71086202, 0.06895708
,
 []


Overfull \hbox (8.06389pt too wide) in paragraph at lines 47--4948
\OT1/cmr/m/n/10 0.05542872], [-0.75695343, 0.0989739 , 0.07091153], [-0.8814013
4, 0.13177319, 0.10885702], [-0.90568095, 0.12844213, -0.02924119], [-0.7112214
4,
 []


Overfull \hbox (5.2861pt too wide) in paragraph at lines 47--4948
\OT1/cmr/m/n/10 0.06161646, -0.01779473], [-0.88912268, 0.10665699, 0.01953643]
, [-0.88358707, 0.02535446, 0.1356823 ], [-0.78905615, 0.14326815, -0.00129931]
,
 []


Overfull \hbox (5.84163pt too wide) in paragraph at lines 47--4948
\OT1/cmr/m/n/10 [-0.72776564, 0.02687636, -0.00331084], [-0.70948538, 0.0774747
2, 0.13337938], [-0.7642908 , 0.07623719, 0.0720859 ], [-0.76958262, -0.0069431
9,
 []


Overfull \hbox (1.95276pt too wide) in paragraph at lines 47--4948
\OT1/cmr/m/n/10 0.10272221], [-0.8973237 , 0.11506067, 0.1373662 ], [-0.7087905
7, 0.10071595, 0.04870932], [-0.77439092, 0.02934507, 0.12597323], [-0.71292968
,
 []


Overfull \hbox (1.95277pt too wide) in paragraph at lines 47--4948
\OT1/cmr/m/n/10 [-0.67426117, 0.06598951, 0.04463264], [-0.73663602, 0.06335303
, 0.15907261], [-0.65795498, 0.06004262, 0.06411249], [-0.7423257 , 0.00161897,

 []


Overfull \hbox (11.39722pt too wide) in paragraph at lines 47--4948
\OT1/cmr/m/n/10 0.06483561], [-0.85669668, -0.04839867, 0.14950099], [-0.652066
2 , 0.00569051, 0.08507224], [-0.69737871, -0.03480073, 0.06042118], [-0.802798
98,
 []


Overfull \hbox (11.95276pt too wide) in paragraph at lines 47--4948
\OT1/cmr/m/n/10 -0.1071879 , 0.11939249], [-0.79791818, -0.08642607, 0.07489371
], [-0.61801232, -0.11595805, 0.06829545], [-0.61641013, 0.05074375, -0.0344964
3],
 []


Overfull \hbox (8.61943pt too wide) in paragraph at lines 47--4948
\OT1/cmr/m/n/10 0.02327342, 0.02480603], [-0.33402639, 0.04206807, -0.00199672]
, [-0.25692427, -0.08699053, 0.05055088], [-0.2448078 , -0.09037913, 0.03938179
],
 []


Overfull \hbox (11.95276pt too wide) in paragraph at lines 47--4948
\OT1/cmr/m/n/10 [-0.35729914, 0.02969497, 0.04627566], [-0.28088784, 0.07089819
, -0.03914162], [-0.45603312, -0.0476614 , 0.06026048], [-0.28436457, -0.095742
24,
 []


Overfull \hbox (5.84164pt too wide) in paragraph at lines 47--4948
\OT1/cmr/m/n/10 0.28357321, 0.10081074, -0.08761368], [-0.2933877 , -0.03626164
, -0.00932279], [-0.45005825, 0.07403954, 0.01586338], [-0.28458299, 0.10794503
,
 []


Overfull \hbox (3.61937pt too wide) in paragraph at lines 47--4948
\OT1/cmr/m/n/10 0.29031513, 0.10888353, -0.0667177 ], [-0.29853946, 0.00110737,
 -0.0944382 ], [-0.27812046, 0.03807238, -0.1105578 ], [-0.26808464, -0.0090322
7,
 []


Overfull \hbox (5.28609pt too wide) in paragraph at lines 47--4948
\OT1/cmr/m/n/10 0.02508837], [-0.28585191, 0.1086465 , 0.03645697], [-0.2666464
 , 0.03332268, -0.05756688], [-0.31737504, 0.08393173, 0.08396973], [-0.2786807
9,
 []


Overfull \hbox (14.73056pt too wide) in paragraph at lines 47--4948
\OT1/cmr/m/n/10 0.05646904, -0.10285638], [-0.43315762, -0.00360458, -0.0205595
7], [-0.32622924, 0.07875752, -0.07032564], [-0.25302225, 0.09022893, 0.0894976
4],
 []


Overfull \hbox (11.39723pt too wide) in paragraph at lines 47--4948
\OT1/cmr/m/n/10 [-0.23104726, 0.10251078, -0.01576257], [-0.26492897, 0.0109727
3, -0.00961755], [-0.32469932, 0.07938321, 0.10478468], [-0.29885079, 0.0069739
6,
 []


Overfull \hbox (1.95279pt too wide) in paragraph at lines 47--4948
\OT1/cmr/m/n/10 0.27568461, 0.06132924, 0.01961424], [-0.14801501, 0.05487107, 
0.07455828], [-0.11403658, 0.07863331, 0.11885751], [-0.12538803, -0.06605815,
 []


Overfull \hbox (9.17497pt too wide) in paragraph at lines 47--4948
\OT1/cmr/m/n/10 0.12449333, -0.09207477, 0.0992264 ], [-0.00295444, -0.02460888
, 0.00060966], [-0.10781362, 0.03714697, -0.08399354], [-0.10332175, -0.0543056
5,
 []


Overfull \hbox (1.84148pt too wide) in paragraph at lines 47--4948
\OT1/cmr/m/n/10 3.11212429e-02], [ 1.46458547e+00, 4.27319887e-04, -6.29508571e
-03], [ 1.17561129e+00, -1.21659370e-01, -5.32707423e-02], [ 1.45320950e+00,
 []


Overfull \hbox (5.1748pt too wide) in paragraph at lines 47--4948
\OT1/cmr/m/n/10 2.65468377e-02], [ 1.36584080e+00, -1.44029496e-01, -6.52476578
e-02], [ 1.29674971e+00, -1.26251494e-01, -4.91626706e-02], [ 1.28836645e+00,
 []


Overfull \hbox (5.1748pt too wide) in paragraph at lines 47--4948
\OT1/cmr/m/n/10 1.20803018e-01], [ 1.28063484e+00, -9.72153280e-04, -1.35987839
e-02], [ 1.23954295e+00, -7.96218477e-02, -1.15966776e-01], [ 1.29364924e+00,
 []


Overfull \hbox (8.61943pt too wide) in paragraph at lines 47--4948
\OT1/cmr/m/n/10 0.08977769, 0.04973601], [-0.31124468, 0.08734595, -0.0056382 ]
, [-0.21208441, -0.04631289, 0.04352412], [-0.23594119, -0.05591866, 0.04168583
],
 []


Overfull \hbox (11.95276pt too wide) in paragraph at lines 47--4948
\OT1/cmr/m/n/10 0.04955129, 0.02597564], [-0.19433029, 0.10000499, -0.0373149 ]
, [-0.21664056, -0.04732447, 0.07088118], [-0.26392437, -0.00419435, -0.0906619
1],
 []


Overfull \hbox (11.39723pt too wide) in paragraph at lines 47--4948
\OT1/cmr/m/n/10 [-0.20483411, -0.05363374, 0.02246267], [-0.18178583, 0.0789757
1, 0.07875423], [-0.23045437, -0.00102022, 0.02692938], [-0.23337437, 0.0541685
1,
 []


Overfull \hbox (9.17497pt too wide) in paragraph at lines 47--4948
\OT1/cmr/m/n/10 0.21787161, -0.0496375 , -0.05632076], [-0.18889103, 0.01405475
, -0.04529966], [-0.35117515, 0.09604885, 0.06360203], [-0.29444495, -0.0342105
4,
 []


Overfull \hbox (11.39722pt too wide) in paragraph at lines 47--4948
\OT1/cmr/m/n/10 0.03725267], [-0.2359619 , -0.05130225, 0.07699819], [-0.205938
32, 0.02702971, -0.07379155], [-0.22398741, 0.00932671, 0.10023196], [-0.300612
83,
 []


Overfull \hbox (6.39716pt too wide) in paragraph at lines 47--4948
\OT1/cmr/m/n/10 0.0173948 , 0.01251281], [-0.34786783, -0.0442572 , -0.05782589
], [-0.2864334 , -0.08343301, 0.06770253], [-0.29376844, 0.01140759, -0.0888403
1],
 []


Overfull \hbox (0.95248pt too wide) in paragraph at lines 47--4948
\OT1/cmr/m/n/10 02, -9.33615777e-02], [ -7.15811804e-01, 7.75829592e-02, -1.678
67441e-03], [ -8.37493621e-01, -8.09190396e-04, 1.16169190e-02], [ -8.92824329e
-
 []


Overfull \hbox (0.95248pt too wide) in paragraph at lines 47--4948
\OT1/cmr/m/n/10 02, -9.37163285e-02], [ -8.16823140e-01, 1.84279900e-02, -5.194
83691e-02], [ -8.80790006e-01, 1.16684690e-01, -1.28858150e-01], [ -8.19889107e
-
 []


Overfull \hbox (0.95259pt too wide) in paragraph at lines 47--4948
\OT1/cmr/m/n/10 02], [ 1.04388047e+00, -3.90787504e-03, 3.18597856e-02], [ 1.03
617454e+00, 6.40790990e-02, -3.05804474e-02], [ 1.38272982e+00, 1.16830512e-
 []


Overfull \hbox (17.06374pt too wide) in paragraph at lines 47--4948
\OT1/cmr/m/n/10 01, -1.70044583e-02], [ 1.13227646e+00, 1.08294291e-01, -5.9997
6553e-02], [ 1.20518489e+00, 8.67465555e-02, -1.98655259e-02], [ 1.10061505e+00
,
 []


Overfull \hbox (20.39706pt too wide) in paragraph at lines 47--4948
\OT1/cmr/m/n/10 02, 1.00695731e-01], [ -1.19427346e+00, 4.28875474e-02, 7.76983
534e-02], [ -1.25927490e+00, -7.71803039e-02, 1.95649201e-02], [ -1.34091995e+0
0,
 []


Overfull \hbox (30.39705pt too wide) in paragraph at lines 47--4948
\OT1/cmr/m/n/10 02, -5.06083763e-02], [ -1.12662875e+00, -4.60653332e-02, 5.509
60553e-02], [ -1.34186105e+00, -1.01996066e-02, -6.23072784e-02], [ -1.43992849
e+00,
 []


Overfull \hbox (10.95258pt too wide) in paragraph at lines 47--4948
\OT1/cmr/m/n/10 02], [ -1.20170198e+00, 4.61627686e-02, -1.04104827e-01], [ -1.
12778429e+00, 5.09817164e-02, 3.11353895e-02], [ -1.24895607e+00, -6.94941051e-

 []


Overfull \hbox (27.06372pt too wide) in paragraph at lines 47--4948
\OT1/cmr/m/n/10 02, -3.48725507e-02], [ -1.36352329e+00, -9.58634187e-02, 8.481
08344e-02], [ -1.13479752e+00, -7.84830519e-02, 7.77862388e-02], [ -1.37408696e
+00,
 []


Overfull \hbox (14.2859pt too wide) in paragraph at lines 47--4948
\OT1/cmr/m/n/10 03], [ -1.21559424e+00, -1.10615200e-01, 7.02528513e-02], [ -1.
20941533e+00, -2.58939488e-01, 2.46799902e-02], [ -1.22660304e+00, -1.20951421e
-
 []


Overfull \hbox (30.39705pt too wide) in paragraph at lines 47--4948
\OT1/cmr/m/n/10 01, -3.52126865e-03], [ -1.28191559e+00, -1.89951052e-01, 5.541
45291e-03], [ -1.34373418e+00, -2.04104291e-01, -7.77366980e-02], [ -1.20727786
e+00,
 []


Overfull \hbox (17.61923pt too wide) in paragraph at lines 47--4948
\OT1/cmr/m/n/10 02], [ -1.22984303e+00, -4.84358670e-02, -9.05013649e-03], [ -1
.38643082e+00, -6.89045709e-02, 4.30689517e-03], [ -1.26895685e+00, -1.03917745
e-
 []


Overfull \hbox (30.39705pt too wide) in paragraph at lines 47--4948
\OT1/cmr/m/n/10 01, -4.62620457e-02], [ -1.26179132e+00, -1.83053669e-01, 4.540
75708e-02], [ -1.26474762e+00, -1.64710683e-01, -7.15098693e-02], [ -1.14954444
e+00,
 []


Overfull \hbox (4.17497pt too wide) in paragraph at lines 47--4948
\OT1/cmr/m/n/10 [ 0.74344876, 0.08100651, -0.09837824], [ 0.7323593 , 0.0811748
2, 0.03085159], [ 0.89695968, 0.11771724, -0.02692445], [ 0.65484517, 0.1491009
4,
 []


Overfull \hbox (8.06389pt too wide) in paragraph at lines 47--4948
\OT1/cmr/m/n/10 0.02573436, 0.08866369], [ 0.75777018, -0.04276976, 0.09587789]
, [ 0.70348801, -0.06143178, -0.00129577], [ 0.75813685, 0.01408423, 0.15204879
],
 []


Overfull \hbox (5.28609pt too wide) in paragraph at lines 47--4948
\OT1/cmr/m/n/10 0.0637953 ], [-0.19623158, 0.04827241, 0.1119761 ], [-0.3490365
9, -0.04031248, 0.11685963], [-0.25128546, 0.06080528, 0.01685673], [-0.3562860
6,
 []


Overfull \hbox (8.0639pt too wide) in paragraph at lines 47--4948
\OT1/cmr/m/n/10 -0.00716917, 0.00590424], [-0.33008881, 0.02134309, 0.05206339]
, [-0.24291051, -0.05408222, 0.07875765], [-0.34896845, 0.07705799, 0.12434028]
,
 []


Overfull \hbox (3.61942pt too wide) in paragraph at lines 47--4948
\OT1/cmr/m/n/10 0.04046399, 0.02894231], [-0.38736582, 0.06629307, -0.04271498]
, [-0.339312 , -0.10962927, 0.04988793], [-0.39164799, -0.10041032, 0.02460802]
,
 []


Overfull \hbox (2.50826pt too wide) in paragraph at lines 47--4948
\OT1/cmr/m/n/10 0.0006535 , -0.02779914], [-0.20176255, -0.01503 , 0.00043971],
 [-0.26697723, 0.08642738, -0.08743352], [-0.14511805, -0.08355917, -0.03493173
],
 []


Overfull \hbox (8.61943pt too wide) in paragraph at lines 47--4948
\OT1/cmr/m/n/10 0.08750695, 0.03878954], [-0.27261374, -0.05641276, 0.01021396]
, [-0.26120184, -0.08402529, -0.00232933], [-0.19551138, 0.0085637 , 0.02061511
],
 []


Overfull \hbox (8.4527pt too wide) in paragraph at lines 47--4948
\OT1/cmr/m/n/10 [-0.26658403, -0.09205485, -0.11815138], [-0.18064114, -0.04109
848, -0.05139486], [-0.17956852, 0.08073884, 0.05097478]]), ar-ray([[ -6.395136
86e-
 []


Overfull \hbox (0.95248pt too wide) in paragraph at lines 47--4948
\OT1/cmr/m/n/10 02], [ -6.93889013e-01, 5.16683398e-02, -4.87952699e-02], [ -6.
15929105e-01, 1.37224734e-01, -7.55277935e-02], [ -7.08436539e-01, -8.03074485e
-
 []


Overfull \hbox (0.95248pt too wide) in paragraph at lines 47--4948
\OT1/cmr/m/n/10 02, 4.16091154e-02], [ -6.16671571e-01, 2.52039555e-02, -1.0386
1283e-01], [ -6.07061666e-01, -2.00347965e-02, -1.24391706e-01], [ -8.15049393e
-
 []


Overfull \hbox (7.61914pt too wide) in paragraph at lines 47--4948
\OT1/cmr/m/n/10 02], [ -6.63040070e-01, -8.38823077e-03, -2.26743176e-02], [ -6
.38649769e-01, -7.04092392e-02, -1.58340771e-01], [ -6.31829366e-01, -2.0236135
6e-
 []


Overfull \hbox (4.28581pt too wide) in paragraph at lines 47--4948
\OT1/cmr/m/n/10 02, -7.13826826e-02], [ -8.33924923e-01, -5.23815848e-02, -2.90
650377e-02], [ -8.69148535e-01, 8.45157940e-02, -4.55632991e-02], [ -8.09750915
e-
 []


Overfull \hbox (4.28581pt too wide) in paragraph at lines 47--4948
\OT1/cmr/m/n/10 02], [ -7.12070912e-01, 6.07227807e-02, -3.01093303e-02], [ -7.
47714233e-01, -1.87169095e-02, -8.83469027e-02], [ -8.82247889e-01, -8.99043069
e-
 []


Overfull \hbox (0.95248pt too wide) in paragraph at lines 47--4948
\OT1/cmr/m/n/10 02, -1.27744772e-01], [ -8.42682771e-01, 1.52472817e-02, -3.613
09578e-02], [ -7.21175783e-01, 3.19771888e-02, -1.21015307e-01], [ -7.33073473e
-
 []


Overfull \hbox (0.95248pt too wide) in paragraph at lines 47--4948
\OT1/cmr/m/n/10 02], [ -7.77311166e-01, 4.41730176e-02, -1.20949006e-01], [ -8.
77817897e-01, 3.59969093e-02, -7.38884894e-02], [ -9.76428127e-01, -8.81620088e
-
 []


Overfull \hbox (4.28581pt too wide) in paragraph at lines 47--4948
\OT1/cmr/m/n/10 02], [ -7.83757690e-01, -9.33315905e-02, -3.80948911e-02], [ -9
.29905558e-01, -5.93231185e-02, -1.48780172e-01], [ -7.86020393e-01, 8.36078002
e-
 []


Overfull \hbox (0.95248pt too wide) in paragraph at lines 47--4948
\OT1/cmr/m/n/10 02, -5.35365082e-02], [ -9.23696029e-01, 5.26521780e-02, -4.884
62988e-03], [ -7.80527467e-01, -1.02721566e-01, 3.59156919e-02], [ -9.32456293e
-
 []

[1

{/var/lib/texmf/fonts/map/pdftex/updmap/pdftex.map}] [2] [3] [4] [5] [6]
[7] [8] [9] [10] [11] [12] [13] [14] [15] [16] [17] [18] [19] [20] [21]
[22] [23] [24] [25] [26] <control_dpn_all.png, id=86, 1156.32pt x 578.16pt>
File: control_dpn_all.png Graphic file (type png)

<use control_dpn_all.png>
Package pdftex.def Info: control_dpn_all.png used on input line 4949.
(pdftex.def)             Requested size: 1040.6784pt x 520.33919pt.

Overfull \hbox (432.07393pt too wide) in paragraph at lines 4949--4950
 [] 
 []

[27 <./control_dpn_all.png>] (./report.aux) ) 
Here is how much of TeX's memory you used:
 1942 strings out of 494902
 28066 string characters out of 6179890
 503849 words of memory out of 5000000
 5254 multiletter control sequences out of 15000+600000
 3640 words of font info for 14 fonts, out of 8000000 for 9000
 36 hyphenation exceptions out of 8191
 39i,5n,32p,251b,173s stack positions out of 5000i,500n,10000p,200000b,80000s
</usr/share/texlive/texmf-dist/fon
ts/type1/public/amsfonts/cm/cmr10.pfb>
Output written on report.pdf (27 pages, 735492 bytes).
PDF statistics:
 98 PDF objects out of 1000 (max. 8388607)
 65 compressed objects within 1 object stream
 0 named destinations out of 1000 (max. 500000)
 6 words of extra memory for PDF output out of 10000 (max. 10000000)

