This is pdfTeX, Version 3.14159265-2.6-1.40.17 (TeX Live 2016/Debian) (preloaded format=pdflatex 2017.10.13)  23 OCT 2017 23:53
entering extended mode
 restricted \write18 enabled.
 %&-line parsing enabled.
**report.tex
(./report.tex
LaTeX2e <2017/01/01> patch level 3
Babel <3.9r> and hyphenation patterns for 5 language(s) loaded.
(/usr/share/texlive/texmf-dist/tex/latex/base/article.cls
Document Class: article 2014/09/29 v1.4h Standard LaTeX document class
(/usr/share/texlive/texmf-dist/tex/latex/base/size10.clo
File: size10.clo 2014/09/29 v1.4h Standard LaTeX file (size option)
)
\c@part=\count79
\c@section=\count80
\c@subsection=\count81
\c@subsubsection=\count82
\c@paragraph=\count83
\c@subparagraph=\count84
\c@figure=\count85
\c@table=\count86
\abovecaptionskip=\skip41
\belowcaptionskip=\skip42
\bibindent=\dimen102
)
(/usr/share/texlive/texmf-dist/tex/latex/graphics/graphicx.sty
Package: graphicx 2014/10/28 v1.0g Enhanced LaTeX Graphics (DPC,SPQR)

(/usr/share/texlive/texmf-dist/tex/latex/graphics/keyval.sty
Package: keyval 2014/10/28 v1.15 key=value parser (DPC)
\KV@toks@=\toks14
)
(/usr/share/texlive/texmf-dist/tex/latex/graphics/graphics.sty
Package: graphics 2016/10/09 v1.0u Standard LaTeX Graphics (DPC,SPQR)

(/usr/share/texlive/texmf-dist/tex/latex/graphics/trig.sty
Package: trig 2016/01/03 v1.10 sin cos tan (DPC)
)
(/usr/share/texlive/texmf-dist/tex/latex/graphics-cfg/graphics.cfg
File: graphics.cfg 2016/06/04 v1.11 sample graphics configuration
)
Package graphics Info: Driver file: pdftex.def on input line 99.

(/usr/share/texlive/texmf-dist/tex/latex/graphics-def/pdftex.def
File: pdftex.def 2017/01/12 v0.06k Graphics/color for pdfTeX

(/usr/share/texlive/texmf-dist/tex/generic/oberdiek/infwarerr.sty
Package: infwarerr 2016/05/16 v1.4 Providing info/warning/error messages (HO)
)
(/usr/share/texlive/texmf-dist/tex/generic/oberdiek/ltxcmds.sty
Package: ltxcmds 2016/05/16 v1.23 LaTeX kernel commands for general use (HO)
)
\Gread@gobject=\count87
))
\Gin@req@height=\dimen103
\Gin@req@width=\dimen104
)
(/usr/share/texlive/texmf-dist/tex/latex/geometry/geometry.sty
Package: geometry 2010/09/12 v5.6 Page Geometry

(/usr/share/texlive/texmf-dist/tex/generic/oberdiek/ifpdf.sty
Package: ifpdf 2016/05/14 v3.1 Provides the ifpdf switch
)
(/usr/share/texlive/texmf-dist/tex/generic/oberdiek/ifvtex.sty
Package: ifvtex 2016/05/16 v1.6 Detect VTeX and its facilities (HO)
Package ifvtex Info: VTeX not detected.
)
(/usr/share/texlive/texmf-dist/tex/generic/ifxetex/ifxetex.sty
Package: ifxetex 2010/09/12 v0.6 Provides ifxetex conditional
)
\Gm@cnth=\count88
\Gm@cntv=\count89
\c@Gm@tempcnt=\count90
\Gm@bindingoffset=\dimen105
\Gm@wd@mp=\dimen106
\Gm@odd@mp=\dimen107
\Gm@even@mp=\dimen108
\Gm@layoutwidth=\dimen109
\Gm@layoutheight=\dimen110
\Gm@layouthoffset=\dimen111
\Gm@layoutvoffset=\dimen112
\Gm@dimlist=\toks15
) (./report.aux)
\openout1 = `report.aux'.

LaTeX Font Info:    Checking defaults for OML/cmm/m/it on input line 7.
LaTeX Font Info:    ... okay on input line 7.
LaTeX Font Info:    Checking defaults for T1/cmr/m/n on input line 7.
LaTeX Font Info:    ... okay on input line 7.
LaTeX Font Info:    Checking defaults for OT1/cmr/m/n on input line 7.
LaTeX Font Info:    ... okay on input line 7.
LaTeX Font Info:    Checking defaults for OMS/cmsy/m/n on input line 7.
LaTeX Font Info:    ... okay on input line 7.
LaTeX Font Info:    Checking defaults for OMX/cmex/m/n on input line 7.
LaTeX Font Info:    ... okay on input line 7.
LaTeX Font Info:    Checking defaults for U/cmr/m/n on input line 7.
LaTeX Font Info:    ... okay on input line 7.
(/usr/share/texlive/texmf-dist/tex/context/base/mkii/supp-pdf.mkii
[Loading MPS to PDF converter (version 2006.09.02).]
\scratchcounter=\count91
\scratchdimen=\dimen113
\scratchbox=\box26
\nofMPsegments=\count92
\nofMParguments=\count93
\everyMPshowfont=\toks16
\MPscratchCnt=\count94
\MPscratchDim=\dimen114
\MPnumerator=\count95
\makeMPintoPDFobject=\count96
\everyMPtoPDFconversion=\toks17
) (/usr/share/texlive/texmf-dist/tex/generic/oberdiek/pdftexcmds.sty
Package: pdftexcmds 2016/05/21 v0.22 Utility functions of pdfTeX for LuaTeX (HO
)

(/usr/share/texlive/texmf-dist/tex/generic/oberdiek/ifluatex.sty
Package: ifluatex 2016/05/16 v1.4 Provides the ifluatex switch (HO)
Package ifluatex Info: LuaTeX not detected.
)
Package pdftexcmds Info: LuaTeX not detected.
Package pdftexcmds Info: \pdf@primitive is available.
Package pdftexcmds Info: \pdf@ifprimitive is available.
Package pdftexcmds Info: \pdfdraftmode found.
)
(/usr/share/texlive/texmf-dist/tex/latex/oberdiek/epstopdf-base.sty
Package: epstopdf-base 2016/05/15 v2.6 Base part for package epstopdf

(/usr/share/texlive/texmf-dist/tex/latex/oberdiek/grfext.sty
Package: grfext 2016/05/16 v1.2 Manage graphics extensions (HO)

(/usr/share/texlive/texmf-dist/tex/generic/oberdiek/kvdefinekeys.sty
Package: kvdefinekeys 2016/05/16 v1.4 Define keys (HO)
))
(/usr/share/texlive/texmf-dist/tex/latex/oberdiek/kvoptions.sty
Package: kvoptions 2016/05/16 v3.12 Key value format for package options (HO)

(/usr/share/texlive/texmf-dist/tex/generic/oberdiek/kvsetkeys.sty
Package: kvsetkeys 2016/05/16 v1.17 Key value parser (HO)

(/usr/share/texlive/texmf-dist/tex/generic/oberdiek/etexcmds.sty
Package: etexcmds 2016/05/16 v1.6 Avoid name clashes with e-TeX commands (HO)
Package etexcmds Info: Could not find \expanded.
(etexcmds)             That can mean that you are not using pdfTeX 1.50 or
(etexcmds)             that some package has redefined \expanded.
(etexcmds)             In the latter case, load this package earlier.
)))
Package epstopdf-base Info: Redefining graphics rule for `.eps' on input line 4
38.
Package grfext Info: Graphics extension search list:
(grfext)             [.png,.pdf,.jpg,.mps,.jpeg,.jbig2,.jb2,.PNG,.PDF,.JPG,.JPE
G,.JBIG2,.JB2,.eps]
(grfext)             \AppendGraphicsExtensions on input line 456.

(/usr/share/texlive/texmf-dist/tex/latex/latexconfig/epstopdf-sys.cfg
File: epstopdf-sys.cfg 2010/07/13 v1.3 Configuration of (r)epstopdf for TeX Liv
e
))
*geometry* driver: auto-detecting
*geometry* detected driver: pdftex
*geometry* verbose mode - [ preamble ] result:
* driver: pdftex
* paper: <default>
* layout: <same size as paper>
* layoutoffset:(h,v)=(0.0pt,0.0pt)
* modes: 
* h-part:(L,W,R)=(2.84526pt, 608.60448pt, 2.84526pt)
* v-part:(T,H,B)=(2.84526pt, 789.27946pt, 2.84526pt)
* \paperwidth=614.295pt
* \paperheight=794.96999pt
* \textwidth=608.60448pt
* \textheight=789.27946pt
* \oddsidemargin=-69.42473pt
* \evensidemargin=-69.42473pt
* \topmargin=-106.42473pt
* \headheight=12.0pt
* \headsep=25.0pt
* \topskip=10.0pt
* \footskip=30.0pt
* \marginparwidth=65.0pt
* \marginparsep=11.0pt
* \columnsep=10.0pt
* \skip\footins=9.0pt plus 4.0pt minus 2.0pt
* \hoffset=0.0pt
* \voffset=0.0pt
* \mag=1000
* \@twocolumnfalse
* \@twosidefalse
* \@mparswitchfalse
* \@reversemarginfalse
* (1in=72.27pt=25.4mm, 1cm=28.453pt)


Overfull \hbox (6.95256pt too wide) in paragraph at lines 69--1270
\OT1/cmr/m/n/10 02], ..., [ 6.30004969e-02, 4.85347744e-02, 1.23290258e-03, ...
, 5.59218525e-06, -8.81363289e-02, 1.76809848e-01], [ -5.16911779e-02, 5.273338
64e-
 []


Overfull \hbox (1.67496pt too wide) in paragraph at lines 69--1270
\OT1/cmr/m/n/10 0.08582768, 0.08587297, ..., -0.0599283 , -0.10076121, 0.110467
18]]), array([[-0.07276801, 0.01089194, 0.05036967, ..., -0.01536622, -0.050246
25,
 []


Overfull \hbox (6.95256pt too wide) in paragraph at lines 69--1270
\OT1/cmr/m/n/10 03, 1.88018760e-01], ..., [ 8.16984198e-02, -7.92763162e-02, 9.
22017334e-02, ..., -1.58241309e-04, 2.49887983e-02, 1.35532646e-01], [ 9.975568
14e-
 []


Overfull \hbox (10.00827pt too wide) in paragraph at lines 69--1270
\OT1/cmr/m/n/10 02, ..., 1.02086635e-03, 4.07678584e-02, 5.53497014e-02]]), arr
ay([[-0.06874653, 0.07863347, 0.02722733, ..., -0.0826643 , 0.07989464, 0.24018
603],
 []


Overfull \hbox (3.89719pt too wide) in paragraph at lines 69--1270
\OT1/cmr/m/n/10 array([[-0.04595281, 0.04119706, -0.09947838, ..., -0.09249526,
 0.07670899, 0.11772013], [-0.09502412, -0.07117898, 0.08841363, ..., -0.075649
98,
 []


Overfull \hbox (0.56384pt too wide) in paragraph at lines 69--1270
\OT1/cmr/m/n/10 0.03311902, 0.01641135, -0.04088971, ..., -0.08095172, 0.020788
55, 0.12426267]]), ar-ray([[ 0.02555867, -0.05357918, -0.0017378 , ..., 0.00466
032,
 []


Overfull \hbox (4.95277pt too wide) in paragraph at lines 69--1270
\OT1/cmr/m/n/10 0.08815365, 0.05909114], [ 0.09651134, 0.0145682 , 0.06807839, 
..., -0.03740061, -0.04376345, 0.20253827], [ 0.08283988, 0.09884139, 0.1019113
8,
 []


Overfull \hbox (7.23055pt too wide) in paragraph at lines 69--1270
\OT1/cmr/m/n/10 0.02102514, ..., 0.04974097, -0.02833985, 0.21125575]]), array(
[[-0.07025552, -0.02475147, 0.05558654, ..., -0.08427967, -0.06931271, 0.134817
12],
 []


Overfull \hbox (1.67496pt too wide) in paragraph at lines 69--1270
\OT1/cmr/m/n/10 0.07129479, -0.07982942, 0.02515781, ..., -0.07219085, -0.06004
754, 0.15495885]]), array([[-0.0109626 , -0.08036928, 0.07088524, ..., 0.053087
93,
 []


Overfull \hbox (4.0639pt too wide) in paragraph at lines 69--1270
\OT1/cmr/m/n/10 0.01556951, 0.04344944, ..., 0.06982118, 0.02699898, 0.07252965
], [ 0.0451222 , 0.09803869, 0.08133818, ..., 0.01326625, 0.0141421 , 0.0858504
2],
 []


Overfull \hbox (3.89722pt too wide) in paragraph at lines 69--1270
\OT1/cmr/m/n/10 0.09161768, ..., -0.07244476, 0.05739803, 0.03648235]]), array(
[[-0.04816764, -0.02767384, 0.01478506, ..., 0.08486819, -0.06563618, 0.0709450
2],
 []


Overfull \hbox (13.61922pt too wide) in paragraph at lines 69--1270
\OT1/cmr/m/n/10 01], ..., [ -1.63866330e-02, -7.83963577e-02, 1.41138799e-01, .
.., 1.74782142e-02, -8.28362830e-02, 1.40699337e-01], [ -7.95375116e-03, 7.0122
0118e-
 []


Overfull \hbox (9.45276pt too wide) in paragraph at lines 69--1270
\OT1/cmr/m/n/10 -0.00775047, ..., -0.05780236, -0.04463983, 0.23278472]]), ar-r
ay([[ 0.03447789, -0.04087304, 0.04427128, ..., 0.10210661, -0.01579967, 0.1870
2276],
 []


Overfull \hbox (5.84143pt too wide) in paragraph at lines 69--1270
\OT1/cmr/m/n/10 02, ..., 6.97714272e-03, 3.45231363e-02, 1.65426478e-01], [ -3.
33846570e-02, 8.96625648e-03, -1.28367126e-02, ..., -6.18061795e-02, -1.7790454
2e-
 []


Overfull \hbox (6.06389pt too wide) in paragraph at lines 69--1270
\OT1/cmr/m/n/10 0.04378728, 0.04855536], [ 0.06830473, 0.00533412, -0.05343488,
 ..., 0.03125695, -0.0390453 , 0.08651958], [-0.04328821, 0.07904785, 0.0737749
9,
 []


Overfull \hbox (6.11942pt too wide) in paragraph at lines 69--1270
\OT1/cmr/m/n/10 ..., 0.05538615, -0.05271821, 0.17234488]]), array([[-0.0840718
4, 0.05021738, 0.03588138, ..., -0.0299936 , -0.02872857, 0.06672603], [ 0.0607
3896,
 []


Overfull \hbox (6.67496pt too wide) in paragraph at lines 69--1270
\OT1/cmr/m/n/10 0.02869874, ..., -0.05843846, -0.03440791, 0.1318771 ]]), ar-ra
y([[ 0.01653758, -0.01863147, 0.00122376, ..., -0.04255823, -0.02665695, 0.1489
0494],
 []


Overfull \hbox (0.53604pt too wide) in paragraph at lines 69--1270
\OT1/cmr/m/n/10 ray([[ 0.07889523, -0.06139494, -0.00044018, ..., -0.05868585, 
-0.02670533, 0.18401652], [-0.04099505, -0.04118746, -0.02641905, ..., 0.099703
71,
 []


Overfull \hbox (10.28589pt too wide) in paragraph at lines 69--1270
\OT1/cmr/m/n/10 01, 2.23246590e-01], [ 3.14813722e-02, -2.32774146e-02, -1.1173
1368e-04, ..., 4.18248085e-02, -8.86402675e-02, 2.31566928e-01], ..., [ 7.29041
293e-
 []


Overfull \hbox (13.61922pt too wide) in paragraph at lines 69--1270
\OT1/cmr/m/n/10 02, 4.79069374e-02], ..., [ -4.58061967e-02, -5.67003230e-02, 1
.66474408e-02, ..., -8.75163512e-02, -3.88215941e-02, 1.31199541e-01], [ 7.2592
3981e-
 []


Overfull \hbox (3.50836pt too wide) in paragraph at lines 69--1270
\OT1/cmr/m/n/10 0.09336566, -0.08198336, ..., 0.01862156, 0.02402053, 0.1453154
2], [-0.05115873, 0.03453818, 0.01018141, ..., 0.01309995, 0.06303931, 0.104364
6
 []


Overfull \hbox (0.2305pt too wide) in paragraph at lines 69--1270
\OT1/cmr/m/n/10 ]]), ar-ray([[ 0.02080889, 0.02808937, -0.06849903, ..., -0.079
03165, 0.00109 , 0.15599423], [ 0.05174412, 0.07191908, -0.02697065, ..., 0.077
82195,
 []


Overfull \hbox (1.11943pt too wide) in paragraph at lines 69--1270
\OT1/cmr/m/n/10 0.05581812, 0.02339675, 0.07769289, ..., 0.07671504, -0.0535525
1, 0.14024529]]), array([[-0.07256791, -0.02680972, 0.07112605, ..., -0.0793731
6,
 []


Overfull \hbox (2.3972pt too wide) in paragraph at lines 69--1270
\OT1/cmr/m/n/10 0.04292248, 0.04825544, ..., 0.04245899, -0.06780764, 0.1886029
8], [-0.00490969, -0.02749793, 0.10092686, ..., -0.009416 , 0.00967676, 0.06307
15
 []


Overfull \hbox (10.0083pt too wide) in paragraph at lines 69--1270
\OT1/cmr/m/n/10 0.05191784, -0.06672841, ..., -0.02694021, -0.08092569, 0.13453
442]]), ar-ray([[ 0.07289103, -0.00573345, -0.09747331, ..., -0.08457334, 0.029
47554,
 []


Overfull \hbox (16.84172pt too wide) in paragraph at lines 69--1270
\OT1/cmr/m/n/10 0.05431913, 0.0374271 , ..., 0.04947543, 0.05045238, 0.10806061
], [ 0.00878372, -0.01261175, 0.03485756, ..., 0.00275999, 0.03632384, 0.038445
98]]),
 []


Overfull \hbox (1.67496pt too wide) in paragraph at lines 69--1270
\OT1/cmr/m/n/10 ar-ray([[ 0.07843647, -0.04136656, -0.01071035, ..., 0.02742756
, -0.09212854, 0.18975249], [ 0.05109918, 0.05368378, 0.04364338, ..., -0.01949
301,
 []


Overfull \hbox (7.175pt too wide) in paragraph at lines 69--1270
\OT1/cmr/m/n/10 0.07681434, 0.03249083, 0.22878229], [-0.00194872, 0.04293443, 
0.01275559, ..., 0.01850225, -0.0813486 , 0.04012166], [-0.07814221, -0.0616449
3,
 []

[1

{/var/lib/texmf/fonts/map/pdftex/updmap/pdftex.map}] [2] [3] [4] [5]
<control_dpn_all.png, id=19, 1156.32pt x 578.16pt>
File: control_dpn_all.png Graphic file (type png)
 <use control_dpn_all.png>
Package pdftex.def Info: control_dpn_all.png used on input line 1271.
(pdftex.def)             Requested size: 1040.6784pt x 520.33919pt.

Overfull \hbox (432.07393pt too wide) in paragraph at lines 1271--1272
 [] 
 []

[6] [7 <./control_dpn_all.png>] (./report.aux) ) 
Here is how much of TeX's memory you used:
 1944 strings out of 494902
 28088 string characters out of 6179890
 175407 words of memory out of 5000000
 5254 multiletter control sequences out of 15000+600000
 3640 words of font info for 14 fonts, out of 8000000 for 9000
 36 hyphenation exceptions out of 8191
 39i,5n,32p,251b,173s stack positions out of 5000i,500n,10000p,200000b,80000s
</usr/share/texlive/texmf-dist/
fonts/type1/public/amsfonts/cm/cmr10.pfb>
Output written on report.pdf (7 pages, 161824 bytes).
PDF statistics:
 35 PDF objects out of 1000 (max. 8388607)
 22 compressed objects within 1 object stream
 0 named destinations out of 1000 (max. 500000)
 6 words of extra memory for PDF output out of 10000 (max. 10000000)

