This is pdfTeX, Version 3.14159265-2.6-1.40.17 (TeX Live 2016/Debian) (preloaded format=pdflatex 2017.10.13)  23 OCT 2017 23:51
entering extended mode
 restricted \write18 enabled.
 %&-line parsing enabled.
**report.tex
(./report.tex
LaTeX2e <2017/01/01> patch level 3
Babel <3.9r> and hyphenation patterns for 5 language(s) loaded.
(/usr/share/texlive/texmf-dist/tex/latex/base/article.cls
Document Class: article 2014/09/29 v1.4h Standard LaTeX document class
(/usr/share/texlive/texmf-dist/tex/latex/base/size10.clo
File: size10.clo 2014/09/29 v1.4h Standard LaTeX file (size option)
)
\c@part=\count79
\c@section=\count80
\c@subsection=\count81
\c@subsubsection=\count82
\c@paragraph=\count83
\c@subparagraph=\count84
\c@figure=\count85
\c@table=\count86
\abovecaptionskip=\skip41
\belowcaptionskip=\skip42
\bibindent=\dimen102
)
(/usr/share/texlive/texmf-dist/tex/latex/graphics/graphicx.sty
Package: graphicx 2014/10/28 v1.0g Enhanced LaTeX Graphics (DPC,SPQR)

(/usr/share/texlive/texmf-dist/tex/latex/graphics/keyval.sty
Package: keyval 2014/10/28 v1.15 key=value parser (DPC)
\KV@toks@=\toks14
)
(/usr/share/texlive/texmf-dist/tex/latex/graphics/graphics.sty
Package: graphics 2016/10/09 v1.0u Standard LaTeX Graphics (DPC,SPQR)

(/usr/share/texlive/texmf-dist/tex/latex/graphics/trig.sty
Package: trig 2016/01/03 v1.10 sin cos tan (DPC)
)
(/usr/share/texlive/texmf-dist/tex/latex/graphics-cfg/graphics.cfg
File: graphics.cfg 2016/06/04 v1.11 sample graphics configuration
)
Package graphics Info: Driver file: pdftex.def on input line 99.

(/usr/share/texlive/texmf-dist/tex/latex/graphics-def/pdftex.def
File: pdftex.def 2017/01/12 v0.06k Graphics/color for pdfTeX

(/usr/share/texlive/texmf-dist/tex/generic/oberdiek/infwarerr.sty
Package: infwarerr 2016/05/16 v1.4 Providing info/warning/error messages (HO)
)
(/usr/share/texlive/texmf-dist/tex/generic/oberdiek/ltxcmds.sty
Package: ltxcmds 2016/05/16 v1.23 LaTeX kernel commands for general use (HO)
)
\Gread@gobject=\count87
))
\Gin@req@height=\dimen103
\Gin@req@width=\dimen104
)
(/usr/share/texlive/texmf-dist/tex/latex/geometry/geometry.sty
Package: geometry 2010/09/12 v5.6 Page Geometry

(/usr/share/texlive/texmf-dist/tex/generic/oberdiek/ifpdf.sty
Package: ifpdf 2016/05/14 v3.1 Provides the ifpdf switch
)
(/usr/share/texlive/texmf-dist/tex/generic/oberdiek/ifvtex.sty
Package: ifvtex 2016/05/16 v1.6 Detect VTeX and its facilities (HO)
Package ifvtex Info: VTeX not detected.
)
(/usr/share/texlive/texmf-dist/tex/generic/ifxetex/ifxetex.sty
Package: ifxetex 2010/09/12 v0.6 Provides ifxetex conditional
)
\Gm@cnth=\count88
\Gm@cntv=\count89
\c@Gm@tempcnt=\count90
\Gm@bindingoffset=\dimen105
\Gm@wd@mp=\dimen106
\Gm@odd@mp=\dimen107
\Gm@even@mp=\dimen108
\Gm@layoutwidth=\dimen109
\Gm@layoutheight=\dimen110
\Gm@layouthoffset=\dimen111
\Gm@layoutvoffset=\dimen112
\Gm@dimlist=\toks15
)
No file report.aux.
\openout1 = `report.aux'.

LaTeX Font Info:    Checking defaults for OML/cmm/m/it on input line 7.
LaTeX Font Info:    ... okay on input line 7.
LaTeX Font Info:    Checking defaults for T1/cmr/m/n on input line 7.
LaTeX Font Info:    ... okay on input line 7.
LaTeX Font Info:    Checking defaults for OT1/cmr/m/n on input line 7.
LaTeX Font Info:    ... okay on input line 7.
LaTeX Font Info:    Checking defaults for OMS/cmsy/m/n on input line 7.
LaTeX Font Info:    ... okay on input line 7.
LaTeX Font Info:    Checking defaults for OMX/cmex/m/n on input line 7.
LaTeX Font Info:    ... okay on input line 7.
LaTeX Font Info:    Checking defaults for U/cmr/m/n on input line 7.
LaTeX Font Info:    ... okay on input line 7.
(/usr/share/texlive/texmf-dist/tex/context/base/mkii/supp-pdf.mkii
[Loading MPS to PDF converter (version 2006.09.02).]
\scratchcounter=\count91
\scratchdimen=\dimen113
\scratchbox=\box26
\nofMPsegments=\count92
\nofMParguments=\count93
\everyMPshowfont=\toks16
\MPscratchCnt=\count94
\MPscratchDim=\dimen114
\MPnumerator=\count95
\makeMPintoPDFobject=\count96
\everyMPtoPDFconversion=\toks17
) (/usr/share/texlive/texmf-dist/tex/generic/oberdiek/pdftexcmds.sty
Package: pdftexcmds 2016/05/21 v0.22 Utility functions of pdfTeX for LuaTeX (HO
)

(/usr/share/texlive/texmf-dist/tex/generic/oberdiek/ifluatex.sty
Package: ifluatex 2016/05/16 v1.4 Provides the ifluatex switch (HO)
Package ifluatex Info: LuaTeX not detected.
)
Package pdftexcmds Info: LuaTeX not detected.
Package pdftexcmds Info: \pdf@primitive is available.
Package pdftexcmds Info: \pdf@ifprimitive is available.
Package pdftexcmds Info: \pdfdraftmode found.
)
(/usr/share/texlive/texmf-dist/tex/latex/oberdiek/epstopdf-base.sty
Package: epstopdf-base 2016/05/15 v2.6 Base part for package epstopdf

(/usr/share/texlive/texmf-dist/tex/latex/oberdiek/grfext.sty
Package: grfext 2016/05/16 v1.2 Manage graphics extensions (HO)

(/usr/share/texlive/texmf-dist/tex/generic/oberdiek/kvdefinekeys.sty
Package: kvdefinekeys 2016/05/16 v1.4 Define keys (HO)
))
(/usr/share/texlive/texmf-dist/tex/latex/oberdiek/kvoptions.sty
Package: kvoptions 2016/05/16 v3.12 Key value format for package options (HO)

(/usr/share/texlive/texmf-dist/tex/generic/oberdiek/kvsetkeys.sty
Package: kvsetkeys 2016/05/16 v1.17 Key value parser (HO)

(/usr/share/texlive/texmf-dist/tex/generic/oberdiek/etexcmds.sty
Package: etexcmds 2016/05/16 v1.6 Avoid name clashes with e-TeX commands (HO)
Package etexcmds Info: Could not find \expanded.
(etexcmds)             That can mean that you are not using pdfTeX 1.50 or
(etexcmds)             that some package has redefined \expanded.
(etexcmds)             In the latter case, load this package earlier.
)))
Package epstopdf-base Info: Redefining graphics rule for `.eps' on input line 4
38.
Package grfext Info: Graphics extension search list:
(grfext)             [.png,.pdf,.jpg,.mps,.jpeg,.jbig2,.jb2,.PNG,.PDF,.JPG,.JPE
G,.JBIG2,.JB2,.eps]
(grfext)             \AppendGraphicsExtensions on input line 456.

(/usr/share/texlive/texmf-dist/tex/latex/latexconfig/epstopdf-sys.cfg
File: epstopdf-sys.cfg 2010/07/13 v1.3 Configuration of (r)epstopdf for TeX Liv
e
))
*geometry* driver: auto-detecting
*geometry* detected driver: pdftex
*geometry* verbose mode - [ preamble ] result:
* driver: pdftex
* paper: <default>
* layout: <same size as paper>
* layoutoffset:(h,v)=(0.0pt,0.0pt)
* modes: 
* h-part:(L,W,R)=(2.84526pt, 608.60448pt, 2.84526pt)
* v-part:(T,H,B)=(2.84526pt, 789.27946pt, 2.84526pt)
* \paperwidth=614.295pt
* \paperheight=794.96999pt
* \textwidth=608.60448pt
* \textheight=789.27946pt
* \oddsidemargin=-69.42473pt
* \evensidemargin=-69.42473pt
* \topmargin=-106.42473pt
* \headheight=12.0pt
* \headsep=25.0pt
* \topskip=10.0pt
* \footskip=30.0pt
* \marginparwidth=65.0pt
* \marginparsep=11.0pt
* \columnsep=10.0pt
* \skip\footins=9.0pt plus 4.0pt minus 2.0pt
* \hoffset=0.0pt
* \voffset=0.0pt
* \mag=1000
* \@twocolumnfalse
* \@twosidefalse
* \@mparswitchfalse
* \@reversemarginfalse
* (1in=72.27pt=25.4mm, 1cm=28.453pt)


Overfull \hbox (8.61942pt too wide) in paragraph at lines 31--277
\OT1/cmr/m/n/10 0.00587047, -0.06658418], [ 0.73325052, 0.00190145, -0.04272458
], [ 0.90324123, 0.0759291 , -0.06746075], [ 0.74018329, -0.01508013, 0.0380408
1],
 []


Overfull \hbox (4.73056pt too wide) in paragraph at lines 31--277
\OT1/cmr/m/n/10 0.06314323, 0.04633342], [ 0.72835052, 0.06042271, 0.04003631],
 [ 0.77649067, -0.04705185, 0.01728907], [ 0.65420618, -0.08399177, 0.11255151]
,
 []


Overfull \hbox (5.2861pt too wide) in paragraph at lines 31--277
\OT1/cmr/m/n/10 0.76689691, -0.01435058, 0.00799817], [ 1.05291197, 0.01341262,
 0.04266432], [ 0.83978952, -0.02472612, 0.00862171], [ 0.87149574, -0.02797163
,
 []


Overfull \hbox (11.39723pt too wide) in paragraph at lines 31--277
\OT1/cmr/m/n/10 0.07612458, -0.03050083], [-0.33144376, -0.05597573, -0.0127943
7], [-0.29098167, 0.08460351, 0.04074658], [-0.27013408, 0.12083551, 0.00720037
],
 []


Overfull \hbox (11.95277pt too wide) in paragraph at lines 31--277
\OT1/cmr/m/n/10 0.30346609, 0.07461338, -0.07704899], [-0.34926885, -0.07889875
, 0.04048148], [-0.28891037, -0.01388466, 0.10667779], [-0.30052491, -0.0516474
8,
 []


Overfull \hbox (15.2861pt too wide) in paragraph at lines 31--277
\OT1/cmr/m/n/10 0.34107997, 0.05020446, -0.04794629], [-0.31799995, -0.06577895
, -0.05915711], [-0.18789988, -0.01034114, 0.03977642], [-0.32055137, -0.055534
51,
 []


Overfull \hbox (9.17497pt too wide) in paragraph at lines 31--277
\OT1/cmr/m/n/10 0.1727408 , 0.02707685, -0.03699029], [-0.22632191, -0.06490247
, 0.08741695], [-0.25608269, -0.10508866, 0.08072097], [-0.18056913, -0.0068362
2,
 []


Overfull \hbox (9.17497pt too wide) in paragraph at lines 31--277
\OT1/cmr/m/n/10 0.37813465, 0.01513523, 0.00790941], [-0.27119873, -0.09413366,
 -0.07975972], [-0.19729636, -0.0965277 , -0.10281934], [-0.21936264, 0.0046621
1,
 []


Overfull \hbox (1.95276pt too wide) in paragraph at lines 31--277
\OT1/cmr/m/n/10 0.00440722, 0.03019763], [ 0.59433483, -0.0511359 , 0.04617162]
, [ 0.41452617, -0.01098542, 0.09151784], [ 0.40868746, 0.01439414, 0.03156018]
,
 []


Overfull \hbox (1.39717pt too wide) in paragraph at lines 31--277
\OT1/cmr/m/n/10 [ 0.43769992, -0.00365817, -0.01124683], [ 0.5849687 , 0.011276
27, 0.07714522], [ 0.3600145 , 0.08342845, 0.07841952], [ 0.31411652, 0.0821402
2,
 []


Overfull \hbox (0.95248pt too wide) in paragraph at lines 31--277
\OT1/cmr/m/n/10 02], [ -6.97122310e-01, 3.76978457e-02, -1.03367929e-01], [ -7.
87872829e-01, 2.40807371e-02, -1.85925061e-02], [ -6.84063800e-01, -8.74295258e
-
 []


Overfull \hbox (0.95248pt too wide) in paragraph at lines 31--277
\OT1/cmr/m/n/10 02], [ -8.89989888e-01, -3.32807619e-03, -3.62351246e-02], [ -7
.26486486e-01, -5.54922123e-03, 7.23647140e-03], [ -7.57027751e-01, 5.04873230e
-
 []


Overfull \hbox (23.7304pt too wide) in paragraph at lines 31--277
\OT1/cmr/m/n/10 02, 1.51889151e-02], [ -1.21946869e+00, 2.23822748e-02, 2.14432
159e-02], [ -1.34246242e+00, -6.07984017e-02, -6.94115601e-02], [ -1.33630370e+
00,
 []


Overfull \hbox (30.39705pt too wide) in paragraph at lines 31--277
\OT1/cmr/m/n/10 02, -1.27909828e-01], [ -1.38088706e+00, 4.37318505e-02, -1.282
20255e-01], [ -1.36161178e+00, -2.50438183e-03, -7.39732525e-02], [ -1.15232456
e+00,
 []


Overfull \hbox (10.95258pt too wide) in paragraph at lines 31--277
\OT1/cmr/m/n/10 01], [ -1.42011387e+00, 2.32343233e-02, -1.88180737e-01], [ -1.
34010151e+00, 5.80548126e-02, -1.59256406e-01], [ -1.38564716e+00, 1.55187910e-

 []


Overfull \hbox (27.06372pt too wide) in paragraph at lines 31--277
\OT1/cmr/m/n/10 01, -2.09052434e-01], [ -1.37150945e+00, 1.78771767e-01, -1.062
01272e-01], [ -1.16463906e+00, 4.52009128e-02, -1.02922944e-02], [ -1.13756513e
+00,
 []


Overfull \hbox (27.06372pt too wide) in paragraph at lines 31--277
\OT1/cmr/m/n/10 02, 5.68020319e-02], [ -1.22177686e+00, 7.12466010e-02, -3.3871
6750e-02], [ -1.19262296e+00, -4.47661767e-02, -6.05024615e-02], [ -1.14853425e
+00,
 []


Overfull \hbox (14.2859pt too wide) in paragraph at lines 31--277
\OT1/cmr/m/n/10 02], [ -1.27105727e+00, -2.22427137e-02, 1.37362489e-02], [ -1.
17755610e+00, 1.19104004e-01, -1.05129379e-01], [ -1.36706355e+00, -4.70816532e
-
 []


Overfull \hbox (23.7304pt too wide) in paragraph at lines 31--277
\OT1/cmr/m/n/10 02, -2.44151738e-02], [ -1.15807761e+00, 1.68809654e-02, 5.4500
5066e-03], [ -1.17912260e+00, 1.01381542e-01, -2.31541912e-02], [ -1.18938476e+
00,
 []

[1

{/var/lib/texmf/fonts/map/pdftex/updmap/pdftex.map}]
<control_dpn_all.png, id=7, 1156.32pt x 578.16pt>
File: control_dpn_all.png Graphic file (type png)
 <use control_dpn_all.png>
Package pdftex.def Info: control_dpn_all.png used on input line 278.
(pdftex.def)             Requested size: 1040.6784pt x 520.33919pt.

Overfull \hbox (432.07393pt too wide) in paragraph at lines 278--279
 [] 
 []

[2] [3 <./control_dpn_all.png>] (./report.aux) ) 
Here is how much of TeX's memory you used:
 1942 strings out of 494902
 28066 string characters out of 6179890
 98651 words of memory out of 5000000
 5254 multiletter control sequences out of 15000+600000
 3640 words of font info for 14 fonts, out of 8000000 for 9000
 36 hyphenation exceptions out of 8191
 39i,5n,32p,251b,173s stack positions out of 5000i,500n,10000p,200000b,80000s
</usr/share/texlive/texmf-dist/
fonts/type1/public/amsfonts/cm/cmr10.pfb>
Output written on report.pdf (3 pages, 105531 bytes).
PDF statistics:
 21 PDF objects out of 1000 (max. 8388607)
 12 compressed objects within 1 object stream
 0 named destinations out of 1000 (max. 500000)
 6 words of extra memory for PDF output out of 10000 (max. 10000000)

