This is pdfTeX, Version 3.14159265-2.6-1.40.17 (TeX Live 2016/Debian) (preloaded format=pdflatex 2017.10.13)  23 OCT 2017 23:50
entering extended mode
 restricted \write18 enabled.
 %&-line parsing enabled.
**report.tex
(./report.tex
LaTeX2e <2017/01/01> patch level 3
Babel <3.9r> and hyphenation patterns for 5 language(s) loaded.
(/usr/share/texlive/texmf-dist/tex/latex/base/article.cls
Document Class: article 2014/09/29 v1.4h Standard LaTeX document class
(/usr/share/texlive/texmf-dist/tex/latex/base/size10.clo
File: size10.clo 2014/09/29 v1.4h Standard LaTeX file (size option)
)
\c@part=\count79
\c@section=\count80
\c@subsection=\count81
\c@subsubsection=\count82
\c@paragraph=\count83
\c@subparagraph=\count84
\c@figure=\count85
\c@table=\count86
\abovecaptionskip=\skip41
\belowcaptionskip=\skip42
\bibindent=\dimen102
)
(/usr/share/texlive/texmf-dist/tex/latex/graphics/graphicx.sty
Package: graphicx 2014/10/28 v1.0g Enhanced LaTeX Graphics (DPC,SPQR)

(/usr/share/texlive/texmf-dist/tex/latex/graphics/keyval.sty
Package: keyval 2014/10/28 v1.15 key=value parser (DPC)
\KV@toks@=\toks14
)
(/usr/share/texlive/texmf-dist/tex/latex/graphics/graphics.sty
Package: graphics 2016/10/09 v1.0u Standard LaTeX Graphics (DPC,SPQR)

(/usr/share/texlive/texmf-dist/tex/latex/graphics/trig.sty
Package: trig 2016/01/03 v1.10 sin cos tan (DPC)
)
(/usr/share/texlive/texmf-dist/tex/latex/graphics-cfg/graphics.cfg
File: graphics.cfg 2016/06/04 v1.11 sample graphics configuration
)
Package graphics Info: Driver file: pdftex.def on input line 99.

(/usr/share/texlive/texmf-dist/tex/latex/graphics-def/pdftex.def
File: pdftex.def 2017/01/12 v0.06k Graphics/color for pdfTeX

(/usr/share/texlive/texmf-dist/tex/generic/oberdiek/infwarerr.sty
Package: infwarerr 2016/05/16 v1.4 Providing info/warning/error messages (HO)
)
(/usr/share/texlive/texmf-dist/tex/generic/oberdiek/ltxcmds.sty
Package: ltxcmds 2016/05/16 v1.23 LaTeX kernel commands for general use (HO)
)
\Gread@gobject=\count87
))
\Gin@req@height=\dimen103
\Gin@req@width=\dimen104
)
(/usr/share/texlive/texmf-dist/tex/latex/geometry/geometry.sty
Package: geometry 2010/09/12 v5.6 Page Geometry

(/usr/share/texlive/texmf-dist/tex/generic/oberdiek/ifpdf.sty
Package: ifpdf 2016/05/14 v3.1 Provides the ifpdf switch
)
(/usr/share/texlive/texmf-dist/tex/generic/oberdiek/ifvtex.sty
Package: ifvtex 2016/05/16 v1.6 Detect VTeX and its facilities (HO)
Package ifvtex Info: VTeX not detected.
)
(/usr/share/texlive/texmf-dist/tex/generic/ifxetex/ifxetex.sty
Package: ifxetex 2010/09/12 v0.6 Provides ifxetex conditional
)
\Gm@cnth=\count88
\Gm@cntv=\count89
\c@Gm@tempcnt=\count90
\Gm@bindingoffset=\dimen105
\Gm@wd@mp=\dimen106
\Gm@odd@mp=\dimen107
\Gm@even@mp=\dimen108
\Gm@layoutwidth=\dimen109
\Gm@layoutheight=\dimen110
\Gm@layouthoffset=\dimen111
\Gm@layoutvoffset=\dimen112
\Gm@dimlist=\toks15
)
No file report.aux.
\openout1 = `report.aux'.

LaTeX Font Info:    Checking defaults for OML/cmm/m/it on input line 7.
LaTeX Font Info:    ... okay on input line 7.
LaTeX Font Info:    Checking defaults for T1/cmr/m/n on input line 7.
LaTeX Font Info:    ... okay on input line 7.
LaTeX Font Info:    Checking defaults for OT1/cmr/m/n on input line 7.
LaTeX Font Info:    ... okay on input line 7.
LaTeX Font Info:    Checking defaults for OMS/cmsy/m/n on input line 7.
LaTeX Font Info:    ... okay on input line 7.
LaTeX Font Info:    Checking defaults for OMX/cmex/m/n on input line 7.
LaTeX Font Info:    ... okay on input line 7.
LaTeX Font Info:    Checking defaults for U/cmr/m/n on input line 7.
LaTeX Font Info:    ... okay on input line 7.
(/usr/share/texlive/texmf-dist/tex/context/base/mkii/supp-pdf.mkii
[Loading MPS to PDF converter (version 2006.09.02).]
\scratchcounter=\count91
\scratchdimen=\dimen113
\scratchbox=\box26
\nofMPsegments=\count92
\nofMParguments=\count93
\everyMPshowfont=\toks16
\MPscratchCnt=\count94
\MPscratchDim=\dimen114
\MPnumerator=\count95
\makeMPintoPDFobject=\count96
\everyMPtoPDFconversion=\toks17
) (/usr/share/texlive/texmf-dist/tex/generic/oberdiek/pdftexcmds.sty
Package: pdftexcmds 2016/05/21 v0.22 Utility functions of pdfTeX for LuaTeX (HO
)

(/usr/share/texlive/texmf-dist/tex/generic/oberdiek/ifluatex.sty
Package: ifluatex 2016/05/16 v1.4 Provides the ifluatex switch (HO)
Package ifluatex Info: LuaTeX not detected.
)
Package pdftexcmds Info: LuaTeX not detected.
Package pdftexcmds Info: \pdf@primitive is available.
Package pdftexcmds Info: \pdf@ifprimitive is available.
Package pdftexcmds Info: \pdfdraftmode found.
)
(/usr/share/texlive/texmf-dist/tex/latex/oberdiek/epstopdf-base.sty
Package: epstopdf-base 2016/05/15 v2.6 Base part for package epstopdf

(/usr/share/texlive/texmf-dist/tex/latex/oberdiek/grfext.sty
Package: grfext 2016/05/16 v1.2 Manage graphics extensions (HO)

(/usr/share/texlive/texmf-dist/tex/generic/oberdiek/kvdefinekeys.sty
Package: kvdefinekeys 2016/05/16 v1.4 Define keys (HO)
))
(/usr/share/texlive/texmf-dist/tex/latex/oberdiek/kvoptions.sty
Package: kvoptions 2016/05/16 v3.12 Key value format for package options (HO)

(/usr/share/texlive/texmf-dist/tex/generic/oberdiek/kvsetkeys.sty
Package: kvsetkeys 2016/05/16 v1.17 Key value parser (HO)

(/usr/share/texlive/texmf-dist/tex/generic/oberdiek/etexcmds.sty
Package: etexcmds 2016/05/16 v1.6 Avoid name clashes with e-TeX commands (HO)
Package etexcmds Info: Could not find \expanded.
(etexcmds)             That can mean that you are not using pdfTeX 1.50 or
(etexcmds)             that some package has redefined \expanded.
(etexcmds)             In the latter case, load this package earlier.
)))
Package epstopdf-base Info: Redefining graphics rule for `.eps' on input line 4
38.
Package grfext Info: Graphics extension search list:
(grfext)             [.png,.pdf,.jpg,.mps,.jpeg,.jbig2,.jb2,.PNG,.PDF,.JPG,.JPE
G,.JBIG2,.JB2,.eps]
(grfext)             \AppendGraphicsExtensions on input line 456.

(/usr/share/texlive/texmf-dist/tex/latex/latexconfig/epstopdf-sys.cfg
File: epstopdf-sys.cfg 2010/07/13 v1.3 Configuration of (r)epstopdf for TeX Liv
e
))
*geometry* driver: auto-detecting
*geometry* detected driver: pdftex
*geometry* verbose mode - [ preamble ] result:
* driver: pdftex
* paper: <default>
* layout: <same size as paper>
* layoutoffset:(h,v)=(0.0pt,0.0pt)
* modes: 
* h-part:(L,W,R)=(2.84526pt, 608.60448pt, 2.84526pt)
* v-part:(T,H,B)=(2.84526pt, 789.27946pt, 2.84526pt)
* \paperwidth=614.295pt
* \paperheight=794.96999pt
* \textwidth=608.60448pt
* \textheight=789.27946pt
* \oddsidemargin=-69.42473pt
* \evensidemargin=-69.42473pt
* \topmargin=-106.42473pt
* \headheight=12.0pt
* \headsep=25.0pt
* \topskip=10.0pt
* \footskip=30.0pt
* \marginparwidth=65.0pt
* \marginparsep=11.0pt
* \columnsep=10.0pt
* \skip\footins=9.0pt plus 4.0pt minus 2.0pt
* \hoffset=0.0pt
* \voffset=0.0pt
* \mag=1000
* \@twocolumnfalse
* \@twosidefalse
* \@mparswitchfalse
* \@reversemarginfalse
* (1in=72.27pt=25.4mm, 1cm=28.453pt)


Overfull \hbox (4.17497pt too wide) in paragraph at lines 34--1015
\OT1/cmr/m/n/10 [ 0.78103309, -0.0326629 , 0.06260634], [ 0.62192502, -0.029078
33, 0.07335581], [ 0.56659259, 0.12351681, 0.10093174], [ 0.77628669, 0.0123866
8,
 []


Overfull \hbox (2.5083pt too wide) in paragraph at lines 34--1015
\OT1/cmr/m/n/10 0.71758033, 0.11590069, -0.08403925], [ 0.60487552, -0.02776085
, -0.0513183 ], [ 0.64059455, 0.01153021, 0.10134932], [ 0.62178956, 0.00585788
,
 []


Overfull \hbox (8.61943pt too wide) in paragraph at lines 34--1015
\OT1/cmr/m/n/10 0.04001139, 0.05403325], [-0.19968047, 0.0732492 , 0.11132294],
 [-0.34092968, -0.07540587, -0.07538915], [-0.17284781, 0.09879072, -0.00387464
],
 []


Overfull \hbox (18.06389pt too wide) in paragraph at lines 34--1015
\OT1/cmr/m/n/10 [-0.34592559, -0.07646089, 0.09406596], [-0.23162209, -0.063589
52, 0.03812001], [-0.18651428, -0.00534417, -0.07779412], [-0.25203042, 0.08040
474,
 []


Overfull \hbox (2.50832pt too wide) in paragraph at lines 34--1015
\OT1/cmr/m/n/10 0.20072142, 0.06961632, 0.07100417], [-0.17594605, -0.0887652 ,
 0.11149292], [-0.31109996, -0.09293555, 0.11205674], [-0.30347051, 0.07461374,

 []


Overfull \hbox (3.06384pt too wide) in paragraph at lines 34--1015
\OT1/cmr/m/n/10 0.36456555, -0.05919438, 0.06104746], [-0.20282694, -0.0538207 
, 0.05515273], [-0.32029901, -0.00062876, 0.01199519], [-0.1727439 , 0.02707736
,
 []


Overfull \hbox (2.50832pt too wide) in paragraph at lines 34--1015
\OT1/cmr/m/n/10 0.19298813, 0.06330634, 0.0173817 ], [-0.29084591, 0.07586933, 
-0.10055455], [-0.28181283, -0.04375046, 0.06416042], [-0.37813729, 0.01513407,

 []


Overfull \hbox (2.50829pt too wide) in paragraph at lines 34--1015
\OT1/cmr/m/n/10 0.00473301, -0.02097594], [ 0.3818883 , 0.05961215, -0.06127684
], [ 0.38537125, 0.0587624 , -0.00686538], [ 0.45927704, 0.00438251, 0.03019704
],
 []


Overfull \hbox (1.95276pt too wide) in paragraph at lines 34--1015
\OT1/cmr/m/n/10 0.00368594, -0.01124706], [ 0.58497547, 0.01124953, 0.07714426]
, [ 0.3600247 , 0.08340657, 0.07841911], [ 0.31413255, 0.08212284, -0.02886233]
,
 []


Overfull \hbox (4.28581pt too wide) in paragraph at lines 34--1015
\OT1/cmr/m/n/10 03, 2.19883745e-02], [ -6.55303366e-01, -4.54486033e-03, -1.348
49541e-01], [ -6.73291793e-01, -1.55769993e-02, -2.58557209e-02], [ -6.97132404
e-
 []


Overfull \hbox (4.28581pt too wide) in paragraph at lines 34--1015
\OT1/cmr/m/n/10 02, -6.90970590e-02], [ -7.14884667e-01, -3.31490160e-02, 1.103
32399e-02], [ -7.30457141e-01, -8.77671312e-02, -8.90673460e-02], [ -8.90001713
e-
 []


Overfull \hbox (20.39706pt too wide) in paragraph at lines 34--1015
\OT1/cmr/m/n/10 02, -1.07213002e-01], [ -1.19868174e+00, 8.55180709e-03, 4.6319
3438e-02], [ -1.26388005e+00, 9.65370649e-02, 1.04528334e-01], [ -1.36699326e+0
0,
 []


Overfull \hbox (14.2859pt too wide) in paragraph at lines 34--1015
\OT1/cmr/m/n/10 01], [ -1.15636867e+00, 1.47494908e-01, -1.07800717e-01], [ -1.
24105856e+00, -4.71021726e-02, 1.49155665e-02], [ -1.42630779e+00, -3.20401000e
-
 []


Overfull \hbox (30.39705pt too wide) in paragraph at lines 34--1015
\OT1/cmr/m/n/10 02, -5.01568346e-02], [ -1.15503993e+00, -3.19685886e-03, -1.04
649205e-01], [ -1.38375273e+00, 1.52910763e-02, -1.27911045e-01], [ -1.38090187
e+00,
 []


Overfull \hbox (14.2859pt too wide) in paragraph at lines 34--1015
\OT1/cmr/m/n/10 01], [ -1.20968401e+00, 2.10008021e-02, -5.34209376e-02], [ -1.
14675026e+00, -1.39043348e-02, -1.52225206e-01], [ -1.42013036e+00, 2.32328463e
-
 []


Overfull \hbox (27.06372pt too wide) in paragraph at lines 34--1015
\OT1/cmr/m/n/10 02, -1.88182056e-01], [ -1.34011542e+00, 5.80544380e-02, -1.592
57287e-01], [ -1.38565862e+00, 1.55188656e-01, -2.09052843e-01], [ -1.37151815e
+00,
 []


Overfull \hbox (23.7304pt too wide) in paragraph at lines 34--1015
\OT1/cmr/m/n/10 02, -3.63164582e-02], [ -1.14778775e+00, 3.95968026e-02, -2.440
52262e-02], [ -1.15644821e+00, 5.16864856e-02, 5.68013220e-02], [ -1.22178995e+
00,
 []


Overfull \hbox (17.61923pt too wide) in paragraph at lines 34--1015
\OT1/cmr/m/n/10 02], [ -1.27233835e+00, 4.26936132e-02, -5.98224345e-02], [ -1.
14407709e+00, -9.16831985e-03, -8.21413472e-02], [ -1.27107003e+00, -2.22419448
e-
 []


Overfull \hbox (27.06372pt too wide) in paragraph at lines 34--1015
\OT1/cmr/m/n/10 02, 1.37354170e-02], [ -1.17756753e+00, 1.19099594e-01, -1.0512
9956e-01], [ -1.36707444e+00, -4.70823030e-02, -2.44157888e-02], [ -1.15808778e
+00,
 []


Overfull \hbox (27.06372pt too wide) in paragraph at lines 34--1015
\OT1/cmr/m/n/10 02, -5.79231603e-03], [ -1.34474351e+00, -3.73634058e-03, -1.08
656785e-02], [ -1.19582551e+00, 3.29921405e-02, 1.73535115e-02], [ -1.16008136e
+00,
 []


Overfull \hbox (4.73056pt too wide) in paragraph at lines 34--1015
\OT1/cmr/m/n/10 0.01604564, 0.03236185], [ 0.17201387, -0.07312742, -0.07715263
], [ 0.26783648, 0.07700793, 0.01866429], [ 0.19683079, 0.04308807, 0.08426846]
,
 []


Overfull \hbox (8.61942pt too wide) in paragraph at lines 34--1015
\OT1/cmr/m/n/10 0.03218718, 0.08041197], [ 0.24988532, 0.07772385, -0.01960325]
, [ 0.34927811, -0.09419996, -0.0606292 ], [ 0.21678477, -0.07956766, 0.0262643
5],
 []


Overfull \hbox (3.0639pt too wide) in paragraph at lines 34--1015
\OT1/cmr/m/n/10 0.05421363], [ 0.17963122, 0.07463986, 0.04590814], [ 0.1575557
4, 0.05350241, 0.07029719], [ 0.15971761, 0.00660527, 0.00684543], [ 0.22708907
,
 []


Overfull \hbox (3.61943pt too wide) in paragraph at lines 34--1015
\OT1/cmr/m/n/10 0.00352963], [ 0.21976514, 0.07680178, -0.05157227], [ 0.374664
3 , 0.06309816, 0.02695162], [ 0.33355145, 0.01003879, 0.08938483], [ 0.3478367
7,
 []


Overfull \hbox (5.1748pt too wide) in paragraph at lines 34--1015
\OT1/cmr/m/n/10 5.72616715e-02], [ -1.15084326e+00, 1.81935461e-01, -1.02822033
e-02], [ -1.09669701e+00, 8.56192962e-02, 9.90511650e-02], [ -1.20240116e+00,
 []


Overfull \hbox (17.06374pt too wide) in paragraph at lines 34--1015
\OT1/cmr/m/n/10 02, 1.73839185e-02], [ -1.11237017e+00, 9.73736891e-03, 7.35877
296e-03], [ -1.39949046e+00, 1.13743838e-01, 1.02491150e-02], [ -1.29798725e+00
,
 []


Overfull \hbox (23.7304pt too wide) in paragraph at lines 34--1015
\OT1/cmr/m/n/10 02, 1.94947349e-02], [ -1.22370739e+00, 2.78133353e-02, -7.0474
0159e-03], [ -1.23842060e+00, 4.02795945e-02, -5.96832838e-03], [ -1.45004691e+
00,
 []


Overfull \hbox (7.61925pt too wide) in paragraph at lines 34--1015
\OT1/cmr/m/n/10 01], [ -1.19918719e+00, 1.00488314e-01, -9.26576098e-02], [ -1.
40678516e+00, 1.43405507e-01, 1.14053656e-02], [ -1.19182605e+00, 7.92134060e-
 []


Overfull \hbox (20.39706pt too wide) in paragraph at lines 34--1015
\OT1/cmr/m/n/10 02, 3.45511430e-02], [ -1.19305229e+00, -1.49357750e-02, 2.9050
7025e-02], [ -1.22038623e+00, 1.76446907e-02, 4.06744508e-02], [ -1.18539731e+0
0,
 []


Overfull \hbox (20.39706pt too wide) in paragraph at lines 34--1015
\OT1/cmr/m/n/10 02, 1.03434471e-01], [ -1.43548153e+00, 5.25699182e-04, 2.97343
587e-03], [ -1.25921931e+00, -8.84362380e-02, 8.14201800e-02], [ -1.47287373e+0
0,
 []


Overfull \hbox (14.2859pt too wide) in paragraph at lines 34--1015
\OT1/cmr/m/n/10 02], [ -1.20570051e+00, -5.60041448e-02, -1.93303000e-02], [ -1
.32242050e+00, 4.42160231e-03, -7.62233408e-02], [ -1.40552922e+00, 5.74859373e
-
 []


Overfull \hbox (27.06372pt too wide) in paragraph at lines 34--1015
\OT1/cmr/m/n/10 02, 1.21147758e-01], [ -1.24454553e+00, -9.71064903e-04, -1.082
94640e-02], [ -1.29882529e+00, -9.98911809e-02, 6.57269688e-02], [ -1.16968622e
+00,
 []


Overfull \hbox (5.1748pt too wide) in paragraph at lines 34--1015
\OT1/cmr/m/n/10 1.12820030e-01], [ -1.19120009e+00, -5.43966108e-02, 4.05057289
e-03], [ -1.00782013e+00, 2.10952339e-02, 1.46298479e-04], [ -1.08323355e+00,
 []


Overfull \hbox (17.61923pt too wide) in paragraph at lines 34--1015
\OT1/cmr/m/n/10 03], [ -1.01731058e+00, -4.55136025e-02, -1.83271305e-02], [ -1
.07611651e+00, 7.35555754e-02, -9.12416904e-02], [ -1.01704465e+00, -2.31839164
e-
 []


Overfull \hbox (33.73038pt too wide) in paragraph at lines 34--1015
\OT1/cmr/m/n/10 02, -1.89610422e-02], [ -1.11334928e+00, -5.50624625e-02, -4.50
439242e-02], [ -1.44939351e+00, -7.80582763e-02, -1.02062912e-01], [ -1.0747191
0e+00,
 []


Overfull \hbox (1.95276pt too wide) in paragraph at lines 34--1015
\OT1/cmr/m/n/10 0.02107749, 0.03744728], [ 0.68572443, -0.0729535 , 0.10913083]
, [ 0.91532017, 0.10255526, 0.05485703], [ 0.84838347, 0.09004997, -0.08560224]
,
 []


Overfull \hbox (5.28609pt too wide) in paragraph at lines 34--1015
\OT1/cmr/m/n/10 0.01566689, -0.01687198], [ 0.70661095, 0.0194549 , 0.06215162]
, [ 0.88936601, -0.09252429, -0.06038972], [ 0.74580429, 0.09164829, 0.05908424
],
 []


Overfull \hbox (14.17502pt too wide) in paragraph at lines 34--1015
\OT1/cmr/m/n/10 0.00430933], [-0.33363426, 0.01681209, -0.04953327], [-0.219868
67, 0.03887179, 0.08940972], [-0.23740587, 0.08999441, -0.06722706], [-0.232419
36,
 []


Overfull \hbox (5.2861pt too wide) in paragraph at lines 34--1015
\OT1/cmr/m/n/10 0.07821503, -0.06812107], [-0.30056711, -0.05282374, 0.07788416
], [-0.23745561, 0.09405125, 0.09188139], [-0.3409062 , 0.01604993, 0.11785653]
,
 []


Overfull \hbox (2.5083pt too wide) in paragraph at lines 34--1015
\OT1/cmr/m/n/10 0.06200901, -0.00294765], [-0.19016029, 0.0222385 , 0.10569093]
, [-0.30467534, 0.09833847, -0.05752101], [-0.3664273 , 0.05883877, 0.00232724]
,
 []


Overfull \hbox (14.73056pt too wide) in paragraph at lines 34--1015
\OT1/cmr/m/n/10 [-0.20663623, -0.05189855, 0.01653126], [-0.21643267, -0.021264
23, 0.07708949], [-0.18300471, 0.02725055, 0.06684339], [-0.27619953, -0.002570
33,
 []


Overfull \hbox (10.84169pt too wide) in paragraph at lines 34--1015
\OT1/cmr/m/n/10 0.02139253], [-0.26894303, -0.07422521, 0.03297262], [-0.285136
42, 0.02795123, 0.03723287], [-0.28033685, 0.10336103, 0.00335947], [-0.3211432
6,
 []


Overfull \hbox (8.61943pt too wide) in paragraph at lines 34--1015
\OT1/cmr/m/n/10 0.02018347, -0.00431354], [-0.29378287, -0.06276705, 0.02411367
], [-0.26963479, -0.0270037 , 0.03697823], [-0.20725392, 0.04119945, 0.00799858
],
 []


Overfull \hbox (5.84163pt too wide) in paragraph at lines 34--1015
\OT1/cmr/m/n/10 [-0.34873296, 0.05900346, 0.02141128], [-0.31386285, -0.0156717
2, 0.10332085], [-0.1759197 , -0.0195908 , 0.00349913], [-0.29105499, 0.0947525
7,
 []


Overfull \hbox (3.61942pt too wide) in paragraph at lines 34--1015
\OT1/cmr/m/n/10 0.06984592], [-0.18106207, -0.0728702 , 0.04278886], [-0.158522
18, -0.09331814, 0.00354257], [-0.15044902, 0.08988971, 0.08631392], [-0.303088
7
 []


Overfull \hbox (13.84166pt too wide) in paragraph at lines 34--1015
\OT1/cmr/m/n/10 , 0.06056389, 0.03883316], [-0.2753208 , 0.00792907, -0.0369112
6], [-0.32965882, -0.07542481, 0.06221948], [-0.15231684, -0.03865548, 0.105915
45],
 []


Overfull \hbox (4.11922pt too wide) in paragraph at lines 34--1015
\OT1/cmr/m/n/10 1.42455413e-01, -2.54781567e-02], [ 6.25047127e-01, 1.96038262e
-02, 5.06507107e-02]]), ar-ray([[ -6.98929484e-01, 5.74581658e-02, -1.25124159e
-
 []


Overfull \hbox (4.28581pt too wide) in paragraph at lines 34--1015
\OT1/cmr/m/n/10 02, 7.97758581e-02], [ -8.72597896e-01, -4.29616666e-02, -6.329
99978e-02], [ -6.84326571e-01, -3.42418924e-02, -9.49901840e-03], [ -7.11057504
e-
 []


Overfull \hbox (4.28581pt too wide) in paragraph at lines 34--1015
\OT1/cmr/m/n/10 03], [ -7.08496562e-01, -1.74194845e-02, -1.05653649e-01], [ -7
.92298740e-01, -1.27950678e-02, -8.88485350e-02], [ -8.11464598e-01, 2.29385477
e-
 []


Overfull \hbox (4.28581pt too wide) in paragraph at lines 34--1015
\OT1/cmr/m/n/10 02, 2.62801466e-03], [ -6.70363566e-01, -4.51124977e-02, -8.341
13474e-02], [ -8.91080155e-01, -2.61340120e-02, -2.19669254e-02], [ -6.74407960
e-
 []


Overfull \hbox (4.28581pt too wide) in paragraph at lines 34--1015
\OT1/cmr/m/n/10 03], [ -6.90735321e-01, -2.62713032e-02, -2.99137314e-02], [ -9
.02409442e-01, -1.01102447e-02, -8.66533148e-02], [ -6.65608867e-01, 6.05050086
e-
 []


Overfull \hbox (0.95248pt too wide) in paragraph at lines 34--1015
\OT1/cmr/m/n/10 02], [ -7.42440569e-01, -1.09215452e-01, 2.50332632e-02], [ -8.
48007994e-01, -5.80073169e-02, 3.37945736e-02], [ -7.03241779e-01, -5.76226489e
-
 []


Overfull \hbox (0.95248pt too wide) in paragraph at lines 34--1015
\OT1/cmr/m/n/10 03, -4.72030505e-02], [ -7.71948200e-01, -6.35732440e-02, 1.238
81952e-02], [ -7.05580423e-01, 7.63472257e-03, -9.55045536e-02], [ -9.24854365e
-
 []


Overfull \hbox (0.95248pt too wide) in paragraph at lines 34--1015
\OT1/cmr/m/n/10 02], [ -7.23978780e-01, -2.27797093e-02, 7.51151723e-02], [ -7.
00171164e-01, -1.05508529e-01, -7.17116770e-03], [ -6.79685715e-01, 4.39289071e
-
 []


Overfull \hbox (4.28581pt too wide) in paragraph at lines 34--1015
\OT1/cmr/m/n/10 02, -1.02950395e-01], [ -6.86788941e-01, 5.75365404e-02, -7.049
87469e-02], [ -6.73485603e-01, -4.86202920e-02, -9.98006990e-02], [ -7.49083460
e-
 []


Overfull \hbox (7.61914pt too wide) in paragraph at lines 34--1015
\OT1/cmr/m/n/10 02, -6.06649785e-02], [ -6.89318640e-01, -9.98109879e-02, -6.01
107523e-02], [ -7.09832145e-01, -3.25249341e-02, -4.98310158e-04], [ -8.9335588
1e-
 []


Overfull \hbox (6.78601pt too wide) in paragraph at lines 34--1015
\OT1/cmr/m/n/10 01], [ -6.83204046e-01, 2.20757147e-02, 6.55173153e-02]]), ar-r
ay([[ 0.29392757, 0.06570632, -0.07947032], [ 0.26027222, 0.04500529, -0.011730
99],
 []


Overfull \hbox (1.95277pt too wide) in paragraph at lines 34--1015
\OT1/cmr/m/n/10 0.31388615, -0.06518119, 0.04942756], [ 0.33695698, 0.04331886,
 -0.00545916], [ 0.15196236, 0.00465304, 0.01837018], [ 0.18710434, 0.05904434,

 []


Overfull \hbox (1.95276pt too wide) in paragraph at lines 34--1015
\OT1/cmr/m/n/10 0.06539838, 0.00756796], [ 0.18849145, 0.08238925, 0.03560086],
 [ 0.21212617, -0.05318796, 0.08851996], [ 0.1819081 , -0.09265747, 0.09701636]
,
 []


Overfull \hbox (5.28609pt too wide) in paragraph at lines 34--1015
\OT1/cmr/m/n/10 0.04991282, -0.07422486], [ 0.2351183 , 0.04903303, 0.00844706]
, [ 0.29864423, 0.00539348, -0.02419654], [ 0.22140559, -0.00452393, 0.04895989
],
 []


Overfull \hbox (3.6194pt too wide) in paragraph at lines 34--1015
\OT1/cmr/m/n/10 0.02493257, -0.05398627], [ 0.38233876, 0.00554954, -0.03126628
], [ 0.26741237, 0.05511401, -0.00173425], [ 0.417191 , 0.07120217, -0.05010967
],
 []


Overfull \hbox (6.95277pt too wide) in paragraph at lines 34--1015
\OT1/cmr/m/n/10 [ 0.27898939, 0.03885185, 0.04454067], [ 0.38223149, 0.10007302
, -0.04116827], [ 0.34280028, -0.01159973, 0.04913105], [ 0.44647653, 0.0232351
4,
 []


Overfull \hbox (5.84163pt too wide) in paragraph at lines 34--1015
\OT1/cmr/m/n/10 [-0.37176451, 0.08256513, -0.03303137], [-0.26242281, 0.0393681
5, 0.04277882], [-0.2535415 , 0.0446163 , -0.02394536], [-0.20946888, 0.0783040
2,
 []


Overfull \hbox (11.95277pt too wide) in paragraph at lines 34--1015
\OT1/cmr/m/n/10 0.27897862, 0.07693155, 0.09232884], [-0.18194216, -0.03016669,
 -0.00789374], [-0.31696722, -0.03913335, 0.11183203], [-0.35805439, -0.0095538
7,
 []


Overfull \hbox (5.84164pt too wide) in paragraph at lines 34--1015
\OT1/cmr/m/n/10 0.20370411, -0.03107797, -0.01116531], [-0.2485179 , -0.0049331
8, 0.02554741], [-0.19146296, 0.07213434, 0.09329152], [-0.36001301, 0.03180291
,
 []


Overfull \hbox (10.84169pt too wide) in paragraph at lines 34--1015
\OT1/cmr/m/n/10 0.04483937], [-0.17446588, -0.01478385, 0.10848071], [-0.338573
17, 0.06258993, 0.07172945], [-0.23455675, 0.04390641, 0.06625442], [-0.2199131
7,
 []


Overfull \hbox (9.17497pt too wide) in paragraph at lines 34--1015
\OT1/cmr/m/n/10 0.26377182, -0.05712579, 0.00935637], [-0.25632792, -0.08044994
, 0.03523006], [-0.2490961 , -0.07421999, 0.09714701], [-0.14126005, -0.0736308
9,
 []


Overfull \hbox (1.95276pt too wide) in paragraph at lines 34--1015
\OT1/cmr/m/n/10 -0.02002403, 0.0747204 ], [ 0.20886769, 0.05421155, -0.00897506
], [ 0.19412621, 0.09155493, 0.01037526], [ 0.17405533, 0.00842188, 0.04544943]
,
 []


Overfull \hbox (3.06383pt too wide) in paragraph at lines 34--1015
\OT1/cmr/m/n/10 0.19393032, -0.04684718, -0.10464188], [ 0.28623734, 0.0668824 
, 0.07154928], [ 0.30638604, -0.05328367, -0.0788656 ], [ 0.15409699, 0.0939366
4,
 []


Overfull \hbox (6.39723pt too wide) in paragraph at lines 34--1015
\OT1/cmr/m/n/10 0.07614543], [ 1.16168085, -0.04956354, 0.03455371], [ 1.075153
01, 0.08423885, 0.12478961], [ 1.08031972, 0.09814394, 0.04425186], [ 1.1125341
8,
 []

[1

{/var/lib/texmf/fonts/map/pdftex/updmap/pdftex.map}] [2] [3] [4] [5]
<control_dpn_all.png, id=19, 1156.32pt x 578.16pt>
File: control_dpn_all.png Graphic file (type png)
 <use control_dpn_all.png>
Package pdftex.def Info: control_dpn_all.png used on input line 1016.
(pdftex.def)             Requested size: 1040.6784pt x 520.33919pt.

Overfull \hbox (432.07393pt too wide) in paragraph at lines 1016--1017
 [] 
 []

[6 <./control_dpn_all.png>] (./report.aux) ) 
Here is how much of TeX's memory you used:
 1942 strings out of 494902
 28066 string characters out of 6179890
 157986 words of memory out of 5000000
 5254 multiletter control sequences out of 15000+600000
 3640 words of font info for 14 fonts, out of 8000000 for 9000
 36 hyphenation exceptions out of 8191
 39i,5n,32p,251b,173s stack positions out of 5000i,500n,10000p,200000b,80000s
</usr/share/texlive/texmf-dist/font
s/type1/public/amsfonts/cm/cmr10.pfb>
Output written on report.pdf (6 pages, 294221 bytes).
PDF statistics:
 30 PDF objects out of 1000 (max. 8388607)
 18 compressed objects within 1 object stream
 0 named destinations out of 1000 (max. 500000)
 6 words of extra memory for PDF output out of 10000 (max. 10000000)

