This is pdfTeX, Version 3.14159265-2.6-1.40.17 (TeX Live 2016/Debian) (preloaded format=pdflatex 2017.10.13)  23 OCT 2017 23:51
entering extended mode
 restricted \write18 enabled.
 %&-line parsing enabled.
**report.tex
(./report.tex
LaTeX2e <2017/01/01> patch level 3
Babel <3.9r> and hyphenation patterns for 5 language(s) loaded.
(/usr/share/texlive/texmf-dist/tex/latex/base/article.cls
Document Class: article 2014/09/29 v1.4h Standard LaTeX document class
(/usr/share/texlive/texmf-dist/tex/latex/base/size10.clo
File: size10.clo 2014/09/29 v1.4h Standard LaTeX file (size option)
)
\c@part=\count79
\c@section=\count80
\c@subsection=\count81
\c@subsubsection=\count82
\c@paragraph=\count83
\c@subparagraph=\count84
\c@figure=\count85
\c@table=\count86
\abovecaptionskip=\skip41
\belowcaptionskip=\skip42
\bibindent=\dimen102
)
(/usr/share/texlive/texmf-dist/tex/latex/graphics/graphicx.sty
Package: graphicx 2014/10/28 v1.0g Enhanced LaTeX Graphics (DPC,SPQR)

(/usr/share/texlive/texmf-dist/tex/latex/graphics/keyval.sty
Package: keyval 2014/10/28 v1.15 key=value parser (DPC)
\KV@toks@=\toks14
)
(/usr/share/texlive/texmf-dist/tex/latex/graphics/graphics.sty
Package: graphics 2016/10/09 v1.0u Standard LaTeX Graphics (DPC,SPQR)

(/usr/share/texlive/texmf-dist/tex/latex/graphics/trig.sty
Package: trig 2016/01/03 v1.10 sin cos tan (DPC)
)
(/usr/share/texlive/texmf-dist/tex/latex/graphics-cfg/graphics.cfg
File: graphics.cfg 2016/06/04 v1.11 sample graphics configuration
)
Package graphics Info: Driver file: pdftex.def on input line 99.

(/usr/share/texlive/texmf-dist/tex/latex/graphics-def/pdftex.def
File: pdftex.def 2017/01/12 v0.06k Graphics/color for pdfTeX

(/usr/share/texlive/texmf-dist/tex/generic/oberdiek/infwarerr.sty
Package: infwarerr 2016/05/16 v1.4 Providing info/warning/error messages (HO)
)
(/usr/share/texlive/texmf-dist/tex/generic/oberdiek/ltxcmds.sty
Package: ltxcmds 2016/05/16 v1.23 LaTeX kernel commands for general use (HO)
)
\Gread@gobject=\count87
))
\Gin@req@height=\dimen103
\Gin@req@width=\dimen104
)
(/usr/share/texlive/texmf-dist/tex/latex/geometry/geometry.sty
Package: geometry 2010/09/12 v5.6 Page Geometry

(/usr/share/texlive/texmf-dist/tex/generic/oberdiek/ifpdf.sty
Package: ifpdf 2016/05/14 v3.1 Provides the ifpdf switch
)
(/usr/share/texlive/texmf-dist/tex/generic/oberdiek/ifvtex.sty
Package: ifvtex 2016/05/16 v1.6 Detect VTeX and its facilities (HO)
Package ifvtex Info: VTeX not detected.
)
(/usr/share/texlive/texmf-dist/tex/generic/ifxetex/ifxetex.sty
Package: ifxetex 2010/09/12 v0.6 Provides ifxetex conditional
)
\Gm@cnth=\count88
\Gm@cntv=\count89
\c@Gm@tempcnt=\count90
\Gm@bindingoffset=\dimen105
\Gm@wd@mp=\dimen106
\Gm@odd@mp=\dimen107
\Gm@even@mp=\dimen108
\Gm@layoutwidth=\dimen109
\Gm@layoutheight=\dimen110
\Gm@layouthoffset=\dimen111
\Gm@layoutvoffset=\dimen112
\Gm@dimlist=\toks15
)
No file report.aux.
\openout1 = `report.aux'.

LaTeX Font Info:    Checking defaults for OML/cmm/m/it on input line 7.
LaTeX Font Info:    ... okay on input line 7.
LaTeX Font Info:    Checking defaults for T1/cmr/m/n on input line 7.
LaTeX Font Info:    ... okay on input line 7.
LaTeX Font Info:    Checking defaults for OT1/cmr/m/n on input line 7.
LaTeX Font Info:    ... okay on input line 7.
LaTeX Font Info:    Checking defaults for OMS/cmsy/m/n on input line 7.
LaTeX Font Info:    ... okay on input line 7.
LaTeX Font Info:    Checking defaults for OMX/cmex/m/n on input line 7.
LaTeX Font Info:    ... okay on input line 7.
LaTeX Font Info:    Checking defaults for U/cmr/m/n on input line 7.
LaTeX Font Info:    ... okay on input line 7.
(/usr/share/texlive/texmf-dist/tex/context/base/mkii/supp-pdf.mkii
[Loading MPS to PDF converter (version 2006.09.02).]
\scratchcounter=\count91
\scratchdimen=\dimen113
\scratchbox=\box26
\nofMPsegments=\count92
\nofMParguments=\count93
\everyMPshowfont=\toks16
\MPscratchCnt=\count94
\MPscratchDim=\dimen114
\MPnumerator=\count95
\makeMPintoPDFobject=\count96
\everyMPtoPDFconversion=\toks17
) (/usr/share/texlive/texmf-dist/tex/generic/oberdiek/pdftexcmds.sty
Package: pdftexcmds 2016/05/21 v0.22 Utility functions of pdfTeX for LuaTeX (HO
)

(/usr/share/texlive/texmf-dist/tex/generic/oberdiek/ifluatex.sty
Package: ifluatex 2016/05/16 v1.4 Provides the ifluatex switch (HO)
Package ifluatex Info: LuaTeX not detected.
)
Package pdftexcmds Info: LuaTeX not detected.
Package pdftexcmds Info: \pdf@primitive is available.
Package pdftexcmds Info: \pdf@ifprimitive is available.
Package pdftexcmds Info: \pdfdraftmode found.
)
(/usr/share/texlive/texmf-dist/tex/latex/oberdiek/epstopdf-base.sty
Package: epstopdf-base 2016/05/15 v2.6 Base part for package epstopdf

(/usr/share/texlive/texmf-dist/tex/latex/oberdiek/grfext.sty
Package: grfext 2016/05/16 v1.2 Manage graphics extensions (HO)

(/usr/share/texlive/texmf-dist/tex/generic/oberdiek/kvdefinekeys.sty
Package: kvdefinekeys 2016/05/16 v1.4 Define keys (HO)
))
(/usr/share/texlive/texmf-dist/tex/latex/oberdiek/kvoptions.sty
Package: kvoptions 2016/05/16 v3.12 Key value format for package options (HO)

(/usr/share/texlive/texmf-dist/tex/generic/oberdiek/kvsetkeys.sty
Package: kvsetkeys 2016/05/16 v1.17 Key value parser (HO)

(/usr/share/texlive/texmf-dist/tex/generic/oberdiek/etexcmds.sty
Package: etexcmds 2016/05/16 v1.6 Avoid name clashes with e-TeX commands (HO)
Package etexcmds Info: Could not find \expanded.
(etexcmds)             That can mean that you are not using pdfTeX 1.50 or
(etexcmds)             that some package has redefined \expanded.
(etexcmds)             In the latter case, load this package earlier.
)))
Package epstopdf-base Info: Redefining graphics rule for `.eps' on input line 4
38.
Package grfext Info: Graphics extension search list:
(grfext)             [.png,.pdf,.jpg,.mps,.jpeg,.jbig2,.jb2,.PNG,.PDF,.JPG,.JPE
G,.JBIG2,.JB2,.eps]
(grfext)             \AppendGraphicsExtensions on input line 456.

(/usr/share/texlive/texmf-dist/tex/latex/latexconfig/epstopdf-sys.cfg
File: epstopdf-sys.cfg 2010/07/13 v1.3 Configuration of (r)epstopdf for TeX Liv
e
))
*geometry* driver: auto-detecting
*geometry* detected driver: pdftex
*geometry* verbose mode - [ preamble ] result:
* driver: pdftex
* paper: <default>
* layout: <same size as paper>
* layoutoffset:(h,v)=(0.0pt,0.0pt)
* modes: 
* h-part:(L,W,R)=(2.84526pt, 608.60448pt, 2.84526pt)
* v-part:(T,H,B)=(2.84526pt, 789.27946pt, 2.84526pt)
* \paperwidth=614.295pt
* \paperheight=794.96999pt
* \textwidth=608.60448pt
* \textheight=789.27946pt
* \oddsidemargin=-69.42473pt
* \evensidemargin=-69.42473pt
* \topmargin=-106.42473pt
* \headheight=12.0pt
* \headsep=25.0pt
* \topskip=10.0pt
* \footskip=30.0pt
* \marginparwidth=65.0pt
* \marginparsep=11.0pt
* \columnsep=10.0pt
* \skip\footins=9.0pt plus 4.0pt minus 2.0pt
* \hoffset=0.0pt
* \voffset=0.0pt
* \mag=1000
* \@twocolumnfalse
* \@twosidefalse
* \@mparswitchfalse
* \@reversemarginfalse
* (1in=72.27pt=25.4mm, 1cm=28.453pt)


Overfull \hbox (8.59152pt too wide) in paragraph at lines 31--277
[]\OT1/cmr/m/n/10 Controlset: [array([[-0.22692636, -0.10714737, -0.22235489], 
[-0.25834866, 0.05207266, -0.34121931], [-0.39102806, -0.04592285, -0.33672063]
,
 []


Overfull \hbox (7.50827pt too wide) in paragraph at lines 31--277
\OT1/cmr/m/n/10 0.07124193, -0.28679287], [-0.16537024, 0.057076 , -0.19423607]
, [-0.28439927, 0.0631166 , -0.30690575], [-0.21237885, -0.03137796, -0.2549037
6],
 []


Overfull \hbox (8.61945pt too wide) in paragraph at lines 31--277
\OT1/cmr/m/n/10 0.22525538, 0.05173444, -0.35967527], [-0.32139475, 0.02524144,
 -0.24917257], [-0.21846107, 0.01468148, -0.29825453], [-0.18674599, 0.13396449
,
 []


Overfull \hbox (18.06389pt too wide) in paragraph at lines 31--277
\OT1/cmr/m/n/10 0.09700345, -0.56985183], [-0.40913873, 0.07485806, -0.37981307
], [-0.34235978, 0.08609168, -0.45287845], [-0.40891372, -0.06806216, -0.401075
15],
 []


Overfull \hbox (18.06389pt too wide) in paragraph at lines 31--277
\OT1/cmr/m/n/10 [-0.52226377, -0.08620989, -0.58868693], [-0.30889702, 0.017996
53, -0.47696152], [-0.50907564, 0.07839349, -0.33890619], [-0.50470661, 0.03167
868,
 []


Overfull \hbox (8.06383pt too wide) in paragraph at lines 31--277
\OT1/cmr/m/n/10 0.33125699, -0.07379445, -0.30496651], [-0.32756838, -0.0052665
6, -0.29602348], [-0.30616977, -0.01583452, -0.32093307], [-0.5074554 , 0.00174
27
 []


Overfull \hbox (9.17496pt too wide) in paragraph at lines 31--277
\OT1/cmr/m/n/10 0.00653443, -0.50626071], [-0.43712482, 0.10186807, -0.4920803 
], [-0.3185503 , 0.02981555, -0.49281372], [-0.49013044, 0.06869689, -0.5568479
9],
 []


Overfull \hbox (18.06389pt too wide) in paragraph at lines 31--277
\OT1/cmr/m/n/10 0.02600928, -0.50854925], [-0.45593621, -0.02094796, -0.4609190
5], [-0.49981459, 0.00339278, -0.65712703], [-0.53233417, 0.08011289, -0.487456
43],
 []


Overfull \hbox (4.73048pt too wide) in paragraph at lines 31--277
\OT1/cmr/m/n/10 [-0.59799744, 0.10331916, -0.66049877], [-0.69323171, 0.0134237
3, -0.4404024 ], [-0.6195505 , -0.02460129, -0.36190384], [-0.57338205, 0.03876
94
 []


Overfull \hbox (0.95248pt too wide) in paragraph at lines 31--277
\OT1/cmr/m/n/10 01], [ -1.61936036e-02, 6.70898146e-02, -1.49501491e-01], [ -8.
32786097e-02, 8.40929934e-02, -4.99327587e-02], [ -1.22541500e-01, -8.47848925e
-
 []


Overfull \hbox (7.61914pt too wide) in paragraph at lines 31--277
\OT1/cmr/m/n/10 02, -1.08534357e-01], [ -9.97144389e-02, -4.11501889e-02, -8.48
114015e-02], [ -1.74399655e-01, -4.49687583e-02, -1.85948397e-01], [ -3.5203679
5e-
 []


Overfull \hbox (4.28581pt too wide) in paragraph at lines 31--277
\OT1/cmr/m/n/10 02, -1.54182419e-01], [ -1.43090183e-01, -1.08021492e-01, -5.48
407809e-03], [ -5.36602519e-02, 2.94940809e-02, -1.01517856e-02], [ -1.04717069
e-
 []


Overfull \hbox (0.95248pt too wide) in paragraph at lines 31--277
\OT1/cmr/m/n/10 02], [ -3.09402362e-03, -9.85129452e-02, -2.00527882e-01], [ -2
.31035292e-02, 8.24259994e-02, -8.45841680e-02], [ -5.62751342e-05, 4.00315791e
-
 []


Overfull \hbox (7.61914pt too wide) in paragraph at lines 31--277
\OT1/cmr/m/n/10 02, -7.52214828e-02], [ -1.36344726e-02, -8.18992880e-02, -4.95
322642e-02], [ -1.23998877e-01, -3.31709256e-02, -1.80345723e-02], [ -6.3028698
8e-
 []


Overfull \hbox (0.95248pt too wide) in paragraph at lines 31--277
\OT1/cmr/m/n/10 02], [ -1.61067123e-01, 4.09289299e-02, -4.95659335e-02], [ -1.
65925968e-01, -8.81050820e-03, -1.01164273e-01], [ -8.31242076e-02, 6.34911591e
-
 []


Overfull \hbox (4.28581pt too wide) in paragraph at lines 31--277
\OT1/cmr/m/n/10 02, -1.94197326e-01], [ -8.18002926e-02, 4.78748634e-02, -1.033
50686e-01], [ -7.01361653e-02, -5.69629608e-02, -1.09810474e-02], [ -1.86048460
e-
 []


Overfull \hbox (0.95248pt too wide) in paragraph at lines 31--277
\OT1/cmr/m/n/10 02], [ -3.47036948e-02, 9.71882516e-03, -7.17907302e-04], [ -2.
61335965e-02, 2.32238672e-02, -1.97864861e-03], [ -2.58262118e-02, -5.01563573e
-
 []


Overfull \hbox (0.95248pt too wide) in paragraph at lines 31--277
\OT1/cmr/m/n/10 02, -1.04922922e-01], [ -5.12728198e-02, 1.55194443e-02, -1.685
46883e-01], [ -1.02296183e-01, 8.66906547e-02, -9.13867260e-02], [ -6.73464180e
-
 []


Overfull \hbox (7.61914pt too wide) in paragraph at lines 31--277
\OT1/cmr/m/n/10 02], [ -2.37598430e-02, -7.16977119e-02, -1.64621089e-01], [ -7
.95494217e-02, -1.93992117e-02, -1.56116610e-01], [ -8.65381584e-02, -2.8829333
0e-
 []


Overfull \hbox (9.17497pt too wide) in paragraph at lines 31--277
\OT1/cmr/m/n/10 0.55484567, 0.03344287, -0.65391179], [-0.56025319, 0.03041527,
 -0.76424422], [-0.57327744, 0.15176069, -0.58344019], [-0.6282424 , -0.0216894
5,
 []


Overfull \hbox (11.95277pt too wide) in paragraph at lines 31--277
\OT1/cmr/m/n/10 0.55599507, 0.03057482, -0.69323618], [-0.78304868, -0.01703674
, -0.82565279], [-0.54926642, 0.08479095, -0.97942785], [-0.68658098, 0.1658798
7,
 []


Overfull \hbox (18.06389pt too wide) in paragraph at lines 31--277
\OT1/cmr/m/n/10 0.01286515, -0.65160672], [-0.63589965, 0.12797553, -0.62907911
], [-0.70210151, 0.07770302, -0.63168405], [-0.68575532, -0.02539819, -0.690869
48],
 []


Overfull \hbox (14.73056pt too wide) in paragraph at lines 31--277
\OT1/cmr/m/n/10 [-0.65673849, 0.02483823, -0.68386117], [-0.66677145, 0.0879338
6, -0.60040153], [-0.74760893, 0.14407562, -0.69384234], [-0.82056005, 0.121609
12,
 []


Overfull \hbox (11.95276pt too wide) in paragraph at lines 31--277
\OT1/cmr/m/n/10 0.00835651, -0.61426207], [-0.70198786, 0.0844335 , -0.50267075
], [-0.62266455, 0.03129808, -0.72544384], [-0.66886942, 0.12527162, -0.5046110
6],
 []

[1

{/var/lib/texmf/fonts/map/pdftex/updmap/pdftex.map}]
<control_dpn_all.png, id=7, 1156.32pt x 578.16pt>
File: control_dpn_all.png Graphic file (type png)
 <use control_dpn_all.png>
Package pdftex.def Info: control_dpn_all.png used on input line 278.
(pdftex.def)             Requested size: 1040.6784pt x 520.33919pt.

Overfull \hbox (432.07393pt too wide) in paragraph at lines 278--279
 [] 
 []

[2 <./control_dpn_all.png>] (./report.aux) ) 
Here is how much of TeX's memory you used:
 1942 strings out of 494902
 28066 string characters out of 6179890
 97651 words of memory out of 5000000
 5254 multiletter control sequences out of 15000+600000
 3640 words of font info for 14 fonts, out of 8000000 for 9000
 36 hyphenation exceptions out of 8191
 39i,5n,32p,251b,173s stack positions out of 5000i,500n,10000p,200000b,80000s
</usr/share/texlive/texmf-dist/font
s/type1/public/amsfonts/cm/cmr10.pfb>
Output written on report.pdf (2 pages, 141986 bytes).
PDF statistics:
 18 PDF objects out of 1000 (max. 8388607)
 10 compressed objects within 1 object stream
 0 named destinations out of 1000 (max. 500000)
 6 words of extra memory for PDF output out of 10000 (max. 10000000)

