This is pdfTeX, Version 3.14159265-2.6-1.40.17 (TeX Live 2016/Debian) (preloaded format=pdflatex 2017.10.13)  14 OCT 2017 22:09
entering extended mode
 restricted \write18 enabled.
 %&-line parsing enabled.
**report.tex
(./report.tex
LaTeX2e <2017/01/01> patch level 3
Babel <3.9r> and hyphenation patterns for 5 language(s) loaded.
(/usr/share/texlive/texmf-dist/tex/latex/base/article.cls
Document Class: article 2014/09/29 v1.4h Standard LaTeX document class
(/usr/share/texlive/texmf-dist/tex/latex/base/size10.clo
File: size10.clo 2014/09/29 v1.4h Standard LaTeX file (size option)
)
\c@part=\count79
\c@section=\count80
\c@subsection=\count81
\c@subsubsection=\count82
\c@paragraph=\count83
\c@subparagraph=\count84
\c@figure=\count85
\c@table=\count86
\abovecaptionskip=\skip41
\belowcaptionskip=\skip42
\bibindent=\dimen102
)
(/usr/share/texlive/texmf-dist/tex/latex/graphics/graphicx.sty
Package: graphicx 2014/10/28 v1.0g Enhanced LaTeX Graphics (DPC,SPQR)

(/usr/share/texlive/texmf-dist/tex/latex/graphics/keyval.sty
Package: keyval 2014/10/28 v1.15 key=value parser (DPC)
\KV@toks@=\toks14
)
(/usr/share/texlive/texmf-dist/tex/latex/graphics/graphics.sty
Package: graphics 2016/10/09 v1.0u Standard LaTeX Graphics (DPC,SPQR)

(/usr/share/texlive/texmf-dist/tex/latex/graphics/trig.sty
Package: trig 2016/01/03 v1.10 sin cos tan (DPC)
)
(/usr/share/texlive/texmf-dist/tex/latex/graphics-cfg/graphics.cfg
File: graphics.cfg 2016/06/04 v1.11 sample graphics configuration
)
Package graphics Info: Driver file: pdftex.def on input line 99.

(/usr/share/texlive/texmf-dist/tex/latex/graphics-def/pdftex.def
File: pdftex.def 2017/01/12 v0.06k Graphics/color for pdfTeX

(/usr/share/texlive/texmf-dist/tex/generic/oberdiek/infwarerr.sty
Package: infwarerr 2016/05/16 v1.4 Providing info/warning/error messages (HO)
)
(/usr/share/texlive/texmf-dist/tex/generic/oberdiek/ltxcmds.sty
Package: ltxcmds 2016/05/16 v1.23 LaTeX kernel commands for general use (HO)
)
\Gread@gobject=\count87
))
\Gin@req@height=\dimen103
\Gin@req@width=\dimen104
)
(/usr/share/texlive/texmf-dist/tex/latex/geometry/geometry.sty
Package: geometry 2010/09/12 v5.6 Page Geometry

(/usr/share/texlive/texmf-dist/tex/generic/oberdiek/ifpdf.sty
Package: ifpdf 2016/05/14 v3.1 Provides the ifpdf switch
)
(/usr/share/texlive/texmf-dist/tex/generic/oberdiek/ifvtex.sty
Package: ifvtex 2016/05/16 v1.6 Detect VTeX and its facilities (HO)
Package ifvtex Info: VTeX not detected.
)
(/usr/share/texlive/texmf-dist/tex/generic/ifxetex/ifxetex.sty
Package: ifxetex 2010/09/12 v0.6 Provides ifxetex conditional
)
\Gm@cnth=\count88
\Gm@cntv=\count89
\c@Gm@tempcnt=\count90
\Gm@bindingoffset=\dimen105
\Gm@wd@mp=\dimen106
\Gm@odd@mp=\dimen107
\Gm@even@mp=\dimen108
\Gm@layoutwidth=\dimen109
\Gm@layoutheight=\dimen110
\Gm@layouthoffset=\dimen111
\Gm@layoutvoffset=\dimen112
\Gm@dimlist=\toks15
)
No file report.aux.
\openout1 = `report.aux'.

LaTeX Font Info:    Checking defaults for OML/cmm/m/it on input line 7.
LaTeX Font Info:    ... okay on input line 7.
LaTeX Font Info:    Checking defaults for T1/cmr/m/n on input line 7.
LaTeX Font Info:    ... okay on input line 7.
LaTeX Font Info:    Checking defaults for OT1/cmr/m/n on input line 7.
LaTeX Font Info:    ... okay on input line 7.
LaTeX Font Info:    Checking defaults for OMS/cmsy/m/n on input line 7.
LaTeX Font Info:    ... okay on input line 7.
LaTeX Font Info:    Checking defaults for OMX/cmex/m/n on input line 7.
LaTeX Font Info:    ... okay on input line 7.
LaTeX Font Info:    Checking defaults for U/cmr/m/n on input line 7.
LaTeX Font Info:    ... okay on input line 7.
(/usr/share/texlive/texmf-dist/tex/context/base/mkii/supp-pdf.mkii
[Loading MPS to PDF converter (version 2006.09.02).]
\scratchcounter=\count91
\scratchdimen=\dimen113
\scratchbox=\box26
\nofMPsegments=\count92
\nofMParguments=\count93
\everyMPshowfont=\toks16
\MPscratchCnt=\count94
\MPscratchDim=\dimen114
\MPnumerator=\count95
\makeMPintoPDFobject=\count96
\everyMPtoPDFconversion=\toks17
) (/usr/share/texlive/texmf-dist/tex/generic/oberdiek/pdftexcmds.sty
Package: pdftexcmds 2016/05/21 v0.22 Utility functions of pdfTeX for LuaTeX (HO
)

(/usr/share/texlive/texmf-dist/tex/generic/oberdiek/ifluatex.sty
Package: ifluatex 2016/05/16 v1.4 Provides the ifluatex switch (HO)
Package ifluatex Info: LuaTeX not detected.
)
Package pdftexcmds Info: LuaTeX not detected.
Package pdftexcmds Info: \pdf@primitive is available.
Package pdftexcmds Info: \pdf@ifprimitive is available.
Package pdftexcmds Info: \pdfdraftmode found.
)
(/usr/share/texlive/texmf-dist/tex/latex/oberdiek/epstopdf-base.sty
Package: epstopdf-base 2016/05/15 v2.6 Base part for package epstopdf

(/usr/share/texlive/texmf-dist/tex/latex/oberdiek/grfext.sty
Package: grfext 2016/05/16 v1.2 Manage graphics extensions (HO)

(/usr/share/texlive/texmf-dist/tex/generic/oberdiek/kvdefinekeys.sty
Package: kvdefinekeys 2016/05/16 v1.4 Define keys (HO)
))
(/usr/share/texlive/texmf-dist/tex/latex/oberdiek/kvoptions.sty
Package: kvoptions 2016/05/16 v3.12 Key value format for package options (HO)

(/usr/share/texlive/texmf-dist/tex/generic/oberdiek/kvsetkeys.sty
Package: kvsetkeys 2016/05/16 v1.17 Key value parser (HO)

(/usr/share/texlive/texmf-dist/tex/generic/oberdiek/etexcmds.sty
Package: etexcmds 2016/05/16 v1.6 Avoid name clashes with e-TeX commands (HO)
Package etexcmds Info: Could not find \expanded.
(etexcmds)             That can mean that you are not using pdfTeX 1.50 or
(etexcmds)             that some package has redefined \expanded.
(etexcmds)             In the latter case, load this package earlier.
)))
Package epstopdf-base Info: Redefining graphics rule for `.eps' on input line 4
38.
Package grfext Info: Graphics extension search list:
(grfext)             [.png,.pdf,.jpg,.mps,.jpeg,.jbig2,.jb2,.PNG,.PDF,.JPG,.JPE
G,.JBIG2,.JB2,.eps]
(grfext)             \AppendGraphicsExtensions on input line 456.

(/usr/share/texlive/texmf-dist/tex/latex/latexconfig/epstopdf-sys.cfg
File: epstopdf-sys.cfg 2010/07/13 v1.3 Configuration of (r)epstopdf for TeX Liv
e
))
*geometry* driver: auto-detecting
*geometry* detected driver: pdftex
*geometry* verbose mode - [ preamble ] result:
* driver: pdftex
* paper: <default>
* layout: <same size as paper>
* layoutoffset:(h,v)=(0.0pt,0.0pt)
* modes: 
* h-part:(L,W,R)=(2.84526pt, 608.60448pt, 2.84526pt)
* v-part:(T,H,B)=(2.84526pt, 789.27946pt, 2.84526pt)
* \paperwidth=614.295pt
* \paperheight=794.96999pt
* \textwidth=608.60448pt
* \textheight=789.27946pt
* \oddsidemargin=-69.42473pt
* \evensidemargin=-69.42473pt
* \topmargin=-106.42473pt
* \headheight=12.0pt
* \headsep=25.0pt
* \topskip=10.0pt
* \footskip=30.0pt
* \marginparwidth=65.0pt
* \marginparsep=11.0pt
* \columnsep=10.0pt
* \skip\footins=9.0pt plus 4.0pt minus 2.0pt
* \hoffset=0.0pt
* \voffset=0.0pt
* \mag=1000
* \@twocolumnfalse
* \@twosidefalse
* \@mparswitchfalse
* \@reversemarginfalse
* (1in=72.27pt=25.4mm, 1cm=28.453pt)


Overfull \hbox (7.84161pt too wide) in paragraph at lines 29--529
\OT1/cmr/m/n/10 [-0.17715122], [-0.24775239], [-0.36146519], [-0.17193271], [-0
.26984434], [-0.20072259], [-0.26335145], [-0.35964234], [-0.18504054], [-0.206
03478],
 []


Overfull \hbox (7.84161pt too wide) in paragraph at lines 29--529
\OT1/cmr/m/n/10 [-0.18211854], [-0.31641334], [-0.24279156], [-0.36469286], [-0
.20235664], [-0.23199998], [-0.33200914], [-0.18126588], [-0.17848566], [-0.348
34227],
 []


Overfull \hbox (2.28601pt too wide) in paragraph at lines 29--529
\OT1/cmr/m/n/10 [-0.35656559], [-0.2410275 ], [-0.21205441], [-0.27844448], [-0
.2033799 ], [-0.30815907], [-0.22105663], [-0.21595682], [-0.24027416], [-0.329
24773],
 []


Overfull \hbox (7.50822pt too wide) in paragraph at lines 29--529
\OT1/cmr/m/n/10 ], [-0.1858526 ], [-0.33805129], [-0.27666168], [-0.24948363], 
[-0.2028234 ], [-0.2011992 ], [-0.23881381], [-0.24633027], [-0.19053696], [-0.
21896154],
 []


Overfull \hbox (7.84161pt too wide) in paragraph at lines 29--529
\OT1/cmr/m/n/10 [-0.17793905], [-0.35167281], [-0.26168687], [-0.17312124], [-0
.20153466], [-0.18130337], [-0.29506051], [-0.19870952], [-0.30978452], [-0.219
08321],
 []


Overfull \hbox (5.06381pt too wide) in paragraph at lines 29--529
\OT1/cmr/m/n/10 [-0.29994109], [-0.24163176], [-0.1910222 ], [-0.27897656], [-0
.20990227], [-0.24071529], [-0.17898969], [-0.20588024], [-0.20642572], [-0.264
34915],
 []


Overfull \hbox (2.28601pt too wide) in paragraph at lines 29--529
\OT1/cmr/m/n/10 [-0.22068843], [-0.35667284], [-0.3420551 ], [-0.17813386], [-0
.34836498], [-0.17732906], [-0.19961825], [-0.20981611], [-0.1955741 ], [-0.328
03119],
 []


Overfull \hbox (7.84161pt too wide) in paragraph at lines 29--529
\OT1/cmr/m/n/10 [-0.19146523], [-0.19872274], [-0.21865117], [-0.22826443], [-0
.23003332], [-0.23886174], [-0.18912331], [-0.28895597], [-0.35165663], [-0.174
15573],
 []


Overfull \hbox (5.06381pt too wide) in paragraph at lines 29--529
\OT1/cmr/m/n/10 [-0.23535525], [-0.19526608], [-0.20346046], [-0.21861393], [-0
.33064501], [-0.29516244], [-0.23949373], [-0.21675018], [-0.1893551 ], [-0.276
22026],
 []


Overfull \hbox (7.84161pt too wide) in paragraph at lines 29--529
\OT1/cmr/m/n/10 [-0.25310201], [-0.18138712], [-0.18814213], [-0.33838614], [-0
.32268039], [-0.20668621], [-0.21562005], [-0.17172281], [-0.19619338], [-0.190
56128],
 []


Overfull \hbox (5.06381pt too wide) in paragraph at lines 29--529
\OT1/cmr/m/n/10 [-0.30247978], [-0.22115495], [-0.20897038], [-0.36944888], [-0
.22176215], [-0.2379454 ], [-0.26700585], [-0.28915256], [-0.18015233], [-0.360
87197],
 []


Overfull \hbox (5.06381pt too wide) in paragraph at lines 29--529
\OT1/cmr/m/n/10 [-0.27436568], [-0.28536671], [-0.17447972], [-0.36517253], [-0
.23558567], [-0.27414148], [-0.20181767], [-0.2022159 ], [-0.20330062], [-0.181
18359],
 []


Overfull \hbox (7.84161pt too wide) in paragraph at lines 29--529
\OT1/cmr/m/n/10 [-0.17566616], [-0.34576381], [-0.33536404], [-0.35911769], [-0
.17790917], [-0.17194565], [-0.25905052], [-0.35120682], [-0.33211737], [-0.182
45448],
 []


Overfull \hbox (7.84161pt too wide) in paragraph at lines 29--529
\OT1/cmr/m/n/10 [-0.19291051], [-0.32998936], [-0.33190963], [-0.29889455], [-0
.28383754], [-0.27171484], [-0.19164013], [-0.29776492], [-0.33877202], [-0.335
30733],
 []


Overfull \hbox (7.84161pt too wide) in paragraph at lines 29--529
\OT1/cmr/m/n/10 [-0.26408847], [-0.30082391], [-0.18785749], [-0.21106783], [-0
.28437088], [-0.17036133], [-0.24664436], [-0.18091481], [-0.28488212], [-0.277
50277],
 []


Overfull \hbox (13.06383pt too wide) in paragraph at lines 29--529
\OT1/cmr/m/n/10 ], [-0.19229844], [-0.19868721], [-0.18770556], [-0.36430402], 
[-0.1755389 ], [-0.32161799], [-0.36192641], [-0.17223951], [-0.31527512], [-0.
18719456],
 []


Overfull \hbox (5.06381pt too wide) in paragraph at lines 29--529
\OT1/cmr/m/n/10 [-0.36644121], [-0.36007082], [-0.34866205], [-0.20822971], [-0
.29734871], [-0.24464702], [-0.1738413 ], [-0.30928425], [-0.30038119], [-0.227
05841],
 []


Overfull \hbox (7.84161pt too wide) in paragraph at lines 29--529
\OT1/cmr/m/n/10 [-0.28766548], [-0.22083378], [-0.23740264], [-0.27101237], [-0
.36655635], [-0.19525238], [-0.18141029], [-0.26331055], [-0.23283247], [-0.352
04419],
 []


Overfull \hbox (7.84161pt too wide) in paragraph at lines 29--529
\OT1/cmr/m/n/10 [-0.17277786], [-0.20425226], [-0.26815973], [-0.22227455], [-0
.29683668], [-0.17136481], [-0.24964181], [-0.34448522], [-0.17202329], [-0.180
71793],
 []


Overfull \hbox (7.84161pt too wide) in paragraph at lines 29--529
\OT1/cmr/m/n/10 [-0.18565217], [-0.36880744], [-0.20702673], [-0.21710496], [-0
.27049792], [-0.34474754], [-0.32656003], [-0.20597083], [-0.35645248], [-0.351
67161],
 []


Overfull \hbox (5.06381pt too wide) in paragraph at lines 29--529
\OT1/cmr/m/n/10 [-0.23543606], [-0.22089615], [-0.36546394], [-0.21960262], [-0
.33467168], [-0.33612464], [-0.2030205 ], [-0.27725948], [-0.19252908], [-0.174
86159],
 []


Overfull \hbox (2.50824pt too wide) in paragraph at lines 29--529
\OT1/cmr/m/n/10 ], [-0.32715926], [-0.25564541], [-0.20471555], [-0.30592787], 
[-0.28494795], [-0.24255234], [-0.18186111], [-0.2738887 ], [-0.18564922], [-0.
3040004
 []


Overfull \hbox (15.84163pt too wide) in paragraph at lines 29--529
\OT1/cmr/m/n/10 ], [-0.20343205], [-0.18217342], [-0.34190207], [-0.20061171], 
[-0.26123383], [-0.21544217], [-0.20171315], [-0.25760275], [-0.24303403], [-0.
31161637],
 []


Overfull \hbox (2.28601pt too wide) in paragraph at lines 29--529
\OT1/cmr/m/n/10 [-0.34282711], [-0.34543294], [-0.3503705 ], [-0.22404996], [-0
.1786795 ], [-0.33227323], [-0.22234468], [-0.34917531], [-0.20877904], [-0.298
20445],
 []


Overfull \hbox (7.84161pt too wide) in paragraph at lines 29--529
\OT1/cmr/m/n/10 [-0.32917778], [-0.29894915], [-0.26107551], [-0.19278815], [-0
.19312703], [-0.35438263], [-0.19686918], [-0.21942051], [-0.30704122], [-0.172
51233],
 []


Overfull \hbox (7.84161pt too wide) in paragraph at lines 29--529
\OT1/cmr/m/n/10 [-0.17756368], [-0.34284618], [-0.19256204], [-0.34806972], [-0
.26748679], [-0.17314693], [-0.23668832], [-0.25982969], [-0.27649312], [-0.179
75725],
 []


Overfull \hbox (7.84161pt too wide) in paragraph at lines 29--529
\OT1/cmr/m/n/10 [-0.19033257], [-0.18716118], [-0.20702641], [-0.29933807], [-0
.30306618], [-0.22995259], [-0.24368167], [-0.32314913], [-0.31202903], [-0.361
47682],
 []


Overfull \hbox (5.06381pt too wide) in paragraph at lines 29--529
\OT1/cmr/m/n/10 [-0.21219786], [-0.24804734], [-0.17453687], [-0.30741233], [-0
.2489765 ], [-0.23554363], [-0.17303833], [-0.34090782], [-0.25680216], [-0.217
13414],
 []


Overfull \hbox (5.06381pt too wide) in paragraph at lines 29--529
\OT1/cmr/m/n/10 [-0.21134666], [-0.19323685], [-0.3367818 ], [-0.34898108], [-0
.35443844], [-0.24900056], [-0.17970637], [-0.22141347], [-0.21532556], [-0.182
45514],
 []


Overfull \hbox (1.7305pt too wide) in paragraph at lines 29--529
\OT1/cmr/m/n/10 0.36395347], [-0.17288632], [-0.22097152], [-0.33129232], [-0.1
7922119], [-0.17465795], [-0.18754686], [-0.20543438], [-0.24277022], [-0.20625
785],
 []


Overfull \hbox (5.06381pt too wide) in paragraph at lines 29--529
\OT1/cmr/m/n/10 [-0.29604128], [-0.2157807 ], [-0.20272158], [-0.18336839], [-0
.25008625], [-0.18652562], [-0.31295122], [-0.20437964], [-0.18746697], [-0.222
42069],
 []


Overfull \hbox (2.28601pt too wide) in paragraph at lines 29--529
\OT1/cmr/m/n/10 [-0.20015001], [-0.17865467], [-0.26112109], [-0.23457411], [-0
.36014157], [-0.22335047], [-0.29290408], [-0.1998242 ], [-0.3463939 ], [-0.199
93416],
 []


Overfull \hbox (7.84161pt too wide) in paragraph at lines 29--529
\OT1/cmr/m/n/10 [-0.17798274], [-0.28277422], [-0.19560552], [-0.18716315], [-0
.18263773], [-0.27786134], [-0.30367879], [-0.17598868], [-0.19951276], [-0.333
19598],
 []


Overfull \hbox (7.84161pt too wide) in paragraph at lines 29--529
\OT1/cmr/m/n/10 [-0.30541595], [-0.22295316], [-0.21567888], [-0.21246899], [-0
.25444398], [-0.25699276], [-0.26064757], [-0.22262084], [-0.31652458], [-0.170
66523],
 []


Overfull \hbox (7.84161pt too wide) in paragraph at lines 29--529
\OT1/cmr/m/n/10 [-0.18238795], [-0.18593857], [-0.21314065], [-0.19132957], [-0
.33578177], [-0.18517086], [-0.28048666], [-0.18003748], [-0.29148936], [-0.365
44461],
 []


Overfull \hbox (5.06381pt too wide) in paragraph at lines 29--529
\OT1/cmr/m/n/10 [-0.18240458], [-0.19950327], [-0.30125643], [-0.30533667], [-0
.17589318], [-0.17952906], [-0.22298347], [-0.35398061], [-0.1812997 ], [-0.217
27778],
 []


Overfull \hbox (5.06381pt too wide) in paragraph at lines 29--529
\OT1/cmr/m/n/10 [-0.19108832], [-0.21377525], [-0.3429342 ], [-0.18687447], [-0
.17909353], [-0.35373924], [-0.28945949], [-0.27722824], [-0.21838993], [-0.306
35501],
 []

<control_fid_0.png, id=1, 462.528pt x 346.896pt>
File: control_fid_0.png Graphic file (type png)
 <use control_fid_0.png>
Package pdftex.def Info: control_fid_0.png used on input line 530.
(pdftex.def)             Requested size: 416.27133pt x 312.2035pt.

<off_diag_0.png, id=3, 462.528pt x 346.896pt>
File: off_diag_0.png Graphic file (type png)
 <use off_diag_0.png>
Package pdftex.def Info: off_diag_0.png used on input line 531.
(pdftex.def)             Requested size: 416.27133pt x 312.2035pt.

<control_fid_1.png, id=4, 462.528pt x 346.896pt>
File: control_fid_1.png Graphic file (type png)
 <use control_fid_1.png>
Package pdftex.def Info: control_fid_1.png used on input line 532.
(pdftex.def)             Requested size: 416.27133pt x 312.2035pt.

<off_diag_1.png, id=5, 462.528pt x 346.896pt>
File: off_diag_1.png Graphic file (type png)
 <use off_diag_1.png>
Package pdftex.def Info: off_diag_1.png used on input line 533.
(pdftex.def)             Requested size: 416.27133pt x 312.2035pt.
 [1

{/var/lib/texmf/fonts/map/pdftex/updmap/pdftex.map}] [2 <./control_fid_0.png> <
./off_diag_0.png>] [3 <./control_fid_1.png> <./off_diag_1.png>] (./report.aux) 
) 
Here is how much of TeX's memory you used:
 1957 strings out of 494902
 28338 string characters out of 6179890
 94651 words of memory out of 5000000
 5266 multiletter control sequences out of 15000+600000
 3640 words of font info for 14 fonts, out of 8000000 for 9000
 36 hyphenation exceptions out of 8191
 39i,5n,32p,251b,176s stack positions out of 5000i,500n,10000p,200000b,80000s
</usr/share/texlive/texmf-dist/fonts/type1/public/amsfonts/cm/cmr10.pfb>
Output written on report.pdf (3 pages, 125268 bytes).
PDF statistics:
 27 PDF objects out of 1000 (max. 8388607)
 12 compressed objects within 1 object stream
 0 named destinations out of 1000 (max. 500000)
 21 words of extra memory for PDF output out of 10000 (max. 10000000)

